<?xml version="1.0" encoding="UTF-8"?>
<testsuite xmlns:xsi="http://www.w3.org/2001/XMLSchema-instance" xsi:noNamespaceSchemaLocation="https://maven.apache.org/surefire/maven-failsafe-plugin/xsd/failsafe-test-report-3.0.xsd" version="3.0" name="CucumberTestSuite" time="115.808" tests="13" errors="5" skipped="0" failures="0">
  <properties>
[...]
</properties>
  <testcase name="Home detail product" classname="Home" time="18.333">
    <system-out><![CDATA[20:23:28.928 [main] INFO io.cucumber.core.plugin.SerenityReporter - Running feature from file:///C:/Users/alwi/IdeaProjects/AltaShop/src/test/resources/features/Category.feature
20:23:29.152 [main] INFO  - 

-------------------------------------------------------------------------------------
     _______. _______ .______       _______ .__   __.  __  .___________.____    ____ 
    /       ||   ____||   _  \     |   ____||  \ |  | |  | |           |\   \  /   / 
   |   (----`|  |__   |  |_)  |    |  |__   |   \|  | |  | `---|  |----` \   \/   /  
    \   \    |   __|  |      /     |   __|  |  . `  | |  |     |  |       \_    _/   
.----)   |   |  |____ |  |\  \----.|  |____ |  |\   | |  |     |  |         |  |     
|_______/    |_______|| _| `._____||_______||__| \__| |__|     |__|         |__|    
                                                                                     
 News and tutorials at http://www.serenity-bdd.info                                  
 Documentation at https://wakaleo.gitbooks.io/the-serenity-book/content/             
 Join the Serenity Community on Gitter: https://gitter.im/serenity-bdd/serenity-core 
 Serenity BDD Support and Training at http://serenity-bdd.info/#/trainingandsupport  
-------------------------------------------------------------------------------------

20:23:29.155 [main] DEBUG net.thucydides.core.steps.StepEventBus - Test suite started for story net.thucydides.core.model.Story@d99e90e8
20:23:29.159 [main] INFO  - Test Suite Started: Category
20:23:29.177 [main] INFO io.cucumber.core.plugin.SerenityReporter - Running feature from file:///C:/Users/alwi/IdeaProjects/AltaShop/src/test/resources/features/Home.feature
20:23:29.183 [main] DEBUG net.thucydides.core.steps.StepEventBus - Test suite started for story net.thucydides.core.model.Story@b16b2c08
20:23:29.184 [main] INFO  - Test Suite Started: Home
20:23:29.185 [main] INFO io.cucumber.core.plugin.SerenityReporter - Running feature from file:///C:/Users/alwi/IdeaProjects/AltaShop/src/test/resources/features/Login.feature
20:23:29.194 [main] DEBUG net.thucydides.core.steps.StepEventBus - Test suite started for story net.thucydides.core.model.Story@23282f08
20:23:29.195 [main] INFO  - Test Suite Started: Login
20:23:29.195 [main] INFO io.cucumber.core.plugin.SerenityReporter - Running feature from file:///C:/Users/alwi/IdeaProjects/AltaShop/src/test/resources/features/Logout.feature
20:23:29.201 [main] DEBUG net.thucydides.core.steps.StepEventBus - Test suite started for story net.thucydides.core.model.Story@7960de68
20:23:29.202 [main] INFO  - Test Suite Started: Logout
20:23:29.202 [main] INFO io.cucumber.core.plugin.SerenityReporter - Running feature from file:///C:/Users/alwi/IdeaProjects/AltaShop/src/test/resources/features/Order.feature
20:23:29.208 [main] DEBUG net.thucydides.core.steps.StepEventBus - Test suite started for story net.thucydides.core.model.Story@cc4b76a8
20:23:29.208 [main] INFO  - Test Suite Started: Order
20:23:29.209 [main] INFO io.cucumber.core.plugin.SerenityReporter - Running feature from file:///C:/Users/alwi/IdeaProjects/AltaShop/src/test/resources/features/Register.feature
20:23:29.216 [main] DEBUG net.thucydides.core.steps.StepEventBus - Test suite started for story net.thucydides.core.model.Story@30e75088
20:23:29.216 [main] INFO  - Test Suite Started: Register
20:23:29.217 [main] INFO io.cucumber.core.plugin.SerenityReporter - Running feature from file:///C:/Users/alwi/IdeaProjects/AltaShop/src/test/resources/features/Home.feature
20:23:29.221 [main] DEBUG net.thucydides.core.steps.StepEventBus - Test suite started for story net.thucydides.core.model.Story@b16b2c08
20:23:29.221 [main] INFO  - Test Suite Started: Home

Scenario: Home detail product &amp#27;[90m# src/test/resources/features/Home.feature:6&amp#27;[0m
20:23:29.333 [main] INFO io.cucumber.core.plugin.SerenityReporter - Running feature from file:///C:/Users/alwi/IdeaProjects/AltaShop/src/test/resources/features/Home.feature
20:23:29.477 [main] INFO  - 
  _____   ___   ___   _____     ___   _____     _     ___   _____   ___   ___  
 |_   _| | __| / __| |_   _|   / __| |_   _|   /_\   | _ \ |_   _| | __| |   \ 
   | |   | _|  \__ \   | |     \__ \   | |    / _ \  |   /   | |   | _|  | |) |
   |_|   |___| |___/   |_|     |___/   |_|   /_/ \_\ |_|_\   |_|   |___| |___/ 

Home detail product(home;home-detail-product)
--------------------------------------------------------------------------------
20:23:30.426 [main] INFO net.serenitybdd.core.webdriver.driverproviders.ChromeDriverProvider - Using automatically driver download
20:23:31.257 [main] DEBUG io.github.bonigarcia.wdm.cache.ResolutionCache - Resolution chrome=106 in cache (valid until 20:56:42 26/10/2022 ICT)
20:23:31.265 [main] DEBUG io.github.bonigarcia.wdm.cache.ResolutionCache - Resolution chrome106=106.0.5249.61 in cache (valid until 22:47:25 26/10/2022 WIB)
20:23:31.268 [main] INFO io.github.bonigarcia.wdm.WebDriverManager - Using chromedriver 106.0.5249.61 (resolved driver for Chrome 106)
20:23:31.293 [main] DEBUG io.github.bonigarcia.wdm.WebDriverManager - Driver chromedriver 106.0.5249.61 found in cache
20:23:31.295 [main] INFO io.github.bonigarcia.wdm.WebDriverManager - Exporting webdriver.chrome.driver as C:\Users\alwi\.cache\selenium\chromedriver\win32\106.0.5249.61\chromedriver.exe
20:23:32.073 [main] DEBUG net.thucydides.core.reflection.ClassFinder - Could not load class .CucumberTestSuite
20:23:32.074 [main] DEBUG net.thucydides.core.reflection.ClassFinder - Could not load class .starter.pages.CategoryPage
20:23:32.074 [main] DEBUG net.thucydides.core.reflection.ClassFinder - Could not load class .starter.pages.HomePage
20:23:32.074 [main] DEBUG net.thucydides.core.reflection.ClassFinder - Could not load class .starter.pages.LoginPage
20:23:32.074 [main] DEBUG net.thucydides.core.reflection.ClassFinder - Could not load class .starter.pages.LogoutPage
20:23:32.074 [main] DEBUG net.thucydides.core.reflection.ClassFinder - Could not load class .starter.pages.OrderPage
20:23:32.074 [main] DEBUG net.thucydides.core.reflection.ClassFinder - Could not load class .starter.pages.RegisterPage
20:23:32.074 [main] DEBUG net.thucydides.core.reflection.ClassFinder - Could not load class .starter.stepdefinitions.CategoryStep
20:23:32.074 [main] DEBUG net.thucydides.core.reflection.ClassFinder - Could not load class .starter.stepdefinitions.HomeStep
20:23:32.074 [main] DEBUG net.thucydides.core.reflection.ClassFinder - Could not load class .starter.stepdefinitions.LoginStep
20:23:32.075 [main] DEBUG net.thucydides.core.reflection.ClassFinder - Could not load class .starter.stepdefinitions.LogoutStep
20:23:32.075 [main] DEBUG net.thucydides.core.reflection.ClassFinder - Could not load class .starter.stepdefinitions.OrderStep
20:23:32.075 [main] DEBUG net.thucydides.core.reflection.ClassFinder - Could not load class .starter.stepdefinitions.RegisterStep
20:23:32.075 [main] DEBUG net.thucydides.core.reflection.ClassFinder - Could not load class .starter.utils.GeneratedString
20:23:32.076 [main] DEBUG net.thucydides.core.reflection.ClassFinder - Could not load class META-INF.versions.9.com.sun.istack.logging.StackHelper
20:23:32.076 [main] DEBUG net.thucydides.core.reflection.ClassFinder - Could not load class META-INF.versions.9.com.sun.xml.bind.v2.runtime.reflect.opt.AccessorInjector
20:23:32.077 [main] DEBUG net.thucydides.core.reflection.ClassFinder - Could not load class META-INF.versions.9.com.sun.xml.bind.v2.runtime.reflect.opt.Injector
20:23:32.077 [main] DEBUG net.thucydides.core.reflection.ClassFinder - Could not load class META-INF.versions.9.com.sun.xml.bind.v2.runtime.reflect.opt.OptimizedAccessorFactory
20:23:32.078 [main] DEBUG net.thucydides.core.reflection.ClassFinder - Could not load class META-INF.versions.9.com.sun.xml.bind.v2.runtime.reflect.opt.OptimizedTransducedAccessorFactory
20:23:32.078 [main] DEBUG net.thucydides.core.reflection.ClassFinder - Could not load class META-INF.versions.9.io.opentelemetry.sdk.internal.CurrentJavaVersionSpecific
20:23:32.079 [main] DEBUG net.thucydides.core.reflection.ClassFinder - Could not load class META-INF.versions.9.io.opentelemetry.sdk.internal.Java9VersionSpecific
20:23:32.079 [main] DEBUG net.thucydides.core.reflection.ClassFinder - Could not load class META-INF.versions.9.javax.xml.bind.ModuleUtil
20:23:32.080 [main] DEBUG net.thucydides.core.reflection.ClassFinder - Could not load class META-INF.versions.9.module-info
20:23:32.080 [main] DEBUG net.thucydides.core.reflection.ClassFinder - Could not load class META-INF.versions.9.org.junit.platform.commons.util.ModuleUtils
20:23:32.496 [main] DEBUG net.thucydides.core.reflection.ClassFinder - Could not load class com.google.gson.internal.
20:23:32.719 [main] DEBUG net.thucydides.core.reflection.ClassFinder - Could not load class com.sun.xml.bind.v2.runtime.output.FastInfosetStreamWriterOutput
20:23:33.335 [main] DEBUG net.thucydides.core.reflection.ClassFinder - Could not load class module-info
20:23:36.907 [main] DEBUG io.netty.util.internal.logging.InternalLoggerFactory - Using SLF4J as the default logging framework
20:23:36.912 [main] DEBUG io.netty.util.ResourceLeakDetector - -Dio.netty.leakDetection.level: simple
20:23:36.912 [main] DEBUG io.netty.util.ResourceLeakDetector - -Dio.netty.leakDetection.targetRecords: 4
20:23:36.917 [main] DEBUG io.netty.util.ResourceLeakDetectorFactory - Loaded default ResourceLeakDetector: io.netty.util.ResourceLeakDetector@2f062dbc
20:23:36.938 [main] DEBUG io.netty.util.internal.PlatformDependent0 - -Dio.netty.noUnsafe: false
20:23:36.938 [main] DEBUG io.netty.util.internal.PlatformDependent0 - Java version: 13
20:23:36.939 [main] DEBUG io.netty.util.internal.PlatformDependent0 - sun.misc.Unsafe.theUnsafe: available
20:23:36.940 [main] DEBUG io.netty.util.internal.PlatformDependent0 - sun.misc.Unsafe.copyMemory: available
20:23:36.940 [main] DEBUG io.netty.util.internal.PlatformDependent0 - java.nio.Buffer.address: available
20:23:36.941 [main] DEBUG io.netty.util.internal.PlatformDependent0 - direct buffer constructor: unavailable: Reflective setAccessible(true) disabled
20:23:36.941 [main] DEBUG io.netty.util.internal.PlatformDependent0 - java.nio.Bits.unaligned: available, true
20:23:36.942 [main] DEBUG io.netty.util.internal.PlatformDependent0 - jdk.internal.misc.Unsafe.allocateUninitializedArray(int): unavailable: class io.netty.util.internal.PlatformDependent0$6 cannot access class jdk.internal.misc.Unsafe (in module java.base) because module java.base does not export jdk.internal.misc to unnamed module @615f972
20:23:36.944 [main] DEBUG io.netty.util.internal.PlatformDependent0 - java.nio.DirectByteBuffer.<init>(long, int): unavailable
20:23:36.944 [main] DEBUG io.netty.util.internal.PlatformDependent - sun.misc.Unsafe: available
20:23:36.947 [main] DEBUG io.netty.util.internal.PlatformDependent - maxDirectMemory: 2141192192 bytes (maybe)
20:23:36.947 [main] DEBUG io.netty.util.internal.PlatformDependent - -Dio.netty.tmpdir: C:\Users\alwi\AppData\Local\Temp (java.io.tmpdir)
20:23:36.947 [main] DEBUG io.netty.util.internal.PlatformDependent - -Dio.netty.bitMode: 64 (sun.arch.data.model)
20:23:36.947 [main] DEBUG io.netty.util.internal.PlatformDependent - Platform: Windows
20:23:36.948 [main] DEBUG io.netty.util.internal.PlatformDependent - -Dio.netty.maxDirectMemory: -1 bytes
20:23:36.948 [main] DEBUG io.netty.util.internal.PlatformDependent - -Dio.netty.uninitializedArrayAllocationThreshold: -1
20:23:36.949 [main] DEBUG io.netty.util.internal.CleanerJava9 - java.nio.ByteBuffer.cleaner(): available
20:23:36.949 [main] DEBUG io.netty.util.internal.PlatformDependent - -Dio.netty.noPreferDirect: false
20:23:36.959 [main] DEBUG io.netty.util.internal.PlatformDependent - org.jctools-core.MpscChunkedArrayQueue: available
20:23:36.982 [main] DEBUG io.netty.util.internal.InternalThreadLocalMap - -Dio.netty.threadLocalMap.stringBuilder.initialSize: 1024
20:23:36.983 [main] DEBUG io.netty.util.internal.InternalThreadLocalMap - -Dio.netty.threadLocalMap.stringBuilder.maxSize: 4096
20:23:37.052 [main] DEBUG io.netty.handler.ssl.JdkSslContext - Default protocols (JDK): [TLSv1.3, TLSv1.2, TLSv1.1, TLSv1] 
20:23:37.053 [main] DEBUG io.netty.handler.ssl.JdkSslContext - Default cipher suites (JDK): [TLS_ECDHE_ECDSA_WITH_AES_256_GCM_SHA384, TLS_ECDHE_ECDSA_WITH_AES_128_GCM_SHA256, TLS_ECDHE_RSA_WITH_AES_128_GCM_SHA256, TLS_ECDHE_RSA_WITH_AES_256_GCM_SHA384, TLS_ECDHE_RSA_WITH_AES_128_CBC_SHA, TLS_ECDHE_RSA_WITH_AES_256_CBC_SHA, TLS_RSA_WITH_AES_128_GCM_SHA256, TLS_RSA_WITH_AES_128_CBC_SHA, TLS_RSA_WITH_AES_256_CBC_SHA, TLS_AES_128_GCM_SHA256, TLS_AES_256_GCM_SHA384]
20:23:37.089 [main] DEBUG io.netty.channel.MultithreadEventLoopGroup - -Dio.netty.eventLoopThreads: 16
20:23:37.102 [main] DEBUG io.netty.channel.nio.NioEventLoop - -Dio.netty.noKeySetOptimization: false
20:23:37.102 [main] DEBUG io.netty.channel.nio.NioEventLoop - -Dio.netty.selectorAutoRebuildThreshold: 512
20:23:37.353 [main] DEBUG io.netty.buffer.PooledByteBufAllocator - -Dio.netty.allocator.numHeapArenas: 16
20:23:37.353 [main] DEBUG io.netty.buffer.PooledByteBufAllocator - -Dio.netty.allocator.numDirectArenas: 16
20:23:37.353 [main] DEBUG io.netty.buffer.PooledByteBufAllocator - -Dio.netty.allocator.pageSize: 8192
20:23:37.353 [main] DEBUG io.netty.buffer.PooledByteBufAllocator - -Dio.netty.allocator.maxOrder: 11
20:23:37.353 [main] DEBUG io.netty.buffer.PooledByteBufAllocator - -Dio.netty.allocator.chunkSize: 16777216
20:23:37.353 [main] DEBUG io.netty.buffer.PooledByteBufAllocator - -Dio.netty.allocator.smallCacheSize: 256
20:23:37.353 [main] DEBUG io.netty.buffer.PooledByteBufAllocator - -Dio.netty.allocator.normalCacheSize: 64
20:23:37.353 [main] DEBUG io.netty.buffer.PooledByteBufAllocator - -Dio.netty.allocator.maxCachedBufferCapacity: 32768
20:23:37.353 [main] DEBUG io.netty.buffer.PooledByteBufAllocator - -Dio.netty.allocator.cacheTrimInterval: 8192
20:23:37.353 [main] DEBUG io.netty.buffer.PooledByteBufAllocator - -Dio.netty.allocator.cacheTrimIntervalMillis: 0
20:23:37.354 [main] DEBUG io.netty.buffer.PooledByteBufAllocator - -Dio.netty.allocator.useCacheForAllThreads: true
20:23:37.354 [main] DEBUG io.netty.buffer.PooledByteBufAllocator - -Dio.netty.allocator.maxCachedByteBuffersPerChunk: 1023
20:23:37.363 [main] DEBUG io.netty.buffer.ByteBufUtil - -Dio.netty.allocator.type: pooled
20:23:37.364 [main] DEBUG io.netty.buffer.ByteBufUtil - -Dio.netty.threadLocalDirectBufferSize: 0
20:23:37.364 [main] DEBUG io.netty.buffer.ByteBufUtil - -Dio.netty.maxThreadLocalCharBufferSize: 16384
20:23:37.651 [main] DEBUG net.serenitybdd.core.webdriver.driverproviders.ProvideNewDriver - Instantiating driver
20:23:37.651 [main] DEBUG net.serenitybdd.core.webdriver.driverproviders.ProvideNewDriver - Driver capabilities: Capabilities {acceptInsecureCerts: false, base.url: https://alta-shop.vercel.app, browserName: chrome, chrome.driver: src/test/resources/webdrive..., driver: chrome, goog:chromeOptions: {args: [], extensions: []}, wait.for.timeout: 5000}
20:23:38.416 [Forwarding newSession on session null to remote] DEBUG io.netty.channel.DefaultChannelId - -Dio.netty.processId: 1160 (auto-detected)
20:23:38.418 [Forwarding newSession on session null to remote] DEBUG io.netty.util.NetUtil - -Djava.net.preferIPv4Stack: false
20:23:38.418 [Forwarding newSession on session null to remote] DEBUG io.netty.util.NetUtil - -Djava.net.preferIPv6Addresses: false
20:23:38.643 [Forwarding newSession on session null to remote] DEBUG io.netty.util.NetUtilInitializations - Loopback interface: lo (Software Loopback Interface 1, 127.0.0.1)
20:23:38.645 [Forwarding newSession on session null to remote] DEBUG io.netty.util.NetUtil - Failed to get SOMAXCONN from sysctl and file \proc\sys\net\core\somaxconn. Default: 200
20:23:38.874 [Forwarding newSession on session null to remote] DEBUG io.netty.channel.DefaultChannelId - -Dio.netty.machineId: 50:3e:aa:ff:fe:ef:df:ab (auto-detected)
20:23:38.954 [AsyncHttpClient-1-2] DEBUG io.netty.buffer.AbstractByteBuf - -Dio.netty.buffer.checkAccessible: true
20:23:38.954 [AsyncHttpClient-1-2] DEBUG io.netty.buffer.AbstractByteBuf - -Dio.netty.buffer.checkBounds: true
20:23:38.954 [AsyncHttpClient-1-2] DEBUG io.netty.util.ResourceLeakDetectorFactory - Loaded default ResourceLeakDetector: io.netty.util.ResourceLeakDetector@72fa9944
20:23:38.970 [AsyncHttpClient-1-2] DEBUG org.asynchttpclient.netty.channel.NettyConnectListener - Using new Channel '[id: 0xf79a11e2, L:/127.0.0.1:62738 - R:localhost/127.0.0.1:56701]' for 'POST' to '/session'
20:23:38.995 [AsyncHttpClient-1-2] DEBUG io.netty.util.Recycler - -Dio.netty.recycler.maxCapacityPerThread: 4096
20:23:38.996 [AsyncHttpClient-1-2] DEBUG io.netty.util.Recycler - -Dio.netty.recycler.ratio: 8
20:23:38.996 [AsyncHttpClient-1-2] DEBUG io.netty.util.Recycler - -Dio.netty.recycler.chunkSize: 32
20:23:38.996 [AsyncHttpClient-1-2] DEBUG io.netty.util.Recycler - -Dio.netty.recycler.blocking: false
20:23:42.421 [AsyncHttpClient-1-2] DEBUG io.netty.handler.codec.compression.Brotli - brotli4j not in the classpath; Brotli support will be unavailable.
20:23:42.421 [AsyncHttpClient-1-2] DEBUG org.asynchttpclient.netty.handler.HttpHandler - 

Request DefaultHttpRequest(decodeResult: success, version: HTTP/1.1)
POST /session HTTP/1.1
User-Agent: selenium/4.1.2 (java windows)
Content-Length: 639
Content-Type: application/json; charset=utf-8
host: localhost:56701
accept: */*

Response DefaultHttpResponse(decodeResult: success, version: HTTP/1.1)
HTTP/1.1 200 OK
Content-Type: application/json; charset=utf-8
cache-control: no-cache
content-length: 790

20:23:42.430 [AsyncHttpClient-1-2] DEBUG org.asynchttpclient.netty.channel.ChannelManager - Adding key: http://localhost:56701 for channel [id: 0xf79a11e2, L:/127.0.0.1:62738 - R:localhost/127.0.0.1:56701]
20:23:42.468 [AsyncHttpClient-1-1] DEBUG org.asynchttpclient.netty.channel.DefaultChannelPool - Entry count for : http://localhost:56701 : 1
20:23:42.498 [AsyncHttpClient-1-3] DEBUG org.asynchttpclient.netty.channel.NettyConnectListener - Using new Channel '[id: 0xa8b6f204, L:/127.0.0.1:62749 - R:localhost/127.0.0.1:62740]' for 'GET' to '/json/version'
20:23:42.503 [AsyncHttpClient-1-3] DEBUG org.asynchttpclient.netty.handler.HttpHandler - 

Request DefaultFullHttpRequest(decodeResult: success, version: HTTP/1.1, content: EmptyByteBufBE)
GET /json/version HTTP/1.1
User-Agent: selenium/4.1.2 (java windows)
host: localhost:62740
accept: */*

Response DefaultHttpResponse(decodeResult: success, version: HTTP/1.1)
HTTP/1.1 200 OK
Content-Type: application/json; charset=UTF-8
content-length: 424

20:23:42.503 [AsyncHttpClient-1-3] DEBUG org.asynchttpclient.netty.channel.ChannelManager - Adding key: http://localhost:62740 for channel [id: 0xa8b6f204, L:/127.0.0.1:62749 - R:localhost/127.0.0.1:62740]
20:23:42.510 [main] DEBUG io.netty.util.internal.ThreadLocalRandom - -Dio.netty.initialSeedUniquifier: 0xcfd353086d701479
20:23:42.516 [AsyncHttpClient-1-4] DEBUG org.asynchttpclient.netty.channel.NettyConnectListener - Using new Channel '[id: 0xb754d73c, L:/127.0.0.1:62750 - R:localhost/127.0.0.1:62740]' for 'GET' to '/devtools/browser/ffaf01b1-c6f5-4208-9502-113d38d0e602'
20:23:42.523 [AsyncHttpClient-1-4] DEBUG org.asynchttpclient.netty.handler.WebSocketHandler - 

Request DefaultFullHttpRequest(decodeResult: success, version: HTTP/1.1, content: EmptyByteBufBE)
GET /devtools/browser/ffaf01b1-c6f5-4208-9502-113d38d0e602 HTTP/1.1
upgrade: websocket
connection: upgrade
sec-websocket-key: BfGCFFk30fk251ztY63z6w==
sec-websocket-version: 13
origin: http://localhost:62740
host: localhost:62740
accept: */*
user-agent: AHC/2.1

Response DefaultHttpResponse(decodeResult: success, version: HTTP/1.1)
HTTP/1.1 101 WebSocket Protocol Handshake
Upgrade: WebSocket
Connection: Upgrade
Sec-WebSocket-Accept: 0EQlSv9xFQ+Rd0jixwr16fcBK5c=

20:23:43.242 [main] DEBUG net.thucydides.core.reflection.ClassFinder - Could not load class .CucumberTestSuite
20:23:43.242 [main] DEBUG net.thucydides.core.reflection.ClassFinder - Could not load class .starter.pages.CategoryPage
20:23:43.242 [main] DEBUG net.thucydides.core.reflection.ClassFinder - Could not load class .starter.pages.HomePage
20:23:43.242 [main] DEBUG net.thucydides.core.reflection.ClassFinder - Could not load class .starter.pages.LoginPage
20:23:43.242 [main] DEBUG net.thucydides.core.reflection.ClassFinder - Could not load class .starter.pages.LogoutPage
20:23:43.242 [main] DEBUG net.thucydides.core.reflection.ClassFinder - Could not load class .starter.pages.OrderPage
20:23:43.242 [main] DEBUG net.thucydides.core.reflection.ClassFinder - Could not load class .starter.pages.RegisterPage
20:23:43.242 [main] DEBUG net.thucydides.core.reflection.ClassFinder - Could not load class .starter.stepdefinitions.CategoryStep
20:23:43.242 [main] DEBUG net.thucydides.core.reflection.ClassFinder - Could not load class .starter.stepdefinitions.HomeStep
20:23:43.242 [main] DEBUG net.thucydides.core.reflection.ClassFinder - Could not load class .starter.stepdefinitions.LoginStep
20:23:43.242 [main] DEBUG net.thucydides.core.reflection.ClassFinder - Could not load class .starter.stepdefinitions.LogoutStep
20:23:43.242 [main] DEBUG net.thucydides.core.reflection.ClassFinder - Could not load class .starter.stepdefinitions.OrderStep
20:23:43.243 [main] DEBUG net.thucydides.core.reflection.ClassFinder - Could not load class .starter.stepdefinitions.RegisterStep
20:23:43.243 [main] DEBUG net.thucydides.core.reflection.ClassFinder - Could not load class .starter.utils.GeneratedString
20:23:43.243 [main] DEBUG net.thucydides.core.reflection.ClassFinder - Could not load class META-INF.versions.9.com.sun.istack.logging.StackHelper
20:23:43.244 [main] DEBUG net.thucydides.core.reflection.ClassFinder - Could not load class META-INF.versions.9.com.sun.xml.bind.v2.runtime.reflect.opt.AccessorInjector
20:23:43.244 [main] DEBUG net.thucydides.core.reflection.ClassFinder - Could not load class META-INF.versions.9.com.sun.xml.bind.v2.runtime.reflect.opt.Injector
20:23:43.244 [main] DEBUG net.thucydides.core.reflection.ClassFinder - Could not load class META-INF.versions.9.com.sun.xml.bind.v2.runtime.reflect.opt.OptimizedAccessorFactory
20:23:43.244 [main] DEBUG net.thucydides.core.reflection.ClassFinder - Could not load class META-INF.versions.9.com.sun.xml.bind.v2.runtime.reflect.opt.OptimizedTransducedAccessorFactory
20:23:43.245 [main] DEBUG net.thucydides.core.reflection.ClassFinder - Could not load class META-INF.versions.9.io.opentelemetry.sdk.internal.CurrentJavaVersionSpecific
20:23:43.245 [main] DEBUG net.thucydides.core.reflection.ClassFinder - Could not load class META-INF.versions.9.io.opentelemetry.sdk.internal.Java9VersionSpecific
20:23:43.246 [main] DEBUG net.thucydides.core.reflection.ClassFinder - Could not load class META-INF.versions.9.javax.xml.bind.ModuleUtil
20:23:43.247 [main] DEBUG net.thucydides.core.reflection.ClassFinder - Could not load class META-INF.versions.9.module-info
20:23:43.248 [main] DEBUG net.thucydides.core.reflection.ClassFinder - Could not load class META-INF.versions.9.org.junit.platform.commons.util.ModuleUtils
20:23:43.251 [main] DEBUG net.thucydides.core.reflection.ClassFinder - Could not load class com.google.gson.internal.
20:23:43.253 [main] DEBUG net.thucydides.core.reflection.ClassFinder - Could not load class com.sun.xml.bind.v2.runtime.output.FastInfosetStreamWriterOutput
20:23:43.257 [main] DEBUG net.thucydides.core.reflection.ClassFinder - Could not load class module-info
20:23:43.287 [Forwarding get on session bdb16c8156fee577232425cf51f38dda to remote] DEBUG org.asynchttpclient.netty.request.NettyRequestSender - Using pooled Channel '[id: 0xf79a11e2, L:/127.0.0.1:62738 - R:localhost/127.0.0.1:56701]' for 'POST' to 'http://localhost:56701/session/bdb16c8156fee577232425cf51f38dda/url'
20:23:43.287 [Forwarding get on session bdb16c8156fee577232425cf51f38dda to remote] DEBUG org.asynchttpclient.netty.request.NettyRequestSender - Using open Channel [id: 0xf79a11e2, L:/127.0.0.1:62738 - R:localhost/127.0.0.1:56701] for POST '/session/bdb16c8156fee577232425cf51f38dda/url'
20:23:43.564 [AsyncHttpClient-1-1] DEBUG org.asynchttpclient.netty.channel.DefaultChannelPool - Entry count for : http://localhost:62740 : 1
20:23:44.558 [AsyncHttpClient-1-2] DEBUG org.asynchttpclient.netty.handler.HttpHandler - 

Request DefaultHttpRequest(decodeResult: success, version: HTTP/1.1)
POST /session/bdb16c8156fee577232425cf51f38dda/url HTTP/1.1
User-Agent: selenium/4.1.2 (java windows)
Content-Length: 59
Content-Type: application/json; charset=utf-8
host: localhost:56701
accept: */*

Response DefaultHttpResponse(decodeResult: success, version: HTTP/1.1)
HTTP/1.1 200 OK
Content-Type: application/json; charset=utf-8
cache-control: no-cache
content-length: 14

20:23:44.559 [AsyncHttpClient-1-2] DEBUG org.asynchttpclient.netty.channel.ChannelManager - Adding key: http://localhost:56701 for channel [id: 0xf79a11e2, L:/127.0.0.1:62738 - R:localhost/127.0.0.1:56701]
20:23:44.571 [Forwarding setTimeout on session bdb16c8156fee577232425cf51f38dda to remote] DEBUG org.asynchttpclient.netty.request.NettyRequestSender - Using pooled Channel '[id: 0xf79a11e2, L:/127.0.0.1:62738 - R:localhost/127.0.0.1:56701]' for 'POST' to 'http://localhost:56701/session/bdb16c8156fee577232425cf51f38dda/timeouts'
20:23:44.571 [Forwarding setTimeout on session bdb16c8156fee577232425cf51f38dda to remote] DEBUG org.asynchttpclient.netty.request.NettyRequestSender - Using open Channel [id: 0xf79a11e2, L:/127.0.0.1:62738 - R:localhost/127.0.0.1:56701] for POST '/session/bdb16c8156fee577232425cf51f38dda/timeouts'
20:23:44.577 [AsyncHttpClient-1-2] DEBUG org.asynchttpclient.netty.handler.HttpHandler - 

Request DefaultHttpRequest(decodeResult: success, version: HTTP/1.1)
POST /session/bdb16c8156fee577232425cf51f38dda/timeouts HTTP/1.1
User-Agent: selenium/4.1.2 (java windows)
Content-Length: 22
Content-Type: application/json; charset=utf-8
host: localhost:56701
accept: */*

Response DefaultHttpResponse(decodeResult: success, version: HTTP/1.1)
HTTP/1.1 200 OK
Content-Type: application/json; charset=utf-8
cache-control: no-cache
content-length: 14

20:23:44.577 [AsyncHttpClient-1-2] DEBUG org.asynchttpclient.netty.channel.ChannelManager - Adding key: http://localhost:56701 for channel [id: 0xf79a11e2, L:/127.0.0.1:62738 - R:localhost/127.0.0.1:56701]
20:23:44.591 [Forwarding getCurrentUrl on session bdb16c8156fee577232425cf51f38dda to remote] DEBUG org.asynchttpclient.netty.request.NettyRequestSender - Using pooled Channel '[id: 0xf79a11e2, L:/127.0.0.1:62738 - R:localhost/127.0.0.1:56701]' for 'GET' to 'http://localhost:56701/session/bdb16c8156fee577232425cf51f38dda/url'
20:23:44.591 [Forwarding getCurrentUrl on session bdb16c8156fee577232425cf51f38dda to remote] DEBUG org.asynchttpclient.netty.request.NettyRequestSender - Using open Channel [id: 0xf79a11e2, L:/127.0.0.1:62738 - R:localhost/127.0.0.1:56701] for GET '/session/bdb16c8156fee577232425cf51f38dda/url'
20:23:44.620 [AsyncHttpClient-1-2] DEBUG org.asynchttpclient.netty.handler.HttpHandler - 

Request DefaultFullHttpRequest(decodeResult: success, version: HTTP/1.1, content: EmptyByteBufBE)
GET /session/bdb16c8156fee577232425cf51f38dda/url HTTP/1.1
User-Agent: selenium/4.1.2 (java windows)
Cache-Control: no-cache
Content-Type: application/json; charset=utf-8
host: localhost:56701
accept: */*

Response DefaultHttpResponse(decodeResult: success, version: HTTP/1.1)
HTTP/1.1 200 OK
Content-Type: application/json; charset=utf-8
cache-control: no-cache
content-length: 41

20:23:44.621 [AsyncHttpClient-1-2] DEBUG org.asynchttpclient.netty.channel.ChannelManager - Adding key: http://localhost:56701 for channel [id: 0xf79a11e2, L:/127.0.0.1:62738 - R:localhost/127.0.0.1:56701]
  &amp#27;[32mGiven &amp#27;[0m&amp#27;[32mI am on the home page&amp#27;[0m &amp#27;[90m# starter.stepdefinitions.HomeStep.iAmOnTheHomePage()&amp#27;[0m
20:23:44.674 [AsyncHttpClient-1-1] DEBUG org.asynchttpclient.netty.channel.DefaultChannelPool - Entry count for : http://localhost:62740 : 1
20:23:44.674 [AsyncHttpClient-1-1] DEBUG org.asynchttpclient.netty.channel.DefaultChannelPool - Entry count for : http://localhost:56701 : 1
20:23:44.706 [main] DEBUG net.serenitybdd.core.photography.Darkroom - Opening darkroom
20:23:44.708 [Darkroom Processing Line] DEBUG net.serenitybdd.core.photography.DarkroomProcessingLine - Darkroom processing line starting up
20:23:44.709 [Forwarding screenshot on session bdb16c8156fee577232425cf51f38dda to remote] DEBUG org.asynchttpclient.netty.request.NettyRequestSender - Using pooled Channel '[id: 0xf79a11e2, L:/127.0.0.1:62738 - R:localhost/127.0.0.1:56701]' for 'GET' to 'http://localhost:56701/session/bdb16c8156fee577232425cf51f38dda/screenshot'
20:23:44.709 [Forwarding screenshot on session bdb16c8156fee577232425cf51f38dda to remote] DEBUG org.asynchttpclient.netty.request.NettyRequestSender - Using open Channel [id: 0xf79a11e2, L:/127.0.0.1:62738 - R:localhost/127.0.0.1:56701] for GET '/session/bdb16c8156fee577232425cf51f38dda/screenshot'
20:23:44.881 [AsyncHttpClient-1-2] DEBUG org.asynchttpclient.netty.handler.HttpHandler - 

Request DefaultFullHttpRequest(decodeResult: success, version: HTTP/1.1, content: EmptyByteBufBE)
GET /session/bdb16c8156fee577232425cf51f38dda/screenshot HTTP/1.1
User-Agent: selenium/4.1.2 (java windows)
Cache-Control: no-cache
Content-Type: application/json; charset=utf-8
host: localhost:56701
accept: */*

Response DefaultHttpResponse(decodeResult: success, version: HTTP/1.1)
HTTP/1.1 200 OK
Content-Type: application/json; charset=utf-8
cache-control: no-cache
content-length: 37928

20:23:44.882 [AsyncHttpClient-1-2] DEBUG org.asynchttpclient.netty.channel.ChannelManager - Adding key: http://localhost:56701 for channel [id: 0xf79a11e2, L:/127.0.0.1:62738 - R:localhost/127.0.0.1:56701]
20:23:44.977 [main] DEBUG net.serenitybdd.core.photography.Darkroom - Send negative for processing for target\site\serenity\2505d40b8aac0740271a9e800380ccad3b6f7bf447693a24c92aebdd1d43988d.png
20:23:44.978 [Darkroom Processing Line] DEBUG net.serenitybdd.core.photography.DarkroomProcessingLine - Processing screenshot image in /var/screenshots/screenshot-13895827939700952392
20:23:44.978 [Darkroom Processing Line] DEBUG net.serenitybdd.core.photography.DarkroomProcessingLine - Saving screenshot to target\site\serenity\2505d40b8aac0740271a9e800380ccad3b6f7bf447693a24c92aebdd1d43988d.png
20:23:45.021 [Forwarding findElement on session bdb16c8156fee577232425cf51f38dda to remote] DEBUG org.asynchttpclient.netty.request.NettyRequestSender - Using pooled Channel '[id: 0xf79a11e2, L:/127.0.0.1:62738 - R:localhost/127.0.0.1:56701]' for 'POST' to 'http://localhost:56701/session/bdb16c8156fee577232425cf51f38dda/element'
20:23:45.022 [Forwarding findElement on session bdb16c8156fee577232425cf51f38dda to remote] DEBUG org.asynchttpclient.netty.request.NettyRequestSender - Using open Channel [id: 0xf79a11e2, L:/127.0.0.1:62738 - R:localhost/127.0.0.1:56701] for POST '/session/bdb16c8156fee577232425cf51f38dda/element'
20:23:45.768 [AsyncHttpClient-1-1] DEBUG org.asynchttpclient.netty.channel.DefaultChannelPool - Entry count for : http://localhost:62740 : 1
20:23:46.015 [AsyncHttpClient-1-2] DEBUG org.asynchttpclient.netty.handler.HttpHandler - 

Request DefaultHttpRequest(decodeResult: success, version: HTTP/1.1)
POST /session/bdb16c8156fee577232425cf51f38dda/element HTTP/1.1
User-Agent: selenium/4.1.2 (java windows)
Content-Length: 71
Content-Type: application/json; charset=utf-8
host: localhost:56701
accept: */*

Response DefaultHttpResponse(decodeResult: success, version: HTTP/1.1)
HTTP/1.1 200 OK
Content-Type: application/json; charset=utf-8
cache-control: no-cache
content-length: 88

20:23:46.015 [AsyncHttpClient-1-2] DEBUG org.asynchttpclient.netty.channel.ChannelManager - Adding key: http://localhost:56701 for channel [id: 0xf79a11e2, L:/127.0.0.1:62738 - R:localhost/127.0.0.1:56701]
20:23:46.021 [Forwarding getElementTagName on session bdb16c8156fee577232425cf51f38dda to remote] DEBUG org.asynchttpclient.netty.request.NettyRequestSender - Using pooled Channel '[id: 0xf79a11e2, L:/127.0.0.1:62738 - R:localhost/127.0.0.1:56701]' for 'GET' to 'http://localhost:56701/session/bdb16c8156fee577232425cf51f38dda/element/79092d19-a3ec-4830-a16d-39d391f018c7/name'
20:23:46.021 [Forwarding getElementTagName on session bdb16c8156fee577232425cf51f38dda to remote] DEBUG org.asynchttpclient.netty.request.NettyRequestSender - Using open Channel [id: 0xf79a11e2, L:/127.0.0.1:62738 - R:localhost/127.0.0.1:56701] for GET '/session/bdb16c8156fee577232425cf51f38dda/element/79092d19-a3ec-4830-a16d-39d391f018c7/name'
20:23:46.032 [AsyncHttpClient-1-2] DEBUG org.asynchttpclient.netty.handler.HttpHandler - 

Request DefaultFullHttpRequest(decodeResult: success, version: HTTP/1.1, content: EmptyByteBufBE)
GET /session/bdb16c8156fee577232425cf51f38dda/element/79092d19-a3ec-4830-a16d-39d391f018c7/name HTTP/1.1
User-Agent: selenium/4.1.2 (java windows)
Cache-Control: no-cache
Content-Type: application/json; charset=utf-8
host: localhost:56701
accept: */*

Response DefaultHttpResponse(decodeResult: success, version: HTTP/1.1)
HTTP/1.1 200 OK
Content-Type: application/json; charset=utf-8
cache-control: no-cache
content-length: 16

20:23:46.032 [AsyncHttpClient-1-2] DEBUG org.asynchttpclient.netty.channel.ChannelManager - Adding key: http://localhost:56701 for channel [id: 0xf79a11e2, L:/127.0.0.1:62738 - R:localhost/127.0.0.1:56701]
20:23:46.035 [Forwarding getElementTagName on session bdb16c8156fee577232425cf51f38dda to remote] DEBUG org.asynchttpclient.netty.request.NettyRequestSender - Using pooled Channel '[id: 0xf79a11e2, L:/127.0.0.1:62738 - R:localhost/127.0.0.1:56701]' for 'GET' to 'http://localhost:56701/session/bdb16c8156fee577232425cf51f38dda/element/79092d19-a3ec-4830-a16d-39d391f018c7/name'
20:23:46.036 [Forwarding getElementTagName on session bdb16c8156fee577232425cf51f38dda to remote] DEBUG org.asynchttpclient.netty.request.NettyRequestSender - Using open Channel [id: 0xf79a11e2, L:/127.0.0.1:62738 - R:localhost/127.0.0.1:56701] for GET '/session/bdb16c8156fee577232425cf51f38dda/element/79092d19-a3ec-4830-a16d-39d391f018c7/name'
20:23:46.040 [AsyncHttpClient-1-2] DEBUG org.asynchttpclient.netty.handler.HttpHandler - 

Request DefaultFullHttpRequest(decodeResult: success, version: HTTP/1.1, content: EmptyByteBufBE)
GET /session/bdb16c8156fee577232425cf51f38dda/element/79092d19-a3ec-4830-a16d-39d391f018c7/name HTTP/1.1
User-Agent: selenium/4.1.2 (java windows)
Cache-Control: no-cache
Content-Type: application/json; charset=utf-8
host: localhost:56701
accept: */*

Response DefaultHttpResponse(decodeResult: success, version: HTTP/1.1)
HTTP/1.1 200 OK
Content-Type: application/json; charset=utf-8
cache-control: no-cache
content-length: 16

20:23:46.040 [AsyncHttpClient-1-2] DEBUG org.asynchttpclient.netty.channel.ChannelManager - Adding key: http://localhost:56701 for channel [id: 0xf79a11e2, L:/127.0.0.1:62738 - R:localhost/127.0.0.1:56701]
20:23:46.043 [Forwarding findElement on session bdb16c8156fee577232425cf51f38dda to remote] DEBUG org.asynchttpclient.netty.request.NettyRequestSender - Using pooled Channel '[id: 0xf79a11e2, L:/127.0.0.1:62738 - R:localhost/127.0.0.1:56701]' for 'POST' to 'http://localhost:56701/session/bdb16c8156fee577232425cf51f38dda/element'
20:23:46.043 [Forwarding findElement on session bdb16c8156fee577232425cf51f38dda to remote] DEBUG org.asynchttpclient.netty.request.NettyRequestSender - Using open Channel [id: 0xf79a11e2, L:/127.0.0.1:62738 - R:localhost/127.0.0.1:56701] for POST '/session/bdb16c8156fee577232425cf51f38dda/element'
20:23:46.050 [AsyncHttpClient-1-2] DEBUG org.asynchttpclient.netty.handler.HttpHandler - 

Request DefaultHttpRequest(decodeResult: success, version: HTTP/1.1)
POST /session/bdb16c8156fee577232425cf51f38dda/element HTTP/1.1
User-Agent: selenium/4.1.2 (java windows)
Content-Length: 71
Content-Type: application/json; charset=utf-8
host: localhost:56701
accept: */*

Response DefaultHttpResponse(decodeResult: success, version: HTTP/1.1)
HTTP/1.1 200 OK
Content-Type: application/json; charset=utf-8
cache-control: no-cache
content-length: 88

20:23:46.050 [AsyncHttpClient-1-2] DEBUG org.asynchttpclient.netty.channel.ChannelManager - Adding key: http://localhost:56701 for channel [id: 0xf79a11e2, L:/127.0.0.1:62738 - R:localhost/127.0.0.1:56701]
20:23:46.053 [Forwarding clickElement on session bdb16c8156fee577232425cf51f38dda to remote] DEBUG org.asynchttpclient.netty.request.NettyRequestSender - Using pooled Channel '[id: 0xf79a11e2, L:/127.0.0.1:62738 - R:localhost/127.0.0.1:56701]' for 'POST' to 'http://localhost:56701/session/bdb16c8156fee577232425cf51f38dda/element/79092d19-a3ec-4830-a16d-39d391f018c7/click'
20:23:46.053 [Forwarding clickElement on session bdb16c8156fee577232425cf51f38dda to remote] DEBUG org.asynchttpclient.netty.request.NettyRequestSender - Using open Channel [id: 0xf79a11e2, L:/127.0.0.1:62738 - R:localhost/127.0.0.1:56701] for POST '/session/bdb16c8156fee577232425cf51f38dda/element/79092d19-a3ec-4830-a16d-39d391f018c7/click'
20:23:46.107 [AsyncHttpClient-1-2] DEBUG org.asynchttpclient.netty.handler.HttpHandler - 

Request DefaultHttpRequest(decodeResult: success, version: HTTP/1.1)
POST /session/bdb16c8156fee577232425cf51f38dda/element/79092d19-a3ec-4830-a16d-39d391f018c7/click HTTP/1.1
User-Agent: selenium/4.1.2 (java windows)
Content-Length: 50
Content-Type: application/json; charset=utf-8
host: localhost:56701
accept: */*

Response DefaultHttpResponse(decodeResult: success, version: HTTP/1.1)
HTTP/1.1 200 OK
Content-Type: application/json; charset=utf-8
cache-control: no-cache
content-length: 14

20:23:46.107 [AsyncHttpClient-1-2] DEBUG org.asynchttpclient.netty.channel.ChannelManager - Adding key: http://localhost:56701 for channel [id: 0xf79a11e2, L:/127.0.0.1:62738 - R:localhost/127.0.0.1:56701]
  &amp#27;[32mWhen &amp#27;[0m&amp#27;[32mI click button detail&amp#27;[0m  &amp#27;[90m# starter.stepdefinitions.HomeStep.iClickButtonDetail()&amp#27;[0m
20:23:46.120 [Forwarding screenshot on session bdb16c8156fee577232425cf51f38dda to remote] DEBUG org.asynchttpclient.netty.request.NettyRequestSender - Using pooled Channel '[id: 0xf79a11e2, L:/127.0.0.1:62738 - R:localhost/127.0.0.1:56701]' for 'GET' to 'http://localhost:56701/session/bdb16c8156fee577232425cf51f38dda/screenshot'
20:23:46.121 [Forwarding screenshot on session bdb16c8156fee577232425cf51f38dda to remote] DEBUG org.asynchttpclient.netty.request.NettyRequestSender - Using open Channel [id: 0xf79a11e2, L:/127.0.0.1:62738 - R:localhost/127.0.0.1:56701] for GET '/session/bdb16c8156fee577232425cf51f38dda/screenshot'
20:23:46.300 [AsyncHttpClient-1-2] DEBUG org.asynchttpclient.netty.handler.HttpHandler - 

Request DefaultFullHttpRequest(decodeResult: success, version: HTTP/1.1, content: EmptyByteBufBE)
GET /session/bdb16c8156fee577232425cf51f38dda/screenshot HTTP/1.1
User-Agent: selenium/4.1.2 (java windows)
Cache-Control: no-cache
Content-Type: application/json; charset=utf-8
host: localhost:56701
accept: */*

Response DefaultHttpResponse(decodeResult: success, version: HTTP/1.1)
HTTP/1.1 200 OK
Content-Type: application/json; charset=utf-8
cache-control: no-cache
content-length: 15128

20:23:46.301 [AsyncHttpClient-1-2] DEBUG org.asynchttpclient.netty.channel.ChannelManager - Adding key: http://localhost:56701 for channel [id: 0xf79a11e2, L:/127.0.0.1:62738 - R:localhost/127.0.0.1:56701]
20:23:46.303 [main] DEBUG net.serenitybdd.core.photography.Darkroom - Send negative for processing for target\site\serenity\7f50d89af72764d28dc1d9a71ea58577e8755f31a316987faef45e1987df4a63.png
20:23:46.303 [Darkroom Processing Line] DEBUG net.serenitybdd.core.photography.DarkroomProcessingLine - Processing screenshot image in /var/screenshots/screenshot-14974143381350573767
20:23:46.303 [Darkroom Processing Line] DEBUG net.serenitybdd.core.photography.DarkroomProcessingLine - Saving screenshot to target\site\serenity\7f50d89af72764d28dc1d9a71ea58577e8755f31a316987faef45e1987df4a63.png
20:23:46.310 [Forwarding get on session bdb16c8156fee577232425cf51f38dda to remote] DEBUG org.asynchttpclient.netty.request.NettyRequestSender - Using pooled Channel '[id: 0xf79a11e2, L:/127.0.0.1:62738 - R:localhost/127.0.0.1:56701]' for 'POST' to 'http://localhost:56701/session/bdb16c8156fee577232425cf51f38dda/url'
20:23:46.311 [Forwarding get on session bdb16c8156fee577232425cf51f38dda to remote] DEBUG org.asynchttpclient.netty.request.NettyRequestSender - Using open Channel [id: 0xf79a11e2, L:/127.0.0.1:62738 - R:localhost/127.0.0.1:56701] for POST '/session/bdb16c8156fee577232425cf51f38dda/url'
20:23:46.576 [AsyncHttpClient-1-2] DEBUG org.asynchttpclient.netty.handler.HttpHandler - 

Request DefaultHttpRequest(decodeResult: success, version: HTTP/1.1)
POST /session/bdb16c8156fee577232425cf51f38dda/url HTTP/1.1
User-Agent: selenium/4.1.2 (java windows)
Content-Length: 74
Content-Type: application/json; charset=utf-8
host: localhost:56701
accept: */*

Response DefaultHttpResponse(decodeResult: success, version: HTTP/1.1)
HTTP/1.1 200 OK
Content-Type: application/json; charset=utf-8
cache-control: no-cache
content-length: 14

20:23:46.576 [AsyncHttpClient-1-2] DEBUG org.asynchttpclient.netty.channel.ChannelManager - Adding key: http://localhost:56701 for channel [id: 0xf79a11e2, L:/127.0.0.1:62738 - R:localhost/127.0.0.1:56701]
20:23:46.586 [Forwarding getCurrentUrl on session bdb16c8156fee577232425cf51f38dda to remote] DEBUG org.asynchttpclient.netty.request.NettyRequestSender - Using pooled Channel '[id: 0xf79a11e2, L:/127.0.0.1:62738 - R:localhost/127.0.0.1:56701]' for 'GET' to 'http://localhost:56701/session/bdb16c8156fee577232425cf51f38dda/url'
20:23:46.586 [Forwarding getCurrentUrl on session bdb16c8156fee577232425cf51f38dda to remote] DEBUG org.asynchttpclient.netty.request.NettyRequestSender - Using open Channel [id: 0xf79a11e2, L:/127.0.0.1:62738 - R:localhost/127.0.0.1:56701] for GET '/session/bdb16c8156fee577232425cf51f38dda/url'
20:23:46.594 [AsyncHttpClient-1-2] DEBUG org.asynchttpclient.netty.handler.HttpHandler - 

Request DefaultFullHttpRequest(decodeResult: success, version: HTTP/1.1, content: EmptyByteBufBE)
GET /session/bdb16c8156fee577232425cf51f38dda/url HTTP/1.1
User-Agent: selenium/4.1.2 (java windows)
Cache-Control: no-cache
Content-Type: application/json; charset=utf-8
host: localhost:56701
accept: */*

Response DefaultHttpResponse(decodeResult: success, version: HTTP/1.1)
HTTP/1.1 200 OK
Content-Type: application/json; charset=utf-8
cache-control: no-cache
content-length: 51

20:23:46.594 [AsyncHttpClient-1-2] DEBUG org.asynchttpclient.netty.channel.ChannelManager - Adding key: http://localhost:56701 for channel [id: 0xf79a11e2, L:/127.0.0.1:62738 - R:localhost/127.0.0.1:56701]
  &amp#27;[32mThen &amp#27;[0m&amp#27;[32mI will get the detail&amp#27;[0m  &amp#27;[90m# starter.stepdefinitions.HomeStep.iWillGetTheDetail()&amp#27;[0m
20:23:46.604 [Forwarding screenshot on session bdb16c8156fee577232425cf51f38dda to remote] DEBUG org.asynchttpclient.netty.request.NettyRequestSender - Using pooled Channel '[id: 0xf79a11e2, L:/127.0.0.1:62738 - R:localhost/127.0.0.1:56701]' for 'GET' to 'http://localhost:56701/session/bdb16c8156fee577232425cf51f38dda/screenshot'
20:23:46.604 [Forwarding screenshot on session bdb16c8156fee577232425cf51f38dda to remote] DEBUG org.asynchttpclient.netty.request.NettyRequestSender - Using open Channel [id: 0xf79a11e2, L:/127.0.0.1:62738 - R:localhost/127.0.0.1:56701] for GET '/session/bdb16c8156fee577232425cf51f38dda/screenshot'
20:23:46.751 [AsyncHttpClient-1-2] DEBUG org.asynchttpclient.netty.handler.HttpHandler - 

Request DefaultFullHttpRequest(decodeResult: success, version: HTTP/1.1, content: EmptyByteBufBE)
GET /session/bdb16c8156fee577232425cf51f38dda/screenshot HTTP/1.1
User-Agent: selenium/4.1.2 (java windows)
Cache-Control: no-cache
Content-Type: application/json; charset=utf-8
host: localhost:56701
accept: */*

Response DefaultHttpResponse(decodeResult: success, version: HTTP/1.1)
HTTP/1.1 200 OK
Content-Type: application/json; charset=utf-8
cache-control: no-cache
content-length: 15128

20:23:46.752 [AsyncHttpClient-1-2] DEBUG org.asynchttpclient.netty.channel.ChannelManager - Adding key: http://localhost:56701 for channel [id: 0xf79a11e2, L:/127.0.0.1:62738 - R:localhost/127.0.0.1:56701]
20:23:46.754 [main] DEBUG net.serenitybdd.core.photography.Darkroom - Send negative for processing for target\site\serenity\7f50d89af72764d28dc1d9a71ea58577e8755f31a316987faef45e1987df4a63.png
20:23:46.758 [main] INFO  - 
  _____   ___   ___   _____     ___     _     ___   ___   ___   ___  
 |_   _| | __| / __| |_   _|   | _ \   /_\   / __| / __| | __| |   \ 
   | |   | _|  \__ \   | |     |  _/  / _ \  \__ \ \__ \ | _|  | |) |
   |_|   |___| |___/   |_|     |_|   /_/ \_\ |___/ |___/ |___| |___/ 

Home detail product
----------------------------------------------------------------------
20:23:46.866 [AsyncHttpClient-1-1] DEBUG org.asynchttpclient.netty.channel.DefaultChannelPool - Entry count for : http://localhost:62740 : 1
20:23:46.866 [AsyncHttpClient-1-1] DEBUG org.asynchttpclient.netty.channel.DefaultChannelPool - Entry count for : http://localhost:56701 : 1
20:23:46.880 [Driver Command Executor] DEBUG org.asynchttpclient.netty.request.NettyRequestSender - Using pooled Channel '[id: 0xf79a11e2, L:/127.0.0.1:62738 - R:localhost/127.0.0.1:56701]' for 'DELETE' to 'http://localhost:56701/session/bdb16c8156fee577232425cf51f38dda'
20:23:46.881 [Driver Command Executor] DEBUG org.asynchttpclient.netty.request.NettyRequestSender - Using open Channel [id: 0xf79a11e2, L:/127.0.0.1:62738 - R:localhost/127.0.0.1:56701] for DELETE '/session/bdb16c8156fee577232425cf51f38dda'
20:23:46.883 [AsyncHttpClient-1-4] DEBUG org.asynchttpclient.netty.handler.WebSocketHandler - Channel Closed: [id: 0xb754d73c, L:/127.0.0.1:62750 ! R:localhost/127.0.0.1:62740] with attribute NettyResponseFuture{currentRetry=5,
	isDone=1,
	isCancelled=0,
	asyncHandler=org.asynchttpclient.ws.WebSocketUpgradeHandler@1ab24773,
	nettyRequest=org.asynchttpclient.netty.request.NettyRequest@545d6e88,
	future=java.util.concurrent.CompletableFuture@7f5a7286[Completed normally],
	uri=ws://localhost:62740/devtools/browser/ffaf01b1-c6f5-4208-9502-113d38d0e602,
	keepAlive=true,
	redirectCount=0,
	timeoutsHolder=null,
	inAuth=0,
	touch=1666790622537}
20:23:46.884 [AsyncHttpClient-1-4] DEBUG org.asynchttpclient.netty.channel.ChannelManager - Closing Channel [id: 0xb754d73c, L:/127.0.0.1:62750 ! R:localhost/127.0.0.1:62740] 
20:23:46.927 [AsyncHttpClient-1-3] DEBUG org.asynchttpclient.netty.handler.HttpHandler - Unexpected I/O exception on channel [id: 0xa8b6f204, L:/127.0.0.1:62749 - R:localhost/127.0.0.1:62740]
java.net.SocketException: Connection reset
	at java.base/sun.nio.ch.SocketChannelImpl.throwConnectionReset(SocketChannelImpl.java:345)
	at java.base/sun.nio.ch.SocketChannelImpl.read(SocketChannelImpl.java:376)
	at io.netty.buffer.PooledByteBuf.setBytes(PooledByteBuf.java:258)
	at io.netty.buffer.AbstractByteBuf.writeBytes(AbstractByteBuf.java:1132)
	at io.netty.channel.socket.nio.NioSocketChannel.doReadBytes(NioSocketChannel.java:350)
	at io.netty.channel.nio.AbstractNioByteChannel$NioByteUnsafe.read(AbstractNioByteChannel.java:151)
	at io.netty.channel.nio.NioEventLoop.processSelectedKey(NioEventLoop.java:722)
	at io.netty.channel.nio.NioEventLoop.processSelectedKeysOptimized(NioEventLoop.java:658)
	at io.netty.channel.nio.NioEventLoop.processSelectedKeys(NioEventLoop.java:584)
	at io.netty.channel.nio.NioEventLoop.run(NioEventLoop.java:496)
	at io.netty.util.concurrent.SingleThreadEventExecutor$4.run(SingleThreadEventExecutor.java:986)
	at io.netty.util.internal.ThreadExecutorMap$2.run(ThreadExecutorMap.java:74)
	at io.netty.util.concurrent.FastThreadLocalRunnable.run(FastThreadLocalRunnable.java:30)
	at java.base/java.lang.Thread.run(Thread.java:830)
20:23:46.928 [AsyncHttpClient-1-3] DEBUG org.asynchttpclient.netty.channel.ChannelManager - Closing Channel [id: 0xa8b6f204, L:/127.0.0.1:62749 - R:localhost/127.0.0.1:62740] 
20:23:46.931 [AsyncHttpClient-1-3] DEBUG org.asynchttpclient.netty.handler.HttpHandler - Channel Closed: [id: 0xa8b6f204, L:/127.0.0.1:62749 ! R:localhost/127.0.0.1:62740] with attribute DISCARD
20:23:46.940 [AsyncHttpClient-1-2] DEBUG org.asynchttpclient.netty.handler.HttpHandler - 

Request DefaultFullHttpRequest(decodeResult: success, version: HTTP/1.1, content: EmptyByteBufBE)
DELETE /session/bdb16c8156fee577232425cf51f38dda HTTP/1.1
User-Agent: selenium/4.1.2 (java windows)
Content-Type: application/json; charset=utf-8
host: localhost:56701
accept: */*

Response DefaultHttpResponse(decodeResult: success, version: HTTP/1.1)
HTTP/1.1 200 OK
Content-Type: application/json; charset=utf-8
cache-control: no-cache
content-length: 14

20:23:46.941 [AsyncHttpClient-1-2] DEBUG org.asynchttpclient.netty.channel.ChannelManager - Adding key: http://localhost:56701 for channel [id: 0xf79a11e2, L:/127.0.0.1:62738 - R:localhost/127.0.0.1:56701]
20:23:47.020 [AsyncHttpClient-1-2] DEBUG org.asynchttpclient.netty.handler.HttpHandler - Channel Closed: [id: 0xf79a11e2, L:/127.0.0.1:62738 ! R:localhost/127.0.0.1:56701] with attribute DISCARD
]]></system-out>
    <system-err><![CDATA[Starting ChromeDriver 105.0.5195.52 (412c95e518836d8a7d97250d62b29c2ae6a26a85-refs/branch-heads/5195@{#853}) on port 56701
Only local connections are allowed.
Please see https://chromedriver.chromium.org/security-considerations for suggestions on keeping ChromeDriver safe.
ChromeDriver was started successfully.
[1666790622.392][WARNING]: This version of ChromeDriver has not been tested with Chrome version 106.
Okt 26, 2022 8:23:42 PM org.openqa.selenium.remote.ProtocolHandshake createSession
INFO: Detected dialect: W3C
Okt 26, 2022 8:23:42 PM org.openqa.selenium.devtools.CdpVersionFinder findNearestMatch
WARNING: Unable to find an exact match for CDP version 106, so returning the closest version found: a no-op implementation
Okt 26, 2022 8:23:42 PM org.openqa.selenium.devtools.CdpVersionFinder findNearestMatch
INFO: Unable to find CDP implementation matching 106.
Okt 26, 2022 8:23:42 PM org.openqa.selenium.chromium.ChromiumDriver lambda$new$3
WARNING: Unable to find version of CDP to use for . You may need to include a dependency on a specific version of the CDP using something similar to `org.seleniumhq.selenium:selenium-devtools-v86:4.1.2` where the version ("v86") matches the version of the chromium-based browser you're using and the version number of the artifact is the same as Selenium's.
]]></system-err>
  </testcase>
  <testcase name="Home product to buy" classname="Home" time="6.572">
    <system-out><![CDATA[
Scenario: Home product to buy          &amp#27;[90m# src/test/resources/features/Home.feature:11&amp#27;[0m
20:23:47.579 [main] INFO io.cucumber.core.plugin.SerenityReporter - Running feature from file:///C:/Users/alwi/IdeaProjects/AltaShop/src/test/resources/features/Home.feature
20:23:47.584 [main] INFO  - 
  _____   ___   ___   _____     ___   _____     _     ___   _____   ___   ___  
 |_   _| | __| / __| |_   _|   / __| |_   _|   /_\   | _ \ |_   _| | __| |   \ 
   | |   | _|  \__ \   | |     \__ \   | |    / _ \  |   /   | |   | _|  | |) |
   |_|   |___| |___/   |_|     |___/   |_|   /_/ \_\ |_|_\   |_|   |___| |___/ 

Home product to buy(home;home-product-to-buy)
--------------------------------------------------------------------------------
20:23:47.610 [main] INFO net.serenitybdd.core.webdriver.driverproviders.ChromeDriverProvider - Using automatically driver download
20:23:47.755 [main] DEBUG io.github.bonigarcia.wdm.cache.ResolutionCache - Resolution chrome=106 in cache (valid until 20:56:42 26/10/2022 ICT)
20:23:47.759 [main] DEBUG io.github.bonigarcia.wdm.cache.ResolutionCache - Resolution chrome106=106.0.5249.61 in cache (valid until 22:47:25 26/10/2022 WIB)
20:23:47.761 [main] INFO io.github.bonigarcia.wdm.WebDriverManager - Using chromedriver 106.0.5249.61 (resolved driver for Chrome 106)
20:23:47.775 [main] DEBUG io.github.bonigarcia.wdm.WebDriverManager - Driver chromedriver 106.0.5249.61 found in cache
20:23:47.776 [main] INFO io.github.bonigarcia.wdm.WebDriverManager - Exporting webdriver.chrome.driver as C:\Users\alwi\.cache\selenium\chromedriver\win32\106.0.5249.61\chromedriver.exe
20:23:47.900 [main] DEBUG net.serenitybdd.core.webdriver.driverproviders.ProvideNewDriver - Instantiating driver
20:23:47.900 [main] DEBUG net.serenitybdd.core.webdriver.driverproviders.ProvideNewDriver - Driver capabilities: Capabilities {acceptInsecureCerts: false, base.url: https://alta-shop.vercel.app, browserName: chrome, chrome.driver: src/test/resources/webdrive..., driver: chrome, goog:chromeOptions: {args: [], extensions: []}, wait.for.timeout: 5000}
20:23:47.966 [AsyncHttpClient-1-1] DEBUG org.asynchttpclient.netty.channel.DefaultChannelPool - Entry count for : http://localhost:62740 : 1
20:23:47.966 [AsyncHttpClient-1-1] DEBUG org.asynchttpclient.netty.channel.DefaultChannelPool - Entry count for : http://localhost:56701 : 1
20:23:47.966 [AsyncHttpClient-1-1] DEBUG org.asynchttpclient.netty.channel.DefaultChannelPool - Adding Candidate expired Channel [id: 0xa8b6f204, L:/127.0.0.1:62749 ! R:localhost/127.0.0.1:62740] isIdleTimeoutExpired=false isRemotelyClosed=true isTtlExpired=false
20:23:47.966 [AsyncHttpClient-1-1] DEBUG org.asynchttpclient.netty.channel.DefaultChannelPool - Closing Idle Channel [id: 0xa8b6f204, L:/127.0.0.1:62749 ! R:localhost/127.0.0.1:62740]
20:23:47.966 [AsyncHttpClient-1-1] DEBUG org.asynchttpclient.netty.channel.DefaultChannelPool - Adding Candidate expired Channel [id: 0xf79a11e2, L:/127.0.0.1:62738 ! R:localhost/127.0.0.1:56701] isIdleTimeoutExpired=false isRemotelyClosed=true isTtlExpired=false
20:23:47.966 [AsyncHttpClient-1-1] DEBUG org.asynchttpclient.netty.channel.DefaultChannelPool - Closing Idle Channel [id: 0xf79a11e2, L:/127.0.0.1:62738 ! R:localhost/127.0.0.1:56701]
20:23:47.966 [AsyncHttpClient-1-1] DEBUG org.asynchttpclient.netty.channel.DefaultChannelPool - Closed 2 connections out of 2 in 0 ms
20:23:48.442 [AsyncHttpClient-1-5] DEBUG org.asynchttpclient.netty.channel.NettyConnectListener - Using new Channel '[id: 0xde431cbf, L:/127.0.0.1:62775 - R:localhost/127.0.0.1:63815]' for 'POST' to '/session'
20:23:49.927 [AsyncHttpClient-1-5] DEBUG org.asynchttpclient.netty.handler.HttpHandler - 

Request DefaultHttpRequest(decodeResult: success, version: HTTP/1.1)
POST /session HTTP/1.1
User-Agent: selenium/4.1.2 (java windows)
Content-Length: 639
Content-Type: application/json; charset=utf-8
host: localhost:63815
accept: */*

Response DefaultHttpResponse(decodeResult: success, version: HTTP/1.1)
HTTP/1.1 200 OK
Content-Type: application/json; charset=utf-8
cache-control: no-cache
content-length: 788

20:23:49.928 [AsyncHttpClient-1-5] DEBUG org.asynchttpclient.netty.channel.ChannelManager - Adding key: http://localhost:63815 for channel [id: 0xde431cbf, L:/127.0.0.1:62775 - R:localhost/127.0.0.1:63815]
20:23:49.941 [AsyncHttpClient-1-6] DEBUG org.asynchttpclient.netty.channel.NettyConnectListener - Using new Channel '[id: 0x63c363a0, L:/127.0.0.1:62783 - R:localhost/127.0.0.1:62777]' for 'GET' to '/json/version'
20:23:49.949 [AsyncHttpClient-1-6] DEBUG org.asynchttpclient.netty.handler.HttpHandler - 

Request DefaultFullHttpRequest(decodeResult: success, version: HTTP/1.1, content: EmptyByteBufBE)
GET /json/version HTTP/1.1
User-Agent: selenium/4.1.2 (java windows)
host: localhost:62777
accept: */*

Response DefaultHttpResponse(decodeResult: success, version: HTTP/1.1)
HTTP/1.1 200 OK
Content-Type: application/json; charset=UTF-8
content-length: 424

20:23:49.949 [AsyncHttpClient-1-6] DEBUG org.asynchttpclient.netty.channel.ChannelManager - Adding key: http://localhost:62777 for channel [id: 0x63c363a0, L:/127.0.0.1:62783 - R:localhost/127.0.0.1:62777]
20:23:49.955 [AsyncHttpClient-1-7] DEBUG org.asynchttpclient.netty.channel.NettyConnectListener - Using new Channel '[id: 0x9c9c5e04, L:/127.0.0.1:62785 - R:localhost/127.0.0.1:62777]' for 'GET' to '/devtools/browser/66aca6fb-a2d0-4877-bf36-7a83c4423676'
20:23:49.964 [AsyncHttpClient-1-7] DEBUG org.asynchttpclient.netty.handler.WebSocketHandler - 

Request DefaultFullHttpRequest(decodeResult: success, version: HTTP/1.1, content: EmptyByteBufBE)
GET /devtools/browser/66aca6fb-a2d0-4877-bf36-7a83c4423676 HTTP/1.1
upgrade: websocket
connection: upgrade
sec-websocket-key: m+7fq4Whpx7aDeYqWxw4Dg==
sec-websocket-version: 13
origin: http://localhost:62777
host: localhost:62777
accept: */*
user-agent: AHC/2.1

Response DefaultHttpResponse(decodeResult: success, version: HTTP/1.1)
HTTP/1.1 101 WebSocket Protocol Handshake
Upgrade: WebSocket
Connection: Upgrade
Sec-WebSocket-Accept: uKyDWtwIjFjq1QGjPEsYvJau9yA=

20:23:49.975 [Forwarding get on session 5c5b7c774a5beadc31bb45908b8c00fd to remote] DEBUG org.asynchttpclient.netty.request.NettyRequestSender - Using pooled Channel '[id: 0xde431cbf, L:/127.0.0.1:62775 - R:localhost/127.0.0.1:63815]' for 'POST' to 'http://localhost:63815/session/5c5b7c774a5beadc31bb45908b8c00fd/url'
20:23:49.975 [Forwarding get on session 5c5b7c774a5beadc31bb45908b8c00fd to remote] DEBUG org.asynchttpclient.netty.request.NettyRequestSender - Using open Channel [id: 0xde431cbf, L:/127.0.0.1:62775 - R:localhost/127.0.0.1:63815] for POST '/session/5c5b7c774a5beadc31bb45908b8c00fd/url'
20:23:50.173 [AsyncHttpClient-1-1] DEBUG org.asynchttpclient.netty.channel.DefaultChannelPool - Entry count for : http://localhost:62777 : 1
20:23:51.271 [AsyncHttpClient-1-1] DEBUG org.asynchttpclient.netty.channel.DefaultChannelPool - Entry count for : http://localhost:62777 : 1
20:23:51.393 [AsyncHttpClient-1-5] DEBUG org.asynchttpclient.netty.handler.HttpHandler - 

Request DefaultHttpRequest(decodeResult: success, version: HTTP/1.1)
POST /session/5c5b7c774a5beadc31bb45908b8c00fd/url HTTP/1.1
User-Agent: selenium/4.1.2 (java windows)
Content-Length: 59
Content-Type: application/json; charset=utf-8
host: localhost:63815
accept: */*

Response DefaultHttpResponse(decodeResult: success, version: HTTP/1.1)
HTTP/1.1 200 OK
Content-Type: application/json; charset=utf-8
cache-control: no-cache
content-length: 14

20:23:51.393 [AsyncHttpClient-1-5] DEBUG org.asynchttpclient.netty.channel.ChannelManager - Adding key: http://localhost:63815 for channel [id: 0xde431cbf, L:/127.0.0.1:62775 - R:localhost/127.0.0.1:63815]
20:23:51.396 [Forwarding setTimeout on session 5c5b7c774a5beadc31bb45908b8c00fd to remote] DEBUG org.asynchttpclient.netty.request.NettyRequestSender - Using pooled Channel '[id: 0xde431cbf, L:/127.0.0.1:62775 - R:localhost/127.0.0.1:63815]' for 'POST' to 'http://localhost:63815/session/5c5b7c774a5beadc31bb45908b8c00fd/timeouts'
20:23:51.396 [Forwarding setTimeout on session 5c5b7c774a5beadc31bb45908b8c00fd to remote] DEBUG org.asynchttpclient.netty.request.NettyRequestSender - Using open Channel [id: 0xde431cbf, L:/127.0.0.1:62775 - R:localhost/127.0.0.1:63815] for POST '/session/5c5b7c774a5beadc31bb45908b8c00fd/timeouts'
20:23:51.398 [AsyncHttpClient-1-5] DEBUG org.asynchttpclient.netty.handler.HttpHandler - 

Request DefaultHttpRequest(decodeResult: success, version: HTTP/1.1)
POST /session/5c5b7c774a5beadc31bb45908b8c00fd/timeouts HTTP/1.1
User-Agent: selenium/4.1.2 (java windows)
Content-Length: 22
Content-Type: application/json; charset=utf-8
host: localhost:63815
accept: */*

Response DefaultHttpResponse(decodeResult: success, version: HTTP/1.1)
HTTP/1.1 200 OK
Content-Type: application/json; charset=utf-8
cache-control: no-cache
content-length: 14

20:23:51.399 [AsyncHttpClient-1-5] DEBUG org.asynchttpclient.netty.channel.ChannelManager - Adding key: http://localhost:63815 for channel [id: 0xde431cbf, L:/127.0.0.1:62775 - R:localhost/127.0.0.1:63815]
20:23:51.403 [Forwarding getCurrentUrl on session 5c5b7c774a5beadc31bb45908b8c00fd to remote] DEBUG org.asynchttpclient.netty.request.NettyRequestSender - Using pooled Channel '[id: 0xde431cbf, L:/127.0.0.1:62775 - R:localhost/127.0.0.1:63815]' for 'GET' to 'http://localhost:63815/session/5c5b7c774a5beadc31bb45908b8c00fd/url'
20:23:51.403 [Forwarding getCurrentUrl on session 5c5b7c774a5beadc31bb45908b8c00fd to remote] DEBUG org.asynchttpclient.netty.request.NettyRequestSender - Using open Channel [id: 0xde431cbf, L:/127.0.0.1:62775 - R:localhost/127.0.0.1:63815] for GET '/session/5c5b7c774a5beadc31bb45908b8c00fd/url'
20:23:51.409 [AsyncHttpClient-1-5] DEBUG org.asynchttpclient.netty.handler.HttpHandler - 

Request DefaultFullHttpRequest(decodeResult: success, version: HTTP/1.1, content: EmptyByteBufBE)
GET /session/5c5b7c774a5beadc31bb45908b8c00fd/url HTTP/1.1
User-Agent: selenium/4.1.2 (java windows)
Cache-Control: no-cache
Content-Type: application/json; charset=utf-8
host: localhost:63815
accept: */*

Response DefaultHttpResponse(decodeResult: success, version: HTTP/1.1)
HTTP/1.1 200 OK
Content-Type: application/json; charset=utf-8
cache-control: no-cache
content-length: 41

20:23:51.409 [AsyncHttpClient-1-5] DEBUG org.asynchttpclient.netty.channel.ChannelManager - Adding key: http://localhost:63815 for channel [id: 0xde431cbf, L:/127.0.0.1:62775 - R:localhost/127.0.0.1:63815]
  &amp#27;[32mGiven &amp#27;[0m&amp#27;[32mI am on the home page&amp#27;[0m          &amp#27;[90m# starter.stepdefinitions.HomeStep.iAmOnTheHomePage()&amp#27;[0m
20:23:51.416 [Forwarding screenshot on session 5c5b7c774a5beadc31bb45908b8c00fd to remote] DEBUG org.asynchttpclient.netty.request.NettyRequestSender - Using pooled Channel '[id: 0xde431cbf, L:/127.0.0.1:62775 - R:localhost/127.0.0.1:63815]' for 'GET' to 'http://localhost:63815/session/5c5b7c774a5beadc31bb45908b8c00fd/screenshot'
20:23:51.416 [Forwarding screenshot on session 5c5b7c774a5beadc31bb45908b8c00fd to remote] DEBUG org.asynchttpclient.netty.request.NettyRequestSender - Using open Channel [id: 0xde431cbf, L:/127.0.0.1:62775 - R:localhost/127.0.0.1:63815] for GET '/session/5c5b7c774a5beadc31bb45908b8c00fd/screenshot'
20:23:51.570 [AsyncHttpClient-1-5] DEBUG org.asynchttpclient.netty.handler.HttpHandler - 

Request DefaultFullHttpRequest(decodeResult: success, version: HTTP/1.1, content: EmptyByteBufBE)
GET /session/5c5b7c774a5beadc31bb45908b8c00fd/screenshot HTTP/1.1
User-Agent: selenium/4.1.2 (java windows)
Cache-Control: no-cache
Content-Type: application/json; charset=utf-8
host: localhost:63815
accept: */*

Response DefaultHttpResponse(decodeResult: success, version: HTTP/1.1)
HTTP/1.1 200 OK
Content-Type: application/json; charset=utf-8
cache-control: no-cache
content-length: 30740

20:23:51.571 [AsyncHttpClient-1-5] DEBUG org.asynchttpclient.netty.channel.ChannelManager - Adding key: http://localhost:63815 for channel [id: 0xde431cbf, L:/127.0.0.1:62775 - R:localhost/127.0.0.1:63815]
20:23:51.573 [main] DEBUG net.serenitybdd.core.photography.Darkroom - Send negative for processing for target\site\serenity\affa0e087ccd0131844c01de5bd306a72387ab139d2d17aaf3f05bb9ba4d087d.png
20:23:51.574 [Darkroom Processing Line] DEBUG net.serenitybdd.core.photography.DarkroomProcessingLine - Processing screenshot image in /var/screenshots/screenshot-14760258301158580841
20:23:51.574 [Darkroom Processing Line] DEBUG net.serenitybdd.core.photography.DarkroomProcessingLine - Saving screenshot to target\site\serenity\affa0e087ccd0131844c01de5bd306a72387ab139d2d17aaf3f05bb9ba4d087d.png
20:23:51.586 [Forwarding findElement on session 5c5b7c774a5beadc31bb45908b8c00fd to remote] DEBUG org.asynchttpclient.netty.request.NettyRequestSender - Using pooled Channel '[id: 0xde431cbf, L:/127.0.0.1:62775 - R:localhost/127.0.0.1:63815]' for 'POST' to 'http://localhost:63815/session/5c5b7c774a5beadc31bb45908b8c00fd/element'
20:23:51.586 [Forwarding findElement on session 5c5b7c774a5beadc31bb45908b8c00fd to remote] DEBUG org.asynchttpclient.netty.request.NettyRequestSender - Using open Channel [id: 0xde431cbf, L:/127.0.0.1:62775 - R:localhost/127.0.0.1:63815] for POST '/session/5c5b7c774a5beadc31bb45908b8c00fd/element'
20:23:52.369 [AsyncHttpClient-1-1] DEBUG org.asynchttpclient.netty.channel.DefaultChannelPool - Entry count for : http://localhost:62777 : 1
20:23:52.826 [AsyncHttpClient-1-5] DEBUG org.asynchttpclient.netty.handler.HttpHandler - 

Request DefaultHttpRequest(decodeResult: success, version: HTTP/1.1)
POST /session/5c5b7c774a5beadc31bb45908b8c00fd/element HTTP/1.1
User-Agent: selenium/4.1.2 (java windows)
Content-Length: 145
Content-Type: application/json; charset=utf-8
host: localhost:63815
accept: */*

Response DefaultHttpResponse(decodeResult: success, version: HTTP/1.1)
HTTP/1.1 200 OK
Content-Type: application/json; charset=utf-8
cache-control: no-cache
content-length: 88

20:23:52.826 [AsyncHttpClient-1-5] DEBUG org.asynchttpclient.netty.channel.ChannelManager - Adding key: http://localhost:63815 for channel [id: 0xde431cbf, L:/127.0.0.1:62775 - R:localhost/127.0.0.1:63815]
20:23:52.831 [Forwarding getElementTagName on session 5c5b7c774a5beadc31bb45908b8c00fd to remote] DEBUG org.asynchttpclient.netty.request.NettyRequestSender - Using pooled Channel '[id: 0xde431cbf, L:/127.0.0.1:62775 - R:localhost/127.0.0.1:63815]' for 'GET' to 'http://localhost:63815/session/5c5b7c774a5beadc31bb45908b8c00fd/element/d75912b8-dd04-4daf-a1ab-3ddf6b5f800c/name'
20:23:52.831 [Forwarding getElementTagName on session 5c5b7c774a5beadc31bb45908b8c00fd to remote] DEBUG org.asynchttpclient.netty.request.NettyRequestSender - Using open Channel [id: 0xde431cbf, L:/127.0.0.1:62775 - R:localhost/127.0.0.1:63815] for GET '/session/5c5b7c774a5beadc31bb45908b8c00fd/element/d75912b8-dd04-4daf-a1ab-3ddf6b5f800c/name'
20:23:52.836 [AsyncHttpClient-1-5] DEBUG org.asynchttpclient.netty.handler.HttpHandler - 

Request DefaultFullHttpRequest(decodeResult: success, version: HTTP/1.1, content: EmptyByteBufBE)
GET /session/5c5b7c774a5beadc31bb45908b8c00fd/element/d75912b8-dd04-4daf-a1ab-3ddf6b5f800c/name HTTP/1.1
User-Agent: selenium/4.1.2 (java windows)
Cache-Control: no-cache
Content-Type: application/json; charset=utf-8
host: localhost:63815
accept: */*

Response DefaultHttpResponse(decodeResult: success, version: HTTP/1.1)
HTTP/1.1 200 OK
Content-Type: application/json; charset=utf-8
cache-control: no-cache
content-length: 18

20:23:52.836 [AsyncHttpClient-1-5] DEBUG org.asynchttpclient.netty.channel.ChannelManager - Adding key: http://localhost:63815 for channel [id: 0xde431cbf, L:/127.0.0.1:62775 - R:localhost/127.0.0.1:63815]
20:23:52.838 [Forwarding getElementTagName on session 5c5b7c774a5beadc31bb45908b8c00fd to remote] DEBUG org.asynchttpclient.netty.request.NettyRequestSender - Using pooled Channel '[id: 0xde431cbf, L:/127.0.0.1:62775 - R:localhost/127.0.0.1:63815]' for 'GET' to 'http://localhost:63815/session/5c5b7c774a5beadc31bb45908b8c00fd/element/d75912b8-dd04-4daf-a1ab-3ddf6b5f800c/name'
20:23:52.838 [Forwarding getElementTagName on session 5c5b7c774a5beadc31bb45908b8c00fd to remote] DEBUG org.asynchttpclient.netty.request.NettyRequestSender - Using open Channel [id: 0xde431cbf, L:/127.0.0.1:62775 - R:localhost/127.0.0.1:63815] for GET '/session/5c5b7c774a5beadc31bb45908b8c00fd/element/d75912b8-dd04-4daf-a1ab-3ddf6b5f800c/name'
20:23:52.841 [AsyncHttpClient-1-5] DEBUG org.asynchttpclient.netty.handler.HttpHandler - 

Request DefaultFullHttpRequest(decodeResult: success, version: HTTP/1.1, content: EmptyByteBufBE)
GET /session/5c5b7c774a5beadc31bb45908b8c00fd/element/d75912b8-dd04-4daf-a1ab-3ddf6b5f800c/name HTTP/1.1
User-Agent: selenium/4.1.2 (java windows)
Cache-Control: no-cache
Content-Type: application/json; charset=utf-8
host: localhost:63815
accept: */*

Response DefaultHttpResponse(decodeResult: success, version: HTTP/1.1)
HTTP/1.1 200 OK
Content-Type: application/json; charset=utf-8
cache-control: no-cache
content-length: 18

20:23:52.841 [AsyncHttpClient-1-5] DEBUG org.asynchttpclient.netty.channel.ChannelManager - Adding key: http://localhost:63815 for channel [id: 0xde431cbf, L:/127.0.0.1:62775 - R:localhost/127.0.0.1:63815]
20:23:52.851 [Forwarding isElementEnabled on session 5c5b7c774a5beadc31bb45908b8c00fd to remote] DEBUG org.asynchttpclient.netty.request.NettyRequestSender - Using pooled Channel '[id: 0xde431cbf, L:/127.0.0.1:62775 - R:localhost/127.0.0.1:63815]' for 'GET' to 'http://localhost:63815/session/5c5b7c774a5beadc31bb45908b8c00fd/element/d75912b8-dd04-4daf-a1ab-3ddf6b5f800c/enabled'
20:23:52.851 [Forwarding isElementEnabled on session 5c5b7c774a5beadc31bb45908b8c00fd to remote] DEBUG org.asynchttpclient.netty.request.NettyRequestSender - Using open Channel [id: 0xde431cbf, L:/127.0.0.1:62775 - R:localhost/127.0.0.1:63815] for GET '/session/5c5b7c774a5beadc31bb45908b8c00fd/element/d75912b8-dd04-4daf-a1ab-3ddf6b5f800c/enabled'
20:23:52.869 [AsyncHttpClient-1-5] DEBUG org.asynchttpclient.netty.handler.HttpHandler - 

Request DefaultFullHttpRequest(decodeResult: success, version: HTTP/1.1, content: EmptyByteBufBE)
GET /session/5c5b7c774a5beadc31bb45908b8c00fd/element/d75912b8-dd04-4daf-a1ab-3ddf6b5f800c/enabled HTTP/1.1
User-Agent: selenium/4.1.2 (java windows)
Cache-Control: no-cache
Content-Type: application/json; charset=utf-8
host: localhost:63815
accept: */*

Response DefaultHttpResponse(decodeResult: success, version: HTTP/1.1)
HTTP/1.1 200 OK
Content-Type: application/json; charset=utf-8
cache-control: no-cache
content-length: 14

20:23:52.870 [AsyncHttpClient-1-5] DEBUG org.asynchttpclient.netty.channel.ChannelManager - Adding key: http://localhost:63815 for channel [id: 0xde431cbf, L:/127.0.0.1:62775 - R:localhost/127.0.0.1:63815]
20:23:52.875 [Forwarding isElementEnabled on session 5c5b7c774a5beadc31bb45908b8c00fd to remote] DEBUG org.asynchttpclient.netty.request.NettyRequestSender - Using pooled Channel '[id: 0xde431cbf, L:/127.0.0.1:62775 - R:localhost/127.0.0.1:63815]' for 'GET' to 'http://localhost:63815/session/5c5b7c774a5beadc31bb45908b8c00fd/element/d75912b8-dd04-4daf-a1ab-3ddf6b5f800c/enabled'
20:23:52.875 [Forwarding isElementEnabled on session 5c5b7c774a5beadc31bb45908b8c00fd to remote] DEBUG org.asynchttpclient.netty.request.NettyRequestSender - Using open Channel [id: 0xde431cbf, L:/127.0.0.1:62775 - R:localhost/127.0.0.1:63815] for GET '/session/5c5b7c774a5beadc31bb45908b8c00fd/element/d75912b8-dd04-4daf-a1ab-3ddf6b5f800c/enabled'
20:23:52.887 [AsyncHttpClient-1-5] DEBUG org.asynchttpclient.netty.handler.HttpHandler - 

Request DefaultFullHttpRequest(decodeResult: success, version: HTTP/1.1, content: EmptyByteBufBE)
GET /session/5c5b7c774a5beadc31bb45908b8c00fd/element/d75912b8-dd04-4daf-a1ab-3ddf6b5f800c/enabled HTTP/1.1
User-Agent: selenium/4.1.2 (java windows)
Cache-Control: no-cache
Content-Type: application/json; charset=utf-8
host: localhost:63815
accept: */*

Response DefaultHttpResponse(decodeResult: success, version: HTTP/1.1)
HTTP/1.1 200 OK
Content-Type: application/json; charset=utf-8
cache-control: no-cache
content-length: 14

20:23:52.888 [AsyncHttpClient-1-5] DEBUG org.asynchttpclient.netty.channel.ChannelManager - Adding key: http://localhost:63815 for channel [id: 0xde431cbf, L:/127.0.0.1:62775 - R:localhost/127.0.0.1:63815]
20:23:52.890 [Forwarding findElement on session 5c5b7c774a5beadc31bb45908b8c00fd to remote] DEBUG org.asynchttpclient.netty.request.NettyRequestSender - Using pooled Channel '[id: 0xde431cbf, L:/127.0.0.1:62775 - R:localhost/127.0.0.1:63815]' for 'POST' to 'http://localhost:63815/session/5c5b7c774a5beadc31bb45908b8c00fd/element'
20:23:52.891 [Forwarding findElement on session 5c5b7c774a5beadc31bb45908b8c00fd to remote] DEBUG org.asynchttpclient.netty.request.NettyRequestSender - Using open Channel [id: 0xde431cbf, L:/127.0.0.1:62775 - R:localhost/127.0.0.1:63815] for POST '/session/5c5b7c774a5beadc31bb45908b8c00fd/element'
20:23:52.899 [AsyncHttpClient-1-5] DEBUG org.asynchttpclient.netty.handler.HttpHandler - 

Request DefaultHttpRequest(decodeResult: success, version: HTTP/1.1)
POST /session/5c5b7c774a5beadc31bb45908b8c00fd/element HTTP/1.1
User-Agent: selenium/4.1.2 (java windows)
Content-Length: 145
Content-Type: application/json; charset=utf-8
host: localhost:63815
accept: */*

Response DefaultHttpResponse(decodeResult: success, version: HTTP/1.1)
HTTP/1.1 200 OK
Content-Type: application/json; charset=utf-8
cache-control: no-cache
content-length: 88

20:23:52.899 [AsyncHttpClient-1-5] DEBUG org.asynchttpclient.netty.channel.ChannelManager - Adding key: http://localhost:63815 for channel [id: 0xde431cbf, L:/127.0.0.1:62775 - R:localhost/127.0.0.1:63815]
20:23:52.901 [Forwarding clickElement on session 5c5b7c774a5beadc31bb45908b8c00fd to remote] DEBUG org.asynchttpclient.netty.request.NettyRequestSender - Using pooled Channel '[id: 0xde431cbf, L:/127.0.0.1:62775 - R:localhost/127.0.0.1:63815]' for 'POST' to 'http://localhost:63815/session/5c5b7c774a5beadc31bb45908b8c00fd/element/d75912b8-dd04-4daf-a1ab-3ddf6b5f800c/click'
20:23:52.901 [Forwarding clickElement on session 5c5b7c774a5beadc31bb45908b8c00fd to remote] DEBUG org.asynchttpclient.netty.request.NettyRequestSender - Using open Channel [id: 0xde431cbf, L:/127.0.0.1:62775 - R:localhost/127.0.0.1:63815] for POST '/session/5c5b7c774a5beadc31bb45908b8c00fd/element/d75912b8-dd04-4daf-a1ab-3ddf6b5f800c/click'
20:23:52.950 [AsyncHttpClient-1-5] DEBUG org.asynchttpclient.netty.handler.HttpHandler - 

Request DefaultHttpRequest(decodeResult: success, version: HTTP/1.1)
POST /session/5c5b7c774a5beadc31bb45908b8c00fd/element/d75912b8-dd04-4daf-a1ab-3ddf6b5f800c/click HTTP/1.1
User-Agent: selenium/4.1.2 (java windows)
Content-Length: 50
Content-Type: application/json; charset=utf-8
host: localhost:63815
accept: */*

Response DefaultHttpResponse(decodeResult: success, version: HTTP/1.1)
HTTP/1.1 200 OK
Content-Type: application/json; charset=utf-8
cache-control: no-cache
content-length: 14

20:23:52.951 [AsyncHttpClient-1-5] DEBUG org.asynchttpclient.netty.channel.ChannelManager - Adding key: http://localhost:63815 for channel [id: 0xde431cbf, L:/127.0.0.1:62775 - R:localhost/127.0.0.1:63815]
  &amp#27;[32mWhen &amp#27;[0m&amp#27;[32mI click button buy&amp#27;[0m              &amp#27;[90m# starter.stepdefinitions.HomeStep.iClickButtonBuy()&amp#27;[0m
20:23:52.958 [Forwarding screenshot on session 5c5b7c774a5beadc31bb45908b8c00fd to remote] DEBUG org.asynchttpclient.netty.request.NettyRequestSender - Using pooled Channel '[id: 0xde431cbf, L:/127.0.0.1:62775 - R:localhost/127.0.0.1:63815]' for 'GET' to 'http://localhost:63815/session/5c5b7c774a5beadc31bb45908b8c00fd/screenshot'
20:23:52.958 [Forwarding screenshot on session 5c5b7c774a5beadc31bb45908b8c00fd to remote] DEBUG org.asynchttpclient.netty.request.NettyRequestSender - Using open Channel [id: 0xde431cbf, L:/127.0.0.1:62775 - R:localhost/127.0.0.1:63815] for GET '/session/5c5b7c774a5beadc31bb45908b8c00fd/screenshot'
20:23:53.078 [AsyncHttpClient-1-5] DEBUG org.asynchttpclient.netty.handler.HttpHandler - 

Request DefaultFullHttpRequest(decodeResult: success, version: HTTP/1.1, content: EmptyByteBufBE)
GET /session/5c5b7c774a5beadc31bb45908b8c00fd/screenshot HTTP/1.1
User-Agent: selenium/4.1.2 (java windows)
Cache-Control: no-cache
Content-Type: application/json; charset=utf-8
host: localhost:63815
accept: */*

Response DefaultHttpResponse(decodeResult: success, version: HTTP/1.1)
HTTP/1.1 200 OK
Content-Type: application/json; charset=utf-8
cache-control: no-cache
content-length: 69572

20:23:53.079 [AsyncHttpClient-1-5] DEBUG org.asynchttpclient.netty.channel.ChannelManager - Adding key: http://localhost:63815 for channel [id: 0xde431cbf, L:/127.0.0.1:62775 - R:localhost/127.0.0.1:63815]
20:23:53.083 [main] DEBUG net.serenitybdd.core.photography.Darkroom - Send negative for processing for target\site\serenity\10cd88c1ddf6cbb8fd31f5e8f2023b9735c89df32a3df95eb316453c91f8ef4f.png
20:23:53.083 [Darkroom Processing Line] DEBUG net.serenitybdd.core.photography.DarkroomProcessingLine - Processing screenshot image in /var/screenshots/screenshot-3863722407102963456
20:23:53.083 [Darkroom Processing Line] DEBUG net.serenitybdd.core.photography.DarkroomProcessingLine - Saving screenshot to target\site\serenity\10cd88c1ddf6cbb8fd31f5e8f2023b9735c89df32a3df95eb316453c91f8ef4f.png
20:23:53.097 [Forwarding findElement on session 5c5b7c774a5beadc31bb45908b8c00fd to remote] DEBUG org.asynchttpclient.netty.request.NettyRequestSender - Using pooled Channel '[id: 0xde431cbf, L:/127.0.0.1:62775 - R:localhost/127.0.0.1:63815]' for 'POST' to 'http://localhost:63815/session/5c5b7c774a5beadc31bb45908b8c00fd/element'
20:23:53.097 [Forwarding findElement on session 5c5b7c774a5beadc31bb45908b8c00fd to remote] DEBUG org.asynchttpclient.netty.request.NettyRequestSender - Using open Channel [id: 0xde431cbf, L:/127.0.0.1:62775 - R:localhost/127.0.0.1:63815] for POST '/session/5c5b7c774a5beadc31bb45908b8c00fd/element'
20:23:53.305 [AsyncHttpClient-1-5] DEBUG org.asynchttpclient.netty.handler.HttpHandler - 

Request DefaultHttpRequest(decodeResult: success, version: HTTP/1.1)
POST /session/5c5b7c774a5beadc31bb45908b8c00fd/element HTTP/1.1
User-Agent: selenium/4.1.2 (java windows)
Content-Length: 86
Content-Type: application/json; charset=utf-8
host: localhost:63815
accept: */*

Response DefaultHttpResponse(decodeResult: success, version: HTTP/1.1)
HTTP/1.1 200 OK
Content-Type: application/json; charset=utf-8
cache-control: no-cache
content-length: 88

20:23:53.306 [AsyncHttpClient-1-5] DEBUG org.asynchttpclient.netty.channel.ChannelManager - Adding key: http://localhost:63815 for channel [id: 0xde431cbf, L:/127.0.0.1:62775 - R:localhost/127.0.0.1:63815]
20:23:53.320 [Forwarding isElementDisplayed on session 5c5b7c774a5beadc31bb45908b8c00fd to remote] DEBUG org.asynchttpclient.netty.request.NettyRequestSender - Using pooled Channel '[id: 0xde431cbf, L:/127.0.0.1:62775 - R:localhost/127.0.0.1:63815]' for 'POST' to 'http://localhost:63815/session/5c5b7c774a5beadc31bb45908b8c00fd/execute/sync'
20:23:53.320 [Forwarding isElementDisplayed on session 5c5b7c774a5beadc31bb45908b8c00fd to remote] DEBUG org.asynchttpclient.netty.request.NettyRequestSender - Using open Channel [id: 0xde431cbf, L:/127.0.0.1:62775 - R:localhost/127.0.0.1:63815] for POST '/session/5c5b7c774a5beadc31bb45908b8c00fd/execute/sync'
20:23:53.349 [AsyncHttpClient-1-5] DEBUG org.asynchttpclient.netty.handler.HttpHandler - 

Request DefaultHttpRequest(decodeResult: success, version: HTTP/1.1)
POST /session/5c5b7c774a5beadc31bb45908b8c00fd/execute/sync HTTP/1.1
User-Agent: selenium/4.1.2 (java windows)
Content-Length: 48780
Content-Type: application/json; charset=utf-8
host: localhost:63815
accept: */*

Response DefaultHttpResponse(decodeResult: success, version: HTTP/1.1)
HTTP/1.1 200 OK
Content-Type: application/json; charset=utf-8
cache-control: no-cache
content-length: 14

20:23:53.350 [AsyncHttpClient-1-5] DEBUG org.asynchttpclient.netty.channel.ChannelManager - Adding key: http://localhost:63815 for channel [id: 0xde431cbf, L:/127.0.0.1:62775 - R:localhost/127.0.0.1:63815]
  &amp#27;[32mThen &amp#27;[0m&amp#27;[32mI will get the product to order&amp#27;[0m &amp#27;[90m# starter.stepdefinitions.HomeStep.iWillGetTheProductToOrder()&amp#27;[0m
[...]
	at org.openqa.selenium.support.ui.FluentWait.timeoutException(FluentWait.java:263)
	at org.openqa.selenium.support.ui.FluentWait.until(FluentWait.java:231)
	at net.serenitybdd.core.pages.WebElementFacadeImpl.waitUntilEnabled(WebElementFacadeImpl.java:1097)
	at net.serenitybdd.core.pages.WebElementFacadeImpl.waitUntilElementAvailable(WebElementFacadeImpl.java:888)
	at net.serenitybdd.core.pages.WebElementFacadeImpl.click(WebElementFacadeImpl.java:1182)
	at net.serenitybdd.core.pages.WebElementFacadeImpl.click(WebElementFacadeImpl.java:1201)
	at AltaShop@1.0-SNAPSHOT/starter.pages.LoginPage.ClickBtnLogin(LoginPage.java:29)
	at AltaShop@1.0-SNAPSHOT/starter.pages.LoginPage$ByteBuddy$0y5FowtZ.ClickBtnLogin$accessor$9n6zCn55(Unknown Source)
	at java.base/jdk.internal.reflect.NativeMethodAccessorImpl.invoke0(Native Method)
	at java.base/jdk.internal.reflect.NativeMethodAccessorImpl.invoke(NativeMethodAccessorImpl.java:62)
	at java.base/jdk.internal.reflect.DelegatingMethodAccessorImpl.invoke(DelegatingMethodAccessorImpl.java:43)
	at java.base/java.lang.reflect.Method.invoke(Method.java:567)
	at net.thucydides.core.steps.BaseMethodRunner.invokeMethod(BaseMethodRunner.java:18)
	at net.thucydides.core.steps.NormalMethodRunner.invokeMethodAndNotifyFailures(NormalMethodRunner.java:18)
	at net.thucydides.core.steps.StepInterceptor.runNormalMethod(StepInterceptor.java:406)
	at net.thucydides.core.steps.StepInterceptor.testStepResult(StepInterceptor.java:191)
	at net.thucydides.core.steps.StepInterceptor.intercept(StepInterceptor.java:84)
	at net.thucydides.core.steps.ProxyConfiguration$InterceptorDispatcher.intercept(ProxyConfiguration.java:51)
	at AltaShop@1.0-SNAPSHOT/starter.pages.LoginPage$ByteBuddy$0y5FowtZ.ClickBtnLogin(Unknown Source)
	at AltaShop@1.0-SNAPSHOT/starter.stepdefinitions.LoginStep.iClickLoginButton(LoginStep.java:31)
	at java.base/jdk.internal.reflect.NativeMethodAccessorImpl.invoke0(Native Method)
	at java.base/jdk.internal.reflect.NativeMethodAccessorImpl.invoke(NativeMethodAccessorImpl.java:62)
	at java.base/jdk.internal.reflect.DelegatingMethodAccessorImpl.invoke(DelegatingMethodAccessorImpl.java:43)
	at java.base/java.lang.reflect.Method.invoke(Method.java:567)
	at io.cucumber.java.Invoker.doInvoke(Invoker.java:66)
	at io.cucumber.java.Invoker.invoke(Invoker.java:24)
	at io.cucumber.java.AbstractGlueDefinition.invokeMethod(AbstractGlueDefinition.java:47)
	at io.cucumber.java.JavaStepDefinition.execute(JavaStepDefinition.java:29)
	at io.cucumber.core.runner.CoreStepDefinition.execute(CoreStepDefinition.java:66)
	at io.cucumber.core.runner.PickleStepDefinitionMatch.runStep(PickleStepDefinitionMatch.java:63)
	at io.cucumber.core.runner.ExecutionMode$1.execute(ExecutionMode.java:10)
	at io.cucumber.core.runner.TestStep.executeStep(TestStep.java:86)
	at io.cucumber.core.runner.TestStep.run(TestStep.java:57)
	at io.cucumber.core.runner.PickleStepTestStep.run(PickleStepTestStep.java:51)
	at io.cucumber.core.runner.TestCase.run(TestCase.java:95)
	at io.cucumber.core.runner.Runner.runPickle(Runner.java:75)
	at io.cucumber.junit.PickleRunners$NoStepDescriptions.lambda$run$0(PickleRunners.java:151)
	at io.cucumber.core.runtime.CucumberExecutionContext.lambda$runTestCase$3(CucumberExecutionContext.java:151)
	at io.cucumber.core.runtime.RethrowingThrowableCollector.executeAndThrow(RethrowingThrowableCollector.java:23)
	at io.cucumber.core.runtime.CucumberExecutionContext.runTestCase(CucumberExecutionContext.java:151)
	at io.cucumber.junit.PickleRunners$NoStepDescriptions.run(PickleRunners.java:148)
	at io.cucumber.junit.FeatureRunner.runChild(FeatureRunner.java:144)
	at io.cucumber.junit.FeatureRunner.runChild(FeatureRunner.java:28)
	at org.junit.runners.ParentRunner$4.run(ParentRunner.java:331)
	at org.junit.runners.ParentRunner$1.schedule(ParentRunner.java:79)
	at org.junit.runners.ParentRunner.runChildren(ParentRunner.java:329)
	at org.junit.runners.ParentRunner.access$100(ParentRunner.java:66)
	at org.junit.runners.ParentRunner$2.evaluate(ParentRunner.java:293)
	at org.junit.runners.ParentRunner$3.evaluate(ParentRunner.java:306)
	at org.junit.runners.ParentRunner.run(ParentRunner.java:413)
	at io.cucumber.junit.FeatureRunner.run(FeatureRunner.java:137)
	at io.cucumber.junit.CucumberSerenityRunner.runChild(CucumberSerenityRunner.java:258)
	at io.cucumber.junit.CucumberSerenityRunner.runChild(CucumberSerenityRunner.java:58)
	at org.junit.runners.ParentRunner$4.run(ParentRunner.java:331)
	at org.junit.runners.ParentRunner$1.schedule(ParentRunner.java:79)
	at org.junit.runners.ParentRunner.runChildren(ParentRunner.java:329)
	at org.junit.runners.ParentRunner.access$100(ParentRunner.java:66)
	at org.junit.runners.ParentRunner$2.evaluate(ParentRunner.java:293)
	at io.cucumber.junit.CucumberSerenityRunner$RunCucumber.evaluate(CucumberSerenityRunner.java:287)
	at org.junit.runners.ParentRunner$3.evaluate(ParentRunner.java:306)
	at org.junit.runners.ParentRunner.run(ParentRunner.java:413)
	at org.junit.runner.JUnitCore.run(JUnitCore.java:137)
	at org.junit.runner.JUnitCore.run(JUnitCore.java:115)
	at org.junit.vintage.engine.execution.RunnerExecutor.execute(RunnerExecutor.java:42)
	at org.junit.vintage.engine.VintageTestEngine.executeAllChildren(VintageTestEngine.java:80)
	at org.junit.vintage.engine.VintageTestEngine.execute(VintageTestEngine.java:72)
	at org.junit.platform.launcher.core.EngineExecutionOrchestrator.execute(EngineExecutionOrchestrator.java:107)
	at org.junit.platform.launcher.core.EngineExecutionOrchestrator.execute(EngineExecutionOrchestrator.java:88)
	at org.junit.platform.launcher.core.EngineExecutionOrchestrator.lambda$execute$0(EngineExecutionOrchestrator.java:54)
	at org.junit.platform.launcher.core.EngineExecutionOrchestrator.withInterceptedStreams(EngineExecutionOrchestrator.java:67)
	at org.junit.platform.launcher.core.EngineExecutionOrchestrator.execute(EngineExecutionOrchestrator.java:52)
	at org.junit.platform.launcher.core.DefaultLauncher.execute(DefaultLauncher.java:114)
	at org.junit.platform.launcher.core.DefaultLauncher.execute(DefaultLauncher.java:86)
	at org.junit.platform.launcher.core.DefaultLauncherSession$DelegatingLauncher.execute(DefaultLauncherSession.java:86)
	at org.junit.platform.launcher.core.SessionPerRequestLauncher.execute(SessionPerRequestLauncher.java:53)
	at org.apache.maven.surefire.junitplatform.JUnitPlatformProvider.execute(JUnitPlatformProvider.java:188)
	at org.apache.maven.surefire.junitplatform.JUnitPlatformProvider.invokeAllTests(JUnitPlatformProvider.java:154)
	at org.apache.maven.surefire.junitplatform.JUnitPlatformProvider.invoke(JUnitPlatformProvider.java:128)
	at org.apache.maven.surefire.booter.ForkedBooter.runSuitesInProcess(ForkedBooter.java:428)
	at org.apache.maven.surefire.booter.ForkedBooter.execute(ForkedBooter.java:162)
	at org.apache.maven.surefire.booter.ForkedBooter.run(ForkedBooter.java:562)
	at org.apache.maven.surefire.booter.ForkedBooter.main(ForkedBooter.java:548)
Caused by: org.openqa.selenium.NoSuchElementException: no such element: Unable to locate element: {"method":"xpath","selector":"//button[@class = 'v-btn v-btn--is-elevated v-btn--has-bg theme--light v-size--default primary']"}
  (Session info: chrome=106.0.5249.119)
For documentation on this error, please visit: https://selenium.dev/exceptions/#no_such_element
Build info: version: '4.1.2', revision: '9a5a329c5a'
System info: host: 'DESKTOP-3MAQDS2', ip: '192.168.1.5', os.name: 'Windows 10', os.arch: 'amd64', os.version: '10.0', java.version: '13.0.2'
Driver info: org.openqa.selenium.chrome.ChromeDriver
Command: [337190980dc77e15ab5f4a85f93ab228, findElement {using=xpath, value=//button[@class = 'v-btn v-btn--is-elevated v-btn--has-bg theme--light v-size--default primary']}]
Capabilities {acceptInsecureCerts: false, browserName: chrome, browserVersion: 106.0.5249.119, chrome: {chromedriverVersion: 105.0.5195.52 (412c95e51883..., userDataDir: C:\Users\alwi\AppData\Local...}, goog:chromeOptions: {debuggerAddress: localhost:63170}, javascriptEnabled: true, networkConnectionEnabled: false, pageLoadStrategy: normal, platform: WINDOWS, platformName: WINDOWS, proxy: Proxy(), se:cdp: ws://localhost:63170/devtoo..., se:cdpVersion: 106.0.5249.119, setWindowRect: true, strictFileInteractability: false, timeouts: {implicit: 0, pageLoad: 300000, script: 30000}, unhandledPromptBehavior: dismiss and notify, webauthn:extension:credBlob: true, webauthn:extension:largeBlob: true, webauthn:virtualAuthenticators: true}
Session ID: 337190980dc77e15ab5f4a85f93ab228
	at java.base/jdk.internal.reflect.NativeConstructorAccessorImpl.newInstance0(Native Method)
	at java.base/jdk.internal.reflect.NativeConstructorAccessorImpl.newInstance(NativeConstructorAccessorImpl.java:62)
	at java.base/jdk.internal.reflect.DelegatingConstructorAccessorImpl.newInstance(DelegatingConstructorAccessorImpl.java:45)
	at java.base/java.lang.reflect.Constructor.newInstanceWithCaller(Constructor.java:500)
	at java.base/java.lang.reflect.Constructor.newInstance(Constructor.java:481)
	at org.openqa.selenium.remote.codec.w3c.W3CHttpResponseCodec.createException(W3CHttpResponseCodec.java:200)
	at org.openqa.selenium.remote.codec.w3c.W3CHttpResponseCodec.decode(W3CHttpResponseCodec.java:133)
	at org.openqa.selenium.remote.codec.w3c.W3CHttpResponseCodec.decode(W3CHttpResponseCodec.java:53)
	at org.openqa.selenium.remote.HttpCommandExecutor.execute(HttpCommandExecutor.java:184)
	at org.openqa.selenium.remote.service.DriverCommandExecutor.invokeExecute(DriverCommandExecutor.java:167)
	at org.openqa.selenium.remote.service.DriverCommandExecutor.execute(DriverCommandExecutor.java:142)
	at org.openqa.selenium.remote.RemoteWebDriver.execute(RemoteWebDriver.java:558)
	at org.openqa.selenium.remote.ElementLocation$ElementFinder$2.findElement(ElementLocation.java:162)
	at org.openqa.selenium.remote.ElementLocation.findElement(ElementLocation.java:60)
	at org.openqa.selenium.remote.RemoteWebDriver.findElement(RemoteWebDriver.java:382)
	at org.openqa.selenium.remote.RemoteWebDriver.findElement(RemoteWebDriver.java:374)
	at net.thucydides.core.webdriver.WebDriverFacade.findElement(WebDriverFacade.java:224)
	at net.serenitybdd.core.pages.WebElementResolverByLocator.resolveForDriver(WebElementResolverByLocator.java:25)
	at net.serenitybdd.core.pages.WebElementFacadeImpl.getResolvedElement(WebElementFacadeImpl.java:191)
	at net.serenitybdd.core.pages.WebElementFacadeImpl.getElement(WebElementFacadeImpl.java:186)
	at net.serenitybdd.core.pages.WebElementExpectations$3.apply(WebElementExpectations.java:63)
	at net.serenitybdd.core.pages.WebElementExpectations$3.apply(WebElementExpectations.java:55)
	at org.openqa.selenium.support.ui.FluentWait.until(FluentWait.java:208)
	... 80 more
&amp#27;[0m
  &amp#27;[36mAnd &amp#27;[0m&amp#27;[36mI click register button&amp#27;[0m                  &amp#27;[90m# starter.stepdefinitions.RegisterStep.iClickRegisterButton()&amp#27;[0m
  &amp#27;[36mWhen &amp#27;[0m&amp#27;[36mI input fullname register &amp#27;[0m&amp#27;[36m&amp#27;[1m""&amp#27;[0m            &amp#27;[90m# starter.stepdefinitions.RegisterStep.iInputFullnameRegister(java.lang.String)&amp#27;[0m
  &amp#27;[36mAnd &amp#27;[0m&amp#27;[36mI input email register &amp#27;[0m&amp#27;[36m&amp#27;[1m""&amp#27;[0m                &amp#27;[90m# starter.stepdefinitions.RegisterStep.iInputEmailRegister(java.lang.String)&amp#27;[0m
  &amp#27;[36mAnd &amp#27;[0m&amp#27;[36mI input password register &amp#27;[0m&amp#27;[36m&amp#27;[1m""&amp#27;[0m             &amp#27;[90m# starter.stepdefinitions.RegisterStep.iInputPasswordRegister(java.lang.String)&amp#27;[0m
  &amp#27;[36mAnd &amp#27;[0m&amp#27;[36mI click submit register button&amp#27;[0m           &amp#27;[90m# starter.stepdefinitions.RegisterStep.iClickSubmitRegisterButton()&amp#27;[0m
  &amp#27;[36mThen &amp#27;[0m&amp#27;[36mI will get the result register &amp#27;[0m&amp#27;[36m&amp#27;[1m"failed"&amp#27;[0m &amp#27;[90m# starter.stepdefinitions.RegisterStep.iWillGetTheResultRegister(java.lang.String)&amp#27;[0m
20:25:17.537 [AsyncHttpClient-1-8] DEBUG org.asynchttpclient.netty.handler.WebSocketHandler - Channel Closed: [id: 0x0569276b, L:/127.0.0.1:63177 ! R:localhost/127.0.0.1:63170] with attribute NettyResponseFuture{currentRetry=5,
	isDone=1,
	isCancelled=0,
	asyncHandler=org.asynchttpclient.ws.WebSocketUpgradeHandler@45cb1db2,
	nettyRequest=org.asynchttpclient.netty.request.NettyRequest@47cb4390,
	future=java.util.concurrent.CompletableFuture@1de7021f[Completed normally],
	uri=ws://localhost:63170/devtools/browser/b4589dfd-0f72-4c7d-b2d9-98cc5708b164,
	keepAlive=true,
	redirectCount=0,
	timeoutsHolder=null,
	inAuth=0,
	touch=1666790710138}
20:25:17.537 [AsyncHttpClient-1-8] DEBUG org.asynchttpclient.netty.channel.ChannelManager - Closing Channel [id: 0x0569276b, L:/127.0.0.1:63177 ! R:localhost/127.0.0.1:63170] 
20:25:17.537 [Driver Command Executor] DEBUG org.asynchttpclient.netty.request.NettyRequestSender - Using pooled Channel '[id: 0xe189679b, L:/127.0.0.1:63168 - R:localhost/127.0.0.1:54767]' for 'DELETE' to 'http://localhost:54767/session/337190980dc77e15ab5f4a85f93ab228'
20:25:17.537 [Driver Command Executor] DEBUG org.asynchttpclient.netty.request.NettyRequestSender - Using open Channel [id: 0xe189679b, L:/127.0.0.1:63168 - R:localhost/127.0.0.1:54767] for DELETE '/session/337190980dc77e15ab5f4a85f93ab228'
20:25:17.563 [AsyncHttpClient-1-7] DEBUG org.asynchttpclient.netty.handler.HttpHandler - Unexpected I/O exception on channel [id: 0x2560c48d, L:/127.0.0.1:63176 - R:localhost/127.0.0.1:63170]
java.net.SocketException: Connection reset
	at java.base/sun.nio.ch.SocketChannelImpl.throwConnectionReset(SocketChannelImpl.java:345)
	at java.base/sun.nio.ch.SocketChannelImpl.read(SocketChannelImpl.java:376)
	at io.netty.buffer.PooledByteBuf.setBytes(PooledByteBuf.java:258)
	at io.netty.buffer.AbstractByteBuf.writeBytes(AbstractByteBuf.java:1132)
	at io.netty.channel.socket.nio.NioSocketChannel.doReadBytes(NioSocketChannel.java:350)
	at io.netty.channel.nio.AbstractNioByteChannel$NioByteUnsafe.read(AbstractNioByteChannel.java:151)
	at io.netty.channel.nio.NioEventLoop.processSelectedKey(NioEventLoop.java:722)
	at io.netty.channel.nio.NioEventLoop.processSelectedKeysOptimized(NioEventLoop.java:658)
	at io.netty.channel.nio.NioEventLoop.processSelectedKeys(NioEventLoop.java:584)
	at io.netty.channel.nio.NioEventLoop.run(NioEventLoop.java:496)
	at io.netty.util.concurrent.SingleThreadEventExecutor$4.run(SingleThreadEventExecutor.java:986)
	at io.netty.util.internal.ThreadExecutorMap$2.run(ThreadExecutorMap.java:74)
	at io.netty.util.concurrent.FastThreadLocalRunnable.run(FastThreadLocalRunnable.java:30)
	at java.base/java.lang.Thread.run(Thread.java:830)
20:25:17.564 [AsyncHttpClient-1-7] DEBUG org.asynchttpclient.netty.channel.ChannelManager - Closing Channel [id: 0x2560c48d, L:/127.0.0.1:63176 - R:localhost/127.0.0.1:63170] 
20:25:17.564 [AsyncHttpClient-1-7] DEBUG org.asynchttpclient.netty.handler.HttpHandler - Channel Closed: [id: 0x2560c48d, L:/127.0.0.1:63176 ! R:localhost/127.0.0.1:63170] with attribute DISCARD
20:25:17.581 [AsyncHttpClient-1-6] DEBUG org.asynchttpclient.netty.handler.HttpHandler - 

Request DefaultFullHttpRequest(decodeResult: success, version: HTTP/1.1, content: EmptyByteBufBE)
DELETE /session/337190980dc77e15ab5f4a85f93ab228 HTTP/1.1
User-Agent: selenium/4.1.2 (java windows)
Content-Type: application/json; charset=utf-8
host: localhost:54767
accept: */*

Response DefaultHttpResponse(decodeResult: success, version: HTTP/1.1)
HTTP/1.1 200 OK
Content-Type: application/json; charset=utf-8
cache-control: no-cache
content-length: 14

20:25:17.581 [AsyncHttpClient-1-6] DEBUG org.asynchttpclient.netty.channel.ChannelManager - Adding key: http://localhost:54767 for channel [id: 0xe189679b, L:/127.0.0.1:63168 - R:localhost/127.0.0.1:54767]
20:25:18.165 [AsyncHttpClient-1-1] DEBUG org.asynchttpclient.netty.channel.DefaultChannelPool - Entry count for : http://localhost:63170 : 1
20:25:18.165 [AsyncHttpClient-1-1] DEBUG org.asynchttpclient.netty.channel.DefaultChannelPool - Entry count for : http://localhost:54767 : 1
20:25:18.165 [AsyncHttpClient-1-1] DEBUG org.asynchttpclient.netty.channel.DefaultChannelPool - Adding Candidate expired Channel [id: 0x2560c48d, L:/127.0.0.1:63176 ! R:localhost/127.0.0.1:63170] isIdleTimeoutExpired=false isRemotelyClosed=true isTtlExpired=false
20:25:18.165 [AsyncHttpClient-1-1] DEBUG org.asynchttpclient.netty.channel.DefaultChannelPool - Closing Idle Channel [id: 0x2560c48d, L:/127.0.0.1:63176 ! R:localhost/127.0.0.1:63170]
20:25:18.165 [AsyncHttpClient-1-1] DEBUG org.asynchttpclient.netty.channel.DefaultChannelPool - Closed 1 connections out of 2 in 0 ms
20:25:18.600 [AsyncHttpClient-1-6] DEBUG org.asynchttpclient.netty.handler.HttpHandler - Unexpected I/O exception on channel [id: 0xe189679b, L:/127.0.0.1:63168 - R:localhost/127.0.0.1:54767]
java.net.SocketException: Connection reset
	at java.base/sun.nio.ch.SocketChannelImpl.throwConnectionReset(SocketChannelImpl.java:345)
	at java.base/sun.nio.ch.SocketChannelImpl.read(SocketChannelImpl.java:376)
	at io.netty.buffer.PooledByteBuf.setBytes(PooledByteBuf.java:258)
	at io.netty.buffer.AbstractByteBuf.writeBytes(AbstractByteBuf.java:1132)
	at io.netty.channel.socket.nio.NioSocketChannel.doReadBytes(NioSocketChannel.java:350)
	at io.netty.channel.nio.AbstractNioByteChannel$NioByteUnsafe.read(AbstractNioByteChannel.java:151)
	at io.netty.channel.nio.NioEventLoop.processSelectedKey(NioEventLoop.java:722)
	at io.netty.channel.nio.NioEventLoop.processSelectedKeysOptimized(NioEventLoop.java:658)
	at io.netty.channel.nio.NioEventLoop.processSelectedKeys(NioEventLoop.java:584)
	at io.netty.channel.nio.NioEventLoop.run(NioEventLoop.java:496)
	at io.netty.util.concurrent.SingleThreadEventExecutor$4.run(SingleThreadEventExecutor.java:986)
	at io.netty.util.internal.ThreadExecutorMap$2.run(ThreadExecutorMap.java:74)
	at io.netty.util.concurrent.FastThreadLocalRunnable.run(FastThreadLocalRunnable.java:30)
	at java.base/java.lang.Thread.run(Thread.java:830)
20:25:18.600 [AsyncHttpClient-1-6] DEBUG org.asynchttpclient.netty.channel.ChannelManager - Closing Channel [id: 0xe189679b, L:/127.0.0.1:63168 - R:localhost/127.0.0.1:54767] 
20:25:18.600 [AsyncHttpClient-1-6] DEBUG org.asynchttpclient.netty.handler.HttpHandler - Channel Closed: [id: 0xe189679b, L:/127.0.0.1:63168 ! R:localhost/127.0.0.1:54767] with attribute DISCARD
]]></system-out>
    <system-err><![CDATA[Starting ChromeDriver 105.0.5195.52 (412c95e518836d8a7d97250d62b29c2ae6a26a85-refs/branch-heads/5195@{#853}) on port 54767
Only local connections are allowed.
Please see https://chromedriver.chromium.org/security-considerations for suggestions on keeping ChromeDriver safe.
ChromeDriver was started successfully.
[1666790710.103][WARNING]: This version of ChromeDriver has not been tested with Chrome version 106.
Okt 26, 2022 8:25:10 PM org.openqa.selenium.remote.ProtocolHandshake createSession
INFO: Detected dialect: W3C
Okt 26, 2022 8:25:10 PM org.openqa.selenium.devtools.CdpVersionFinder findNearestMatch
WARNING: Unable to find an exact match for CDP version 106, so returning the closest version found: a no-op implementation
Okt 26, 2022 8:25:10 PM org.openqa.selenium.devtools.CdpVersionFinder findNearestMatch
INFO: Unable to find CDP implementation matching 106.
Okt 26, 2022 8:25:10 PM org.openqa.selenium.chromium.ChromiumDriver lambda$new$3
WARNING: Unable to find version of CDP to use for . You may need to include a dependency on a specific version of the CDP using something similar to `org.seleniumhq.selenium:selenium-devtools-v86:4.1.2` where the version ("v86") matches the version of the chromium-based browser you're using and the version number of the artifact is the same as Selenium's.
]]></system-err>
  </testcase>
</testsuite>