<?xml version="1.0" encoding="UTF-8"?>
<testsuite xmlns:xsi="http://www.w3.org/2001/XMLSchema-instance" xsi:noNamespaceSchemaLocation="https://maven.apache.org/surefire/maven-failsafe-plugin/xsd/failsafe-test-report-3.0.xsd" version="3.0" name="CucumberTestSuite" time="102.795" tests="13" errors="5" skipped="0" failures="0">
  <properties>
[...]
</properties>
  <testcase name="Home detail product" classname="Home" time="12.822">
    <system-out><![CDATA[04:06:08.678 [main] INFO io.cucumber.core.plugin.SerenityReporter - Running feature from file:///C:/Users/alwi/IdeaProjects/AltaShop/src/test/resources/features/Category.feature
04:06:08.848 [main] INFO  - 

-------------------------------------------------------------------------------------
     _______. _______ .______       _______ .__   __.  __  .___________.____    ____ 
    /       ||   ____||   _  \     |   ____||  \ |  | |  | |           |\   \  /   / 
   |   (----`|  |__   |  |_)  |    |  |__   |   \|  | |  | `---|  |----` \   \/   /  
    \   \    |   __|  |      /     |   __|  |  . `  | |  |     |  |       \_    _/   
.----)   |   |  |____ |  |\  \----.|  |____ |  |\   | |  |     |  |         |  |     
|_______/    |_______|| _| `._____||_______||__| \__| |__|     |__|         |__|    
                                                                                     
 News and tutorials at http://www.serenity-bdd.info                                  
 Documentation at https://wakaleo.gitbooks.io/the-serenity-book/content/             
 Join the Serenity Community on Gitter: https://gitter.im/serenity-bdd/serenity-core 
 Serenity BDD Support and Training at http://serenity-bdd.info/#/trainingandsupport  
-------------------------------------------------------------------------------------

04:06:08.851 [main] DEBUG net.thucydides.core.steps.StepEventBus - Test suite started for story net.thucydides.core.model.Story@d99e90e8
04:06:08.857 [main] INFO  - Test Suite Started: Category
04:06:08.870 [main] INFO io.cucumber.core.plugin.SerenityReporter - Running feature from file:///C:/Users/alwi/IdeaProjects/AltaShop/src/test/resources/features/Home.feature
04:06:08.877 [main] DEBUG net.thucydides.core.steps.StepEventBus - Test suite started for story net.thucydides.core.model.Story@b16b2c08
04:06:08.877 [main] INFO  - Test Suite Started: Home
04:06:08.878 [main] INFO io.cucumber.core.plugin.SerenityReporter - Running feature from file:///C:/Users/alwi/IdeaProjects/AltaShop/src/test/resources/features/Login.feature
04:06:08.887 [main] DEBUG net.thucydides.core.steps.StepEventBus - Test suite started for story net.thucydides.core.model.Story@23282f08
04:06:08.888 [main] INFO  - Test Suite Started: Login
04:06:08.888 [main] INFO io.cucumber.core.plugin.SerenityReporter - Running feature from file:///C:/Users/alwi/IdeaProjects/AltaShop/src/test/resources/features/Order.feature
04:06:08.895 [main] DEBUG net.thucydides.core.steps.StepEventBus - Test suite started for story net.thucydides.core.model.Story@cc4b76a8
04:06:08.895 [main] INFO  - Test Suite Started: Order
04:06:08.895 [main] INFO io.cucumber.core.plugin.SerenityReporter - Running feature from file:///C:/Users/alwi/IdeaProjects/AltaShop/src/test/resources/features/Register.feature
04:06:08.903 [main] DEBUG net.thucydides.core.steps.StepEventBus - Test suite started for story net.thucydides.core.model.Story@30e75088
04:06:08.903 [main] INFO  - Test Suite Started: Register
04:06:08.904 [main] INFO io.cucumber.core.plugin.SerenityReporter - Running feature from file:///C:/Users/alwi/IdeaProjects/AltaShop/src/test/resources/features/Home.feature
04:06:08.908 [main] DEBUG net.thucydides.core.steps.StepEventBus - Test suite started for story net.thucydides.core.model.Story@b16b2c08
04:06:08.909 [main] INFO  - Test Suite Started: Home

Scenario: Home detail product &amp#27;[90m# src/test/resources/features/Home.feature:6&amp#27;[0m
04:06:09.006 [main] INFO io.cucumber.core.plugin.SerenityReporter - Running feature from file:///C:/Users/alwi/IdeaProjects/AltaShop/src/test/resources/features/Home.feature
04:06:09.097 [main] INFO  - 
  _____   ___   ___   _____     ___   _____     _     ___   _____   ___   ___  
 |_   _| | __| / __| |_   _|   / __| |_   _|   /_\   | _ \ |_   _| | __| |   \ 
   | |   | _|  \__ \   | |     \__ \   | |    / _ \  |   /   | |   | _|  | |) |
   |_|   |___| |___/   |_|     |___/   |_|   /_/ \_\ |_|_\   |_|   |___| |___/ 

Home detail product(home;home-detail-product)
--------------------------------------------------------------------------------
04:06:09.908 [main] INFO net.serenitybdd.core.webdriver.driverproviders.ChromeDriverProvider - Using automatically driver download
04:06:10.614 [main] DEBUG io.github.bonigarcia.wdm.cache.ResolutionCache - Resolution chrome=106 in cache (valid until 04:10:38 26/10/2022 WIB)
04:06:10.620 [main] DEBUG io.github.bonigarcia.wdm.cache.ResolutionCache - Resolution chrome106=106.0.5249.61 in cache (valid until 22:47:25 26/10/2022 WIB)
04:06:10.624 [main] INFO io.github.bonigarcia.wdm.WebDriverManager - Using chromedriver 106.0.5249.61 (resolved driver for Chrome 106)
04:06:10.645 [main] DEBUG io.github.bonigarcia.wdm.WebDriverManager - Driver chromedriver 106.0.5249.61 found in cache
04:06:10.647 [main] INFO io.github.bonigarcia.wdm.WebDriverManager - Exporting webdriver.chrome.driver as C:\Users\alwi\.cache\selenium\chromedriver\win32\106.0.5249.61\chromedriver.exe
04:06:11.284 [main] DEBUG net.thucydides.core.reflection.ClassFinder - Could not load class .CucumberTestSuite
04:06:11.284 [main] DEBUG net.thucydides.core.reflection.ClassFinder - Could not load class .starter.pages.CategoryPage
04:06:11.285 [main] DEBUG net.thucydides.core.reflection.ClassFinder - Could not load class .starter.pages.HomePage
04:06:11.285 [main] DEBUG net.thucydides.core.reflection.ClassFinder - Could not load class .starter.pages.LoginPage
04:06:11.285 [main] DEBUG net.thucydides.core.reflection.ClassFinder - Could not load class .starter.pages.OrderPage
04:06:11.285 [main] DEBUG net.thucydides.core.reflection.ClassFinder - Could not load class .starter.pages.RegisterPage
04:06:11.285 [main] DEBUG net.thucydides.core.reflection.ClassFinder - Could not load class .starter.stepdefinitions.CategoryStep
04:06:11.285 [main] DEBUG net.thucydides.core.reflection.ClassFinder - Could not load class .starter.stepdefinitions.HomeStep
04:06:11.285 [main] DEBUG net.thucydides.core.reflection.ClassFinder - Could not load class .starter.stepdefinitions.LoginStep
04:06:11.285 [main] DEBUG net.thucydides.core.reflection.ClassFinder - Could not load class .starter.stepdefinitions.OrderStep
04:06:11.285 [main] DEBUG net.thucydides.core.reflection.ClassFinder - Could not load class .starter.stepdefinitions.RegisterStep
04:06:11.286 [main] DEBUG net.thucydides.core.reflection.ClassFinder - Could not load class META-INF.versions.9.com.sun.istack.logging.StackHelper
04:06:11.286 [main] DEBUG net.thucydides.core.reflection.ClassFinder - Could not load class META-INF.versions.9.com.sun.xml.bind.v2.runtime.reflect.opt.AccessorInjector
04:06:11.287 [main] DEBUG net.thucydides.core.reflection.ClassFinder - Could not load class META-INF.versions.9.com.sun.xml.bind.v2.runtime.reflect.opt.Injector
04:06:11.287 [main] DEBUG net.thucydides.core.reflection.ClassFinder - Could not load class META-INF.versions.9.com.sun.xml.bind.v2.runtime.reflect.opt.OptimizedAccessorFactory
04:06:11.287 [main] DEBUG net.thucydides.core.reflection.ClassFinder - Could not load class META-INF.versions.9.com.sun.xml.bind.v2.runtime.reflect.opt.OptimizedTransducedAccessorFactory
04:06:11.287 [main] DEBUG net.thucydides.core.reflection.ClassFinder - Could not load class META-INF.versions.9.io.opentelemetry.sdk.internal.CurrentJavaVersionSpecific
04:06:11.288 [main] DEBUG net.thucydides.core.reflection.ClassFinder - Could not load class META-INF.versions.9.io.opentelemetry.sdk.internal.Java9VersionSpecific
04:06:11.288 [main] DEBUG net.thucydides.core.reflection.ClassFinder - Could not load class META-INF.versions.9.javax.xml.bind.ModuleUtil
04:06:11.288 [main] DEBUG net.thucydides.core.reflection.ClassFinder - Could not load class META-INF.versions.9.module-info
04:06:11.289 [main] DEBUG net.thucydides.core.reflection.ClassFinder - Could not load class META-INF.versions.9.org.junit.platform.commons.util.ModuleUtils
04:06:11.603 [main] DEBUG net.thucydides.core.reflection.ClassFinder - Could not load class com.google.gson.internal.
04:06:11.785 [main] DEBUG net.thucydides.core.reflection.ClassFinder - Could not load class com.sun.xml.bind.v2.runtime.output.FastInfosetStreamWriterOutput
04:06:12.210 [main] DEBUG net.thucydides.core.reflection.ClassFinder - Could not load class module-info
04:06:15.074 [main] DEBUG io.netty.util.internal.logging.InternalLoggerFactory - Using SLF4J as the default logging framework
04:06:15.076 [main] DEBUG io.netty.util.ResourceLeakDetector - -Dio.netty.leakDetection.level: simple
04:06:15.076 [main] DEBUG io.netty.util.ResourceLeakDetector - -Dio.netty.leakDetection.targetRecords: 4
04:06:15.079 [main] DEBUG io.netty.util.ResourceLeakDetectorFactory - Loaded default ResourceLeakDetector: io.netty.util.ResourceLeakDetector@7820a19d
04:06:15.097 [main] DEBUG io.netty.util.internal.PlatformDependent0 - -Dio.netty.noUnsafe: false
04:06:15.097 [main] DEBUG io.netty.util.internal.PlatformDependent0 - Java version: 13
04:06:15.098 [main] DEBUG io.netty.util.internal.PlatformDependent0 - sun.misc.Unsafe.theUnsafe: available
04:06:15.098 [main] DEBUG io.netty.util.internal.PlatformDependent0 - sun.misc.Unsafe.copyMemory: available
04:06:15.098 [main] DEBUG io.netty.util.internal.PlatformDependent0 - java.nio.Buffer.address: available
04:06:15.099 [main] DEBUG io.netty.util.internal.PlatformDependent0 - direct buffer constructor: unavailable: Reflective setAccessible(true) disabled
04:06:15.100 [main] DEBUG io.netty.util.internal.PlatformDependent0 - java.nio.Bits.unaligned: available, true
04:06:15.101 [main] DEBUG io.netty.util.internal.PlatformDependent0 - jdk.internal.misc.Unsafe.allocateUninitializedArray(int): unavailable: class io.netty.util.internal.PlatformDependent0$6 cannot access class jdk.internal.misc.Unsafe (in module java.base) because module java.base does not export jdk.internal.misc to unnamed module @51650883
04:06:15.102 [main] DEBUG io.netty.util.internal.PlatformDependent0 - java.nio.DirectByteBuffer.<init>(long, int): unavailable
04:06:15.102 [main] DEBUG io.netty.util.internal.PlatformDependent - sun.misc.Unsafe: available
04:06:15.104 [main] DEBUG io.netty.util.internal.PlatformDependent - maxDirectMemory: 2141192192 bytes (maybe)
04:06:15.104 [main] DEBUG io.netty.util.internal.PlatformDependent - -Dio.netty.tmpdir: C:\Users\alwi\AppData\Local\Temp (java.io.tmpdir)
04:06:15.104 [main] DEBUG io.netty.util.internal.PlatformDependent - -Dio.netty.bitMode: 64 (sun.arch.data.model)
04:06:15.104 [main] DEBUG io.netty.util.internal.PlatformDependent - Platform: Windows
04:06:15.105 [main] DEBUG io.netty.util.internal.PlatformDependent - -Dio.netty.maxDirectMemory: -1 bytes
04:06:15.105 [main] DEBUG io.netty.util.internal.PlatformDependent - -Dio.netty.uninitializedArrayAllocationThreshold: -1
04:06:15.106 [main] DEBUG io.netty.util.internal.CleanerJava9 - java.nio.ByteBuffer.cleaner(): available
04:06:15.106 [main] DEBUG io.netty.util.internal.PlatformDependent - -Dio.netty.noPreferDirect: false
04:06:15.114 [main] DEBUG io.netty.util.internal.PlatformDependent - org.jctools-core.MpscChunkedArrayQueue: available
04:06:15.131 [main] DEBUG io.netty.util.internal.InternalThreadLocalMap - -Dio.netty.threadLocalMap.stringBuilder.initialSize: 1024
04:06:15.131 [main] DEBUG io.netty.util.internal.InternalThreadLocalMap - -Dio.netty.threadLocalMap.stringBuilder.maxSize: 4096
04:06:15.171 [main] DEBUG io.netty.handler.ssl.JdkSslContext - Default protocols (JDK): [TLSv1.3, TLSv1.2, TLSv1.1, TLSv1] 
04:06:15.171 [main] DEBUG io.netty.handler.ssl.JdkSslContext - Default cipher suites (JDK): [TLS_ECDHE_ECDSA_WITH_AES_256_GCM_SHA384, TLS_ECDHE_ECDSA_WITH_AES_128_GCM_SHA256, TLS_ECDHE_RSA_WITH_AES_128_GCM_SHA256, TLS_ECDHE_RSA_WITH_AES_256_GCM_SHA384, TLS_ECDHE_RSA_WITH_AES_128_CBC_SHA, TLS_ECDHE_RSA_WITH_AES_256_CBC_SHA, TLS_RSA_WITH_AES_128_GCM_SHA256, TLS_RSA_WITH_AES_128_CBC_SHA, TLS_RSA_WITH_AES_256_CBC_SHA, TLS_AES_128_GCM_SHA256, TLS_AES_256_GCM_SHA384]
04:06:15.198 [main] DEBUG io.netty.channel.MultithreadEventLoopGroup - -Dio.netty.eventLoopThreads: 16
04:06:15.206 [main] DEBUG io.netty.channel.nio.NioEventLoop - -Dio.netty.noKeySetOptimization: false
04:06:15.206 [main] DEBUG io.netty.channel.nio.NioEventLoop - -Dio.netty.selectorAutoRebuildThreshold: 512
04:06:15.434 [main] DEBUG io.netty.buffer.PooledByteBufAllocator - -Dio.netty.allocator.numHeapArenas: 16
04:06:15.435 [main] DEBUG io.netty.buffer.PooledByteBufAllocator - -Dio.netty.allocator.numDirectArenas: 16
04:06:15.435 [main] DEBUG io.netty.buffer.PooledByteBufAllocator - -Dio.netty.allocator.pageSize: 8192
04:06:15.435 [main] DEBUG io.netty.buffer.PooledByteBufAllocator - -Dio.netty.allocator.maxOrder: 11
04:06:15.435 [main] DEBUG io.netty.buffer.PooledByteBufAllocator - -Dio.netty.allocator.chunkSize: 16777216
04:06:15.435 [main] DEBUG io.netty.buffer.PooledByteBufAllocator - -Dio.netty.allocator.smallCacheSize: 256
04:06:15.435 [main] DEBUG io.netty.buffer.PooledByteBufAllocator - -Dio.netty.allocator.normalCacheSize: 64
04:06:15.435 [main] DEBUG io.netty.buffer.PooledByteBufAllocator - -Dio.netty.allocator.maxCachedBufferCapacity: 32768
04:06:15.435 [main] DEBUG io.netty.buffer.PooledByteBufAllocator - -Dio.netty.allocator.cacheTrimInterval: 8192
04:06:15.435 [main] DEBUG io.netty.buffer.PooledByteBufAllocator - -Dio.netty.allocator.cacheTrimIntervalMillis: 0
04:06:15.435 [main] DEBUG io.netty.buffer.PooledByteBufAllocator - -Dio.netty.allocator.useCacheForAllThreads: true
04:06:15.435 [main] DEBUG io.netty.buffer.PooledByteBufAllocator - -Dio.netty.allocator.maxCachedByteBuffersPerChunk: 1023
04:06:15.444 [main] DEBUG io.netty.buffer.ByteBufUtil - -Dio.netty.allocator.type: pooled
04:06:15.444 [main] DEBUG io.netty.buffer.ByteBufUtil - -Dio.netty.threadLocalDirectBufferSize: 0
04:06:15.444 [main] DEBUG io.netty.buffer.ByteBufUtil - -Dio.netty.maxThreadLocalCharBufferSize: 16384
04:06:15.629 [main] DEBUG net.serenitybdd.core.webdriver.driverproviders.ProvideNewDriver - Instantiating driver
04:06:15.629 [main] DEBUG net.serenitybdd.core.webdriver.driverproviders.ProvideNewDriver - Driver capabilities: Capabilities {acceptInsecureCerts: false, base.url: https://alta-shop.vercel.app, browserName: chrome, chrome.driver: src/test/resources/webdrive..., driver: chrome, goog:chromeOptions: {args: [], extensions: []}}
04:06:16.347 [Forwarding newSession on session null to remote] DEBUG io.netty.channel.DefaultChannelId - -Dio.netty.processId: 8676 (auto-detected)
04:06:16.349 [Forwarding newSession on session null to remote] DEBUG io.netty.util.NetUtil - -Djava.net.preferIPv4Stack: false
04:06:16.349 [Forwarding newSession on session null to remote] DEBUG io.netty.util.NetUtil - -Djava.net.preferIPv6Addresses: false
04:06:16.532 [Forwarding newSession on session null to remote] DEBUG io.netty.util.NetUtilInitializations - Loopback interface: lo (Software Loopback Interface 1, 127.0.0.1)
04:06:16.533 [Forwarding newSession on session null to remote] DEBUG io.netty.util.NetUtil - Failed to get SOMAXCONN from sysctl and file \proc\sys\net\core\somaxconn. Default: 200
04:06:16.726 [Forwarding newSession on session null to remote] DEBUG io.netty.channel.DefaultChannelId - -Dio.netty.machineId: 50:3e:aa:ff:fe:ef:df:ab (auto-detected)
04:06:16.775 [AsyncHttpClient-1-2] DEBUG io.netty.buffer.AbstractByteBuf - -Dio.netty.buffer.checkAccessible: true
04:06:16.776 [AsyncHttpClient-1-2] DEBUG io.netty.buffer.AbstractByteBuf - -Dio.netty.buffer.checkBounds: true
04:06:16.776 [AsyncHttpClient-1-2] DEBUG io.netty.util.ResourceLeakDetectorFactory - Loaded default ResourceLeakDetector: io.netty.util.ResourceLeakDetector@1bb091cf
04:06:16.789 [AsyncHttpClient-1-2] DEBUG org.asynchttpclient.netty.channel.NettyConnectListener - Using new Channel '[id: 0xe0ab4454, L:/127.0.0.1:62082 - R:localhost/127.0.0.1:52984]' for 'POST' to '/session'
04:06:16.808 [AsyncHttpClient-1-2] DEBUG io.netty.util.Recycler - -Dio.netty.recycler.maxCapacityPerThread: 4096
04:06:16.808 [AsyncHttpClient-1-2] DEBUG io.netty.util.Recycler - -Dio.netty.recycler.ratio: 8
04:06:16.808 [AsyncHttpClient-1-2] DEBUG io.netty.util.Recycler - -Dio.netty.recycler.chunkSize: 32
04:06:16.808 [AsyncHttpClient-1-2] DEBUG io.netty.util.Recycler - -Dio.netty.recycler.blocking: false
04:06:17.456 [AsyncHttpClient-1-2] DEBUG io.netty.handler.codec.compression.Brotli - brotli4j not in the classpath; Brotli support will be unavailable.
04:06:17.457 [AsyncHttpClient-1-2] DEBUG org.asynchttpclient.netty.handler.HttpHandler - 

Request DefaultHttpRequest(decodeResult: success, version: HTTP/1.1)
POST /session HTTP/1.1
User-Agent: selenium/4.1.2 (java windows)
Content-Length: 609
Content-Type: application/json; charset=utf-8
host: localhost:52984
accept: */*

Response DefaultHttpResponse(decodeResult: success, version: HTTP/1.1)
HTTP/1.1 200 OK
Content-Type: application/json; charset=utf-8
cache-control: no-cache
content-length: 790

04:06:17.467 [AsyncHttpClient-1-2] DEBUG org.asynchttpclient.netty.channel.ChannelManager - Adding key: http://localhost:52984 for channel [id: 0xe0ab4454, L:/127.0.0.1:62082 - R:localhost/127.0.0.1:52984]
04:06:17.541 [AsyncHttpClient-1-3] DEBUG org.asynchttpclient.netty.channel.NettyConnectListener - Using new Channel '[id: 0x7398f351, L:/127.0.0.1:62089 - R:localhost/127.0.0.1:62083]' for 'GET' to '/json/version'
04:06:17.546 [AsyncHttpClient-1-3] DEBUG org.asynchttpclient.netty.handler.HttpHandler - 

Request DefaultFullHttpRequest(decodeResult: success, version: HTTP/1.1, content: EmptyByteBufBE)
GET /json/version HTTP/1.1
User-Agent: selenium/4.1.2 (java windows)
host: localhost:62083
accept: */*

Response DefaultHttpResponse(decodeResult: success, version: HTTP/1.1)
HTTP/1.1 200 OK
Content-Type: application/json; charset=UTF-8
content-length: 424

04:06:17.546 [AsyncHttpClient-1-3] DEBUG org.asynchttpclient.netty.channel.ChannelManager - Adding key: http://localhost:62083 for channel [id: 0x7398f351, L:/127.0.0.1:62089 - R:localhost/127.0.0.1:62083]
04:06:17.553 [main] DEBUG io.netty.util.internal.ThreadLocalRandom - -Dio.netty.initialSeedUniquifier: 0x4eae6d858955a51f
04:06:17.557 [AsyncHttpClient-1-4] DEBUG org.asynchttpclient.netty.channel.NettyConnectListener - Using new Channel '[id: 0x489955aa, L:/127.0.0.1:62090 - R:localhost/127.0.0.1:62083]' for 'GET' to '/devtools/browser/93869df2-9efc-4f5e-9e3e-7516ed6135f2'
04:06:17.562 [AsyncHttpClient-1-4] DEBUG org.asynchttpclient.netty.handler.WebSocketHandler - 

Request DefaultFullHttpRequest(decodeResult: success, version: HTTP/1.1, content: EmptyByteBufBE)
GET /devtools/browser/93869df2-9efc-4f5e-9e3e-7516ed6135f2 HTTP/1.1
upgrade: websocket
connection: upgrade
sec-websocket-key: LCY7GU5sWAxTPOazAXoAsQ==
sec-websocket-version: 13
origin: http://localhost:62083
host: localhost:62083
accept: */*
user-agent: AHC/2.1

Response DefaultHttpResponse(decodeResult: success, version: HTTP/1.1)
HTTP/1.1 101 WebSocket Protocol Handshake
Upgrade: WebSocket
Connection: Upgrade
Sec-WebSocket-Accept: AEmevoxV0rLkDxSGqAG7NEHKMkQ=

04:06:18.245 [main] DEBUG net.thucydides.core.reflection.ClassFinder - Could not load class .CucumberTestSuite
04:06:18.245 [main] DEBUG net.thucydides.core.reflection.ClassFinder - Could not load class .starter.pages.CategoryPage
04:06:18.245 [main] DEBUG net.thucydides.core.reflection.ClassFinder - Could not load class .starter.pages.HomePage
04:06:18.245 [main] DEBUG net.thucydides.core.reflection.ClassFinder - Could not load class .starter.pages.LoginPage
04:06:18.245 [main] DEBUG net.thucydides.core.reflection.ClassFinder - Could not load class .starter.pages.OrderPage
04:06:18.245 [main] DEBUG net.thucydides.core.reflection.ClassFinder - Could not load class .starter.pages.RegisterPage
04:06:18.245 [main] DEBUG net.thucydides.core.reflection.ClassFinder - Could not load class .starter.stepdefinitions.CategoryStep
04:06:18.245 [main] DEBUG net.thucydides.core.reflection.ClassFinder - Could not load class .starter.stepdefinitions.HomeStep
04:06:18.245 [main] DEBUG net.thucydides.core.reflection.ClassFinder - Could not load class .starter.stepdefinitions.LoginStep
04:06:18.246 [main] DEBUG net.thucydides.core.reflection.ClassFinder - Could not load class .starter.stepdefinitions.OrderStep
04:06:18.246 [main] DEBUG net.thucydides.core.reflection.ClassFinder - Could not load class .starter.stepdefinitions.RegisterStep
04:06:18.246 [main] DEBUG net.thucydides.core.reflection.ClassFinder - Could not load class META-INF.versions.9.com.sun.istack.logging.StackHelper
04:06:18.247 [main] DEBUG net.thucydides.core.reflection.ClassFinder - Could not load class META-INF.versions.9.com.sun.xml.bind.v2.runtime.reflect.opt.AccessorInjector
04:06:18.247 [main] DEBUG net.thucydides.core.reflection.ClassFinder - Could not load class META-INF.versions.9.com.sun.xml.bind.v2.runtime.reflect.opt.Injector
04:06:18.248 [main] DEBUG net.thucydides.core.reflection.ClassFinder - Could not load class META-INF.versions.9.com.sun.xml.bind.v2.runtime.reflect.opt.OptimizedAccessorFactory
04:06:18.248 [main] DEBUG net.thucydides.core.reflection.ClassFinder - Could not load class META-INF.versions.9.com.sun.xml.bind.v2.runtime.reflect.opt.OptimizedTransducedAccessorFactory
04:06:18.248 [main] DEBUG net.thucydides.core.reflection.ClassFinder - Could not load class META-INF.versions.9.io.opentelemetry.sdk.internal.CurrentJavaVersionSpecific
04:06:18.249 [main] DEBUG net.thucydides.core.reflection.ClassFinder - Could not load class META-INF.versions.9.io.opentelemetry.sdk.internal.Java9VersionSpecific
04:06:18.249 [main] DEBUG net.thucydides.core.reflection.ClassFinder - Could not load class META-INF.versions.9.javax.xml.bind.ModuleUtil
04:06:18.250 [main] DEBUG net.thucydides.core.reflection.ClassFinder - Could not load class META-INF.versions.9.module-info
04:06:18.250 [main] DEBUG net.thucydides.core.reflection.ClassFinder - Could not load class META-INF.versions.9.org.junit.platform.commons.util.ModuleUtils
04:06:18.254 [main] DEBUG net.thucydides.core.reflection.ClassFinder - Could not load class com.google.gson.internal.
04:06:18.256 [main] DEBUG net.thucydides.core.reflection.ClassFinder - Could not load class com.sun.xml.bind.v2.runtime.output.FastInfosetStreamWriterOutput
04:06:18.259 [main] DEBUG net.thucydides.core.reflection.ClassFinder - Could not load class module-info
04:06:18.282 [Forwarding get on session 65ac9d63bfb83d89d193cdbb484a2fcd to remote] DEBUG org.asynchttpclient.netty.request.NettyRequestSender - Using pooled Channel '[id: 0xe0ab4454, L:/127.0.0.1:62082 - R:localhost/127.0.0.1:52984]' for 'POST' to 'http://localhost:52984/session/65ac9d63bfb83d89d193cdbb484a2fcd/url'
04:06:18.282 [Forwarding get on session 65ac9d63bfb83d89d193cdbb484a2fcd to remote] DEBUG org.asynchttpclient.netty.request.NettyRequestSender - Using open Channel [id: 0xe0ab4454, L:/127.0.0.1:62082 - R:localhost/127.0.0.1:52984] for POST '/session/65ac9d63bfb83d89d193cdbb484a2fcd/url'
04:06:18.420 [AsyncHttpClient-1-1] DEBUG org.asynchttpclient.netty.channel.DefaultChannelPool - Entry count for : http://localhost:62083 : 1
04:06:18.839 [AsyncHttpClient-1-2] DEBUG org.asynchttpclient.netty.handler.HttpHandler - 

Request DefaultHttpRequest(decodeResult: success, version: HTTP/1.1)
POST /session/65ac9d63bfb83d89d193cdbb484a2fcd/url HTTP/1.1
User-Agent: selenium/4.1.2 (java windows)
Content-Length: 59
Content-Type: application/json; charset=utf-8
host: localhost:52984
accept: */*

Response DefaultHttpResponse(decodeResult: success, version: HTTP/1.1)
HTTP/1.1 200 OK
Content-Type: application/json; charset=utf-8
cache-control: no-cache
content-length: 14

04:06:18.840 [AsyncHttpClient-1-2] DEBUG org.asynchttpclient.netty.channel.ChannelManager - Adding key: http://localhost:52984 for channel [id: 0xe0ab4454, L:/127.0.0.1:62082 - R:localhost/127.0.0.1:52984]
04:06:18.848 [Forwarding setTimeout on session 65ac9d63bfb83d89d193cdbb484a2fcd to remote] DEBUG org.asynchttpclient.netty.request.NettyRequestSender - Using pooled Channel '[id: 0xe0ab4454, L:/127.0.0.1:62082 - R:localhost/127.0.0.1:52984]' for 'POST' to 'http://localhost:52984/session/65ac9d63bfb83d89d193cdbb484a2fcd/timeouts'
04:06:18.848 [Forwarding setTimeout on session 65ac9d63bfb83d89d193cdbb484a2fcd to remote] DEBUG org.asynchttpclient.netty.request.NettyRequestSender - Using open Channel [id: 0xe0ab4454, L:/127.0.0.1:62082 - R:localhost/127.0.0.1:52984] for POST '/session/65ac9d63bfb83d89d193cdbb484a2fcd/timeouts'
04:06:18.850 [AsyncHttpClient-1-2] DEBUG org.asynchttpclient.netty.handler.HttpHandler - 

Request DefaultHttpRequest(decodeResult: success, version: HTTP/1.1)
POST /session/65ac9d63bfb83d89d193cdbb484a2fcd/timeouts HTTP/1.1
User-Agent: selenium/4.1.2 (java windows)
Content-Length: 22
Content-Type: application/json; charset=utf-8
host: localhost:52984
accept: */*

Response DefaultHttpResponse(decodeResult: success, version: HTTP/1.1)
HTTP/1.1 200 OK
Content-Type: application/json; charset=utf-8
cache-control: no-cache
content-length: 14

04:06:18.850 [AsyncHttpClient-1-2] DEBUG org.asynchttpclient.netty.channel.ChannelManager - Adding key: http://localhost:52984 for channel [id: 0xe0ab4454, L:/127.0.0.1:62082 - R:localhost/127.0.0.1:52984]
04:06:18.857 [Forwarding getCurrentUrl on session 65ac9d63bfb83d89d193cdbb484a2fcd to remote] DEBUG org.asynchttpclient.netty.request.NettyRequestSender - Using pooled Channel '[id: 0xe0ab4454, L:/127.0.0.1:62082 - R:localhost/127.0.0.1:52984]' for 'GET' to 'http://localhost:52984/session/65ac9d63bfb83d89d193cdbb484a2fcd/url'
04:06:18.857 [Forwarding getCurrentUrl on session 65ac9d63bfb83d89d193cdbb484a2fcd to remote] DEBUG org.asynchttpclient.netty.request.NettyRequestSender - Using open Channel [id: 0xe0ab4454, L:/127.0.0.1:62082 - R:localhost/127.0.0.1:52984] for GET '/session/65ac9d63bfb83d89d193cdbb484a2fcd/url'
04:06:18.863 [AsyncHttpClient-1-2] DEBUG org.asynchttpclient.netty.handler.HttpHandler - 

Request DefaultFullHttpRequest(decodeResult: success, version: HTTP/1.1, content: EmptyByteBufBE)
GET /session/65ac9d63bfb83d89d193cdbb484a2fcd/url HTTP/1.1
User-Agent: selenium/4.1.2 (java windows)
Cache-Control: no-cache
Content-Type: application/json; charset=utf-8
host: localhost:52984
accept: */*

Response DefaultHttpResponse(decodeResult: success, version: HTTP/1.1)
HTTP/1.1 200 OK
Content-Type: application/json; charset=utf-8
cache-control: no-cache
content-length: 41

04:06:18.864 [AsyncHttpClient-1-2] DEBUG org.asynchttpclient.netty.channel.ChannelManager - Adding key: http://localhost:52984 for channel [id: 0xe0ab4454, L:/127.0.0.1:62082 - R:localhost/127.0.0.1:52984]
  &amp#27;[32mGiven &amp#27;[0m&amp#27;[32mI am on the home page&amp#27;[0m &amp#27;[90m# starter.stepdefinitions.HomeStep.iAmOnTheHomePage()&amp#27;[0m
04:06:18.909 [main] DEBUG net.serenitybdd.core.photography.Darkroom - Opening darkroom
04:06:18.910 [Darkroom Processing Line] DEBUG net.serenitybdd.core.photography.DarkroomProcessingLine - Darkroom processing line starting up
04:06:18.911 [Forwarding screenshot on session 65ac9d63bfb83d89d193cdbb484a2fcd to remote] DEBUG org.asynchttpclient.netty.request.NettyRequestSender - Using pooled Channel '[id: 0xe0ab4454, L:/127.0.0.1:62082 - R:localhost/127.0.0.1:52984]' for 'GET' to 'http://localhost:52984/session/65ac9d63bfb83d89d193cdbb484a2fcd/screenshot'
04:06:18.911 [Forwarding screenshot on session 65ac9d63bfb83d89d193cdbb484a2fcd to remote] DEBUG org.asynchttpclient.netty.request.NettyRequestSender - Using open Channel [id: 0xe0ab4454, L:/127.0.0.1:62082 - R:localhost/127.0.0.1:52984] for GET '/session/65ac9d63bfb83d89d193cdbb484a2fcd/screenshot'
04:06:19.046 [AsyncHttpClient-1-2] DEBUG org.asynchttpclient.netty.handler.HttpHandler - 

Request DefaultFullHttpRequest(decodeResult: success, version: HTTP/1.1, content: EmptyByteBufBE)
GET /session/65ac9d63bfb83d89d193cdbb484a2fcd/screenshot HTTP/1.1
User-Agent: selenium/4.1.2 (java windows)
Cache-Control: no-cache
Content-Type: application/json; charset=utf-8
host: localhost:52984
accept: */*

Response DefaultHttpResponse(decodeResult: success, version: HTTP/1.1)
HTTP/1.1 200 OK
Content-Type: application/json; charset=utf-8
cache-control: no-cache
content-length: 27172

04:06:19.047 [AsyncHttpClient-1-2] DEBUG org.asynchttpclient.netty.channel.ChannelManager - Adding key: http://localhost:52984 for channel [id: 0xe0ab4454, L:/127.0.0.1:62082 - R:localhost/127.0.0.1:52984]
04:06:19.107 [main] DEBUG net.serenitybdd.core.photography.Darkroom - Send negative for processing for target\site\serenity\b9cd768efc898737d6c074055f49f7d4299f6678b0af8de03615cfe287d026f5.png
04:06:19.107 [Darkroom Processing Line] DEBUG net.serenitybdd.core.photography.DarkroomProcessingLine - Processing screenshot image in /var/screenshots/screenshot-6994003771575342030
04:06:19.107 [Darkroom Processing Line] DEBUG net.serenitybdd.core.photography.DarkroomProcessingLine - Saving screenshot to target\site\serenity\b9cd768efc898737d6c074055f49f7d4299f6678b0af8de03615cfe287d026f5.png
04:06:19.123 [Forwarding findElement on session 65ac9d63bfb83d89d193cdbb484a2fcd to remote] DEBUG org.asynchttpclient.netty.request.NettyRequestSender - Using pooled Channel '[id: 0xe0ab4454, L:/127.0.0.1:62082 - R:localhost/127.0.0.1:52984]' for 'POST' to 'http://localhost:52984/session/65ac9d63bfb83d89d193cdbb484a2fcd/element'
04:06:19.124 [Forwarding findElement on session 65ac9d63bfb83d89d193cdbb484a2fcd to remote] DEBUG org.asynchttpclient.netty.request.NettyRequestSender - Using open Channel [id: 0xe0ab4454, L:/127.0.0.1:62082 - R:localhost/127.0.0.1:52984] for POST '/session/65ac9d63bfb83d89d193cdbb484a2fcd/element'
04:06:19.519 [AsyncHttpClient-1-1] DEBUG org.asynchttpclient.netty.channel.DefaultChannelPool - Entry count for : http://localhost:62083 : 1
04:06:20.410 [AsyncHttpClient-1-2] DEBUG org.asynchttpclient.netty.handler.HttpHandler - 

Request DefaultHttpRequest(decodeResult: success, version: HTTP/1.1)
POST /session/65ac9d63bfb83d89d193cdbb484a2fcd/element HTTP/1.1
User-Agent: selenium/4.1.2 (java windows)
Content-Length: 71
Content-Type: application/json; charset=utf-8
host: localhost:52984
accept: */*

Response DefaultHttpResponse(decodeResult: success, version: HTTP/1.1)
HTTP/1.1 200 OK
Content-Type: application/json; charset=utf-8
cache-control: no-cache
content-length: 88

04:06:20.411 [AsyncHttpClient-1-2] DEBUG org.asynchttpclient.netty.channel.ChannelManager - Adding key: http://localhost:52984 for channel [id: 0xe0ab4454, L:/127.0.0.1:62082 - R:localhost/127.0.0.1:52984]
04:06:20.415 [Forwarding getElementTagName on session 65ac9d63bfb83d89d193cdbb484a2fcd to remote] DEBUG org.asynchttpclient.netty.request.NettyRequestSender - Using pooled Channel '[id: 0xe0ab4454, L:/127.0.0.1:62082 - R:localhost/127.0.0.1:52984]' for 'GET' to 'http://localhost:52984/session/65ac9d63bfb83d89d193cdbb484a2fcd/element/a49ebed6-4f14-497b-9d7d-535cce9361f3/name'
04:06:20.415 [Forwarding getElementTagName on session 65ac9d63bfb83d89d193cdbb484a2fcd to remote] DEBUG org.asynchttpclient.netty.request.NettyRequestSender - Using open Channel [id: 0xe0ab4454, L:/127.0.0.1:62082 - R:localhost/127.0.0.1:52984] for GET '/session/65ac9d63bfb83d89d193cdbb484a2fcd/element/a49ebed6-4f14-497b-9d7d-535cce9361f3/name'
04:06:20.420 [AsyncHttpClient-1-2] DEBUG org.asynchttpclient.netty.handler.HttpHandler - 

Request DefaultFullHttpRequest(decodeResult: success, version: HTTP/1.1, content: EmptyByteBufBE)
GET /session/65ac9d63bfb83d89d193cdbb484a2fcd/element/a49ebed6-4f14-497b-9d7d-535cce9361f3/name HTTP/1.1
User-Agent: selenium/4.1.2 (java windows)
Cache-Control: no-cache
Content-Type: application/json; charset=utf-8
host: localhost:52984
accept: */*

Response DefaultHttpResponse(decodeResult: success, version: HTTP/1.1)
HTTP/1.1 200 OK
Content-Type: application/json; charset=utf-8
cache-control: no-cache
content-length: 16

04:06:20.420 [AsyncHttpClient-1-2] DEBUG org.asynchttpclient.netty.channel.ChannelManager - Adding key: http://localhost:52984 for channel [id: 0xe0ab4454, L:/127.0.0.1:62082 - R:localhost/127.0.0.1:52984]
04:06:20.422 [Forwarding getElementTagName on session 65ac9d63bfb83d89d193cdbb484a2fcd to remote] DEBUG org.asynchttpclient.netty.request.NettyRequestSender - Using pooled Channel '[id: 0xe0ab4454, L:/127.0.0.1:62082 - R:localhost/127.0.0.1:52984]' for 'GET' to 'http://localhost:52984/session/65ac9d63bfb83d89d193cdbb484a2fcd/element/a49ebed6-4f14-497b-9d7d-535cce9361f3/name'
04:06:20.422 [Forwarding getElementTagName on session 65ac9d63bfb83d89d193cdbb484a2fcd to remote] DEBUG org.asynchttpclient.netty.request.NettyRequestSender - Using open Channel [id: 0xe0ab4454, L:/127.0.0.1:62082 - R:localhost/127.0.0.1:52984] for GET '/session/65ac9d63bfb83d89d193cdbb484a2fcd/element/a49ebed6-4f14-497b-9d7d-535cce9361f3/name'
04:06:20.426 [AsyncHttpClient-1-2] DEBUG org.asynchttpclient.netty.handler.HttpHandler - 

Request DefaultFullHttpRequest(decodeResult: success, version: HTTP/1.1, content: EmptyByteBufBE)
GET /session/65ac9d63bfb83d89d193cdbb484a2fcd/element/a49ebed6-4f14-497b-9d7d-535cce9361f3/name HTTP/1.1
User-Agent: selenium/4.1.2 (java windows)
Cache-Control: no-cache
Content-Type: application/json; charset=utf-8
host: localhost:52984
accept: */*

Response DefaultHttpResponse(decodeResult: success, version: HTTP/1.1)
HTTP/1.1 200 OK
Content-Type: application/json; charset=utf-8
cache-control: no-cache
content-length: 16

04:06:20.426 [AsyncHttpClient-1-2] DEBUG org.asynchttpclient.netty.channel.ChannelManager - Adding key: http://localhost:52984 for channel [id: 0xe0ab4454, L:/127.0.0.1:62082 - R:localhost/127.0.0.1:52984]
04:06:20.429 [Forwarding findElement on session 65ac9d63bfb83d89d193cdbb484a2fcd to remote] DEBUG org.asynchttpclient.netty.request.NettyRequestSender - Using pooled Channel '[id: 0xe0ab4454, L:/127.0.0.1:62082 - R:localhost/127.0.0.1:52984]' for 'POST' to 'http://localhost:52984/session/65ac9d63bfb83d89d193cdbb484a2fcd/element'
04:06:20.429 [Forwarding findElement on session 65ac9d63bfb83d89d193cdbb484a2fcd to remote] DEBUG org.asynchttpclient.netty.request.NettyRequestSender - Using open Channel [id: 0xe0ab4454, L:/127.0.0.1:62082 - R:localhost/127.0.0.1:52984] for POST '/session/65ac9d63bfb83d89d193cdbb484a2fcd/element'
04:06:20.436 [AsyncHttpClient-1-2] DEBUG org.asynchttpclient.netty.handler.HttpHandler - 

Request DefaultHttpRequest(decodeResult: success, version: HTTP/1.1)
POST /session/65ac9d63bfb83d89d193cdbb484a2fcd/element HTTP/1.1
User-Agent: selenium/4.1.2 (java windows)
Content-Length: 71
Content-Type: application/json; charset=utf-8
host: localhost:52984
accept: */*

Response DefaultHttpResponse(decodeResult: success, version: HTTP/1.1)
HTTP/1.1 200 OK
Content-Type: application/json; charset=utf-8
cache-control: no-cache
content-length: 88

04:06:20.436 [AsyncHttpClient-1-2] DEBUG org.asynchttpclient.netty.channel.ChannelManager - Adding key: http://localhost:52984 for channel [id: 0xe0ab4454, L:/127.0.0.1:62082 - R:localhost/127.0.0.1:52984]
04:06:20.438 [Forwarding clickElement on session 65ac9d63bfb83d89d193cdbb484a2fcd to remote] DEBUG org.asynchttpclient.netty.request.NettyRequestSender - Using pooled Channel '[id: 0xe0ab4454, L:/127.0.0.1:62082 - R:localhost/127.0.0.1:52984]' for 'POST' to 'http://localhost:52984/session/65ac9d63bfb83d89d193cdbb484a2fcd/element/a49ebed6-4f14-497b-9d7d-535cce9361f3/click'
04:06:20.438 [Forwarding clickElement on session 65ac9d63bfb83d89d193cdbb484a2fcd to remote] DEBUG org.asynchttpclient.netty.request.NettyRequestSender - Using open Channel [id: 0xe0ab4454, L:/127.0.0.1:62082 - R:localhost/127.0.0.1:52984] for POST '/session/65ac9d63bfb83d89d193cdbb484a2fcd/element/a49ebed6-4f14-497b-9d7d-535cce9361f3/click'
04:06:20.471 [AsyncHttpClient-1-2] DEBUG org.asynchttpclient.netty.handler.HttpHandler - 

Request DefaultHttpRequest(decodeResult: success, version: HTTP/1.1)
POST /session/65ac9d63bfb83d89d193cdbb484a2fcd/element/a49ebed6-4f14-497b-9d7d-535cce9361f3/click HTTP/1.1
User-Agent: selenium/4.1.2 (java windows)
Content-Length: 50
Content-Type: application/json; charset=utf-8
host: localhost:52984
accept: */*

Response DefaultHttpResponse(decodeResult: success, version: HTTP/1.1)
HTTP/1.1 200 OK
Content-Type: application/json; charset=utf-8
cache-control: no-cache
content-length: 14

04:06:20.472 [AsyncHttpClient-1-2] DEBUG org.asynchttpclient.netty.channel.ChannelManager - Adding key: http://localhost:52984 for channel [id: 0xe0ab4454, L:/127.0.0.1:62082 - R:localhost/127.0.0.1:52984]
  &amp#27;[32mWhen &amp#27;[0m&amp#27;[32mI click button detail&amp#27;[0m  &amp#27;[90m# starter.stepdefinitions.HomeStep.iClickButtonDetail()&amp#27;[0m
04:06:20.484 [Forwarding screenshot on session 65ac9d63bfb83d89d193cdbb484a2fcd to remote] DEBUG org.asynchttpclient.netty.request.NettyRequestSender - Using pooled Channel '[id: 0xe0ab4454, L:/127.0.0.1:62082 - R:localhost/127.0.0.1:52984]' for 'GET' to 'http://localhost:52984/session/65ac9d63bfb83d89d193cdbb484a2fcd/screenshot'
04:06:20.484 [Forwarding screenshot on session 65ac9d63bfb83d89d193cdbb484a2fcd to remote] DEBUG org.asynchttpclient.netty.request.NettyRequestSender - Using open Channel [id: 0xe0ab4454, L:/127.0.0.1:62082 - R:localhost/127.0.0.1:52984] for GET '/session/65ac9d63bfb83d89d193cdbb484a2fcd/screenshot'
04:06:20.619 [AsyncHttpClient-1-1] DEBUG org.asynchttpclient.netty.channel.DefaultChannelPool - Entry count for : http://localhost:62083 : 1
04:06:20.685 [AsyncHttpClient-1-2] DEBUG org.asynchttpclient.netty.handler.HttpHandler - 

Request DefaultFullHttpRequest(decodeResult: success, version: HTTP/1.1, content: EmptyByteBufBE)
GET /session/65ac9d63bfb83d89d193cdbb484a2fcd/screenshot HTTP/1.1
User-Agent: selenium/4.1.2 (java windows)
Cache-Control: no-cache
Content-Type: application/json; charset=utf-8
host: localhost:52984
accept: */*

Response DefaultHttpResponse(decodeResult: success, version: HTTP/1.1)
HTTP/1.1 200 OK
Content-Type: application/json; charset=utf-8
cache-control: no-cache
content-length: 15128

04:06:20.686 [AsyncHttpClient-1-2] DEBUG org.asynchttpclient.netty.channel.ChannelManager - Adding key: http://localhost:52984 for channel [id: 0xe0ab4454, L:/127.0.0.1:62082 - R:localhost/127.0.0.1:52984]
04:06:20.689 [main] DEBUG net.serenitybdd.core.photography.Darkroom - Send negative for processing for target\site\serenity\7f50d89af72764d28dc1d9a71ea58577e8755f31a316987faef45e1987df4a63.png
04:06:20.689 [Darkroom Processing Line] DEBUG net.serenitybdd.core.photography.DarkroomProcessingLine - Processing screenshot image in /var/screenshots/screenshot-10356272804763331099
04:06:20.689 [Darkroom Processing Line] DEBUG net.serenitybdd.core.photography.DarkroomProcessingLine - Saving screenshot to target\site\serenity\7f50d89af72764d28dc1d9a71ea58577e8755f31a316987faef45e1987df4a63.png
04:06:20.698 [Forwarding get on session 65ac9d63bfb83d89d193cdbb484a2fcd to remote] DEBUG org.asynchttpclient.netty.request.NettyRequestSender - Using pooled Channel '[id: 0xe0ab4454, L:/127.0.0.1:62082 - R:localhost/127.0.0.1:52984]' for 'POST' to 'http://localhost:52984/session/65ac9d63bfb83d89d193cdbb484a2fcd/url'
04:06:20.698 [Forwarding get on session 65ac9d63bfb83d89d193cdbb484a2fcd to remote] DEBUG org.asynchttpclient.netty.request.NettyRequestSender - Using open Channel [id: 0xe0ab4454, L:/127.0.0.1:62082 - R:localhost/127.0.0.1:52984] for POST '/session/65ac9d63bfb83d89d193cdbb484a2fcd/url'
04:06:20.859 [AsyncHttpClient-1-2] DEBUG org.asynchttpclient.netty.handler.HttpHandler - 

Request DefaultHttpRequest(decodeResult: success, version: HTTP/1.1)
POST /session/65ac9d63bfb83d89d193cdbb484a2fcd/url HTTP/1.1
User-Agent: selenium/4.1.2 (java windows)
Content-Length: 74
Content-Type: application/json; charset=utf-8
host: localhost:52984
accept: */*

Response DefaultHttpResponse(decodeResult: success, version: HTTP/1.1)
HTTP/1.1 200 OK
Content-Type: application/json; charset=utf-8
cache-control: no-cache
content-length: 14

04:06:20.859 [AsyncHttpClient-1-2] DEBUG org.asynchttpclient.netty.channel.ChannelManager - Adding key: http://localhost:52984 for channel [id: 0xe0ab4454, L:/127.0.0.1:62082 - R:localhost/127.0.0.1:52984]
04:06:20.863 [Forwarding getCurrentUrl on session 65ac9d63bfb83d89d193cdbb484a2fcd to remote] DEBUG org.asynchttpclient.netty.request.NettyRequestSender - Using pooled Channel '[id: 0xe0ab4454, L:/127.0.0.1:62082 - R:localhost/127.0.0.1:52984]' for 'GET' to 'http://localhost:52984/session/65ac9d63bfb83d89d193cdbb484a2fcd/url'
04:06:20.864 [Forwarding getCurrentUrl on session 65ac9d63bfb83d89d193cdbb484a2fcd to remote] DEBUG org.asynchttpclient.netty.request.NettyRequestSender - Using open Channel [id: 0xe0ab4454, L:/127.0.0.1:62082 - R:localhost/127.0.0.1:52984] for GET '/session/65ac9d63bfb83d89d193cdbb484a2fcd/url'
04:06:20.868 [AsyncHttpClient-1-2] DEBUG org.asynchttpclient.netty.handler.HttpHandler - 

Request DefaultFullHttpRequest(decodeResult: success, version: HTTP/1.1, content: EmptyByteBufBE)
GET /session/65ac9d63bfb83d89d193cdbb484a2fcd/url HTTP/1.1
User-Agent: selenium/4.1.2 (java windows)
Cache-Control: no-cache
Content-Type: application/json; charset=utf-8
host: localhost:52984
accept: */*

Response DefaultHttpResponse(decodeResult: success, version: HTTP/1.1)
HTTP/1.1 200 OK
Content-Type: application/json; charset=utf-8
cache-control: no-cache
content-length: 51

04:06:20.868 [AsyncHttpClient-1-2] DEBUG org.asynchttpclient.netty.channel.ChannelManager - Adding key: http://localhost:52984 for channel [id: 0xe0ab4454, L:/127.0.0.1:62082 - R:localhost/127.0.0.1:52984]
  &amp#27;[32mThen &amp#27;[0m&amp#27;[32mI will get the detail&amp#27;[0m  &amp#27;[90m# starter.stepdefinitions.HomeStep.iWillGetTheDetail()&amp#27;[0m
04:06:20.874 [Forwarding screenshot on session 65ac9d63bfb83d89d193cdbb484a2fcd to remote] DEBUG org.asynchttpclient.netty.request.NettyRequestSender - Using pooled Channel '[id: 0xe0ab4454, L:/127.0.0.1:62082 - R:localhost/127.0.0.1:52984]' for 'GET' to 'http://localhost:52984/session/65ac9d63bfb83d89d193cdbb484a2fcd/screenshot'
04:06:20.874 [Forwarding screenshot on session 65ac9d63bfb83d89d193cdbb484a2fcd to remote] DEBUG org.asynchttpclient.netty.request.NettyRequestSender - Using open Channel [id: 0xe0ab4454, L:/127.0.0.1:62082 - R:localhost/127.0.0.1:52984] for GET '/session/65ac9d63bfb83d89d193cdbb484a2fcd/screenshot'
04:06:20.994 [AsyncHttpClient-1-2] DEBUG org.asynchttpclient.netty.handler.HttpHandler - 

Request DefaultFullHttpRequest(decodeResult: success, version: HTTP/1.1, content: EmptyByteBufBE)
GET /session/65ac9d63bfb83d89d193cdbb484a2fcd/screenshot HTTP/1.1
User-Agent: selenium/4.1.2 (java windows)
Cache-Control: no-cache
Content-Type: application/json; charset=utf-8
host: localhost:52984
accept: */*

Response DefaultHttpResponse(decodeResult: success, version: HTTP/1.1)
HTTP/1.1 200 OK
Content-Type: application/json; charset=utf-8
cache-control: no-cache
content-length: 14968

04:06:20.994 [AsyncHttpClient-1-2] DEBUG org.asynchttpclient.netty.channel.ChannelManager - Adding key: http://localhost:52984 for channel [id: 0xe0ab4454, L:/127.0.0.1:62082 - R:localhost/127.0.0.1:52984]
04:06:20.996 [main] DEBUG net.serenitybdd.core.photography.Darkroom - Send negative for processing for target\site\serenity\1804524c504c3fd1e5393d0675452b92639d9fb4178230ebfd0b6c0b396d7b7b.png
04:06:20.997 [Darkroom Processing Line] DEBUG net.serenitybdd.core.photography.DarkroomProcessingLine - Processing screenshot image in /var/screenshots/screenshot-13840829966737707443
04:06:20.997 [Darkroom Processing Line] DEBUG net.serenitybdd.core.photography.DarkroomProcessingLine - Saving screenshot to target\site\serenity\1804524c504c3fd1e5393d0675452b92639d9fb4178230ebfd0b6c0b396d7b7b.png
04:06:21.000 [main] INFO  - 
  _____   ___   ___   _____     ___     _     ___   ___   ___   ___  
 |_   _| | __| / __| |_   _|   | _ \   /_\   / __| / __| | __| |   \ 
   | |   | _|  \__ \   | |     |  _/  / _ \  \__ \ \__ \ | _|  | |) |
   |_|   |___| |___/   |_|     |_|   /_/ \_\ |___/ |___/ |___| |___/ 

Home detail product
----------------------------------------------------------------------
04:06:21.109 [Driver Command Executor] DEBUG org.asynchttpclient.netty.request.NettyRequestSender - Using pooled Channel '[id: 0xe0ab4454, L:/127.0.0.1:62082 - R:localhost/127.0.0.1:52984]' for 'DELETE' to 'http://localhost:52984/session/65ac9d63bfb83d89d193cdbb484a2fcd'
04:06:21.109 [Driver Command Executor] DEBUG org.asynchttpclient.netty.request.NettyRequestSender - Using open Channel [id: 0xe0ab4454, L:/127.0.0.1:62082 - R:localhost/127.0.0.1:52984] for DELETE '/session/65ac9d63bfb83d89d193cdbb484a2fcd'
04:06:21.110 [AsyncHttpClient-1-4] DEBUG org.asynchttpclient.netty.handler.WebSocketHandler - Channel Closed: [id: 0x489955aa, L:/127.0.0.1:62090 ! R:localhost/127.0.0.1:62083] with attribute NettyResponseFuture{currentRetry=5,
	isDone=1,
	isCancelled=0,
	asyncHandler=org.asynchttpclient.ws.WebSocketUpgradeHandler@278f19ea,
	nettyRequest=org.asynchttpclient.netty.request.NettyRequest@34e175a2,
	future=java.util.concurrent.CompletableFuture@248e0aa6[Completed normally],
	uri=ws://localhost:62083/devtools/browser/93869df2-9efc-4f5e-9e3e-7516ed6135f2,
	keepAlive=true,
	redirectCount=0,
	timeoutsHolder=null,
	inAuth=0,
	touch=1666731977577}
04:06:21.111 [AsyncHttpClient-1-4] DEBUG org.asynchttpclient.netty.channel.ChannelManager - Closing Channel [id: 0x489955aa, L:/127.0.0.1:62090 ! R:localhost/127.0.0.1:62083] 
04:06:21.144 [AsyncHttpClient-1-3] DEBUG org.asynchttpclient.netty.handler.HttpHandler - Unexpected I/O exception on channel [id: 0x7398f351, L:/127.0.0.1:62089 - R:localhost/127.0.0.1:62083]
java.net.SocketException: Connection reset
	at java.base/sun.nio.ch.SocketChannelImpl.throwConnectionReset(SocketChannelImpl.java:345)
	at java.base/sun.nio.ch.SocketChannelImpl.read(SocketChannelImpl.java:376)
	at io.netty.buffer.PooledByteBuf.setBytes(PooledByteBuf.java:258)
	at io.netty.buffer.AbstractByteBuf.writeBytes(AbstractByteBuf.java:1132)
	at io.netty.channel.socket.nio.NioSocketChannel.doReadBytes(NioSocketChannel.java:350)
	at io.netty.channel.nio.AbstractNioByteChannel$NioByteUnsafe.read(AbstractNioByteChannel.java:151)
	at io.netty.channel.nio.NioEventLoop.processSelectedKey(NioEventLoop.java:722)
	at io.netty.channel.nio.NioEventLoop.processSelectedKeysOptimized(NioEventLoop.java:658)
	at io.netty.channel.nio.NioEventLoop.processSelectedKeys(NioEventLoop.java:584)
	at io.netty.channel.nio.NioEventLoop.run(NioEventLoop.java:496)
	at io.netty.util.concurrent.SingleThreadEventExecutor$4.run(SingleThreadEventExecutor.java:986)
	at io.netty.util.internal.ThreadExecutorMap$2.run(ThreadExecutorMap.java:74)
	at io.netty.util.concurrent.FastThreadLocalRunnable.run(FastThreadLocalRunnable.java:30)
	at java.base/java.lang.Thread.run(Thread.java:830)
04:06:21.144 [AsyncHttpClient-1-3] DEBUG org.asynchttpclient.netty.channel.ChannelManager - Closing Channel [id: 0x7398f351, L:/127.0.0.1:62089 - R:localhost/127.0.0.1:62083] 
04:06:21.146 [AsyncHttpClient-1-3] DEBUG org.asynchttpclient.netty.handler.HttpHandler - Channel Closed: [id: 0x7398f351, L:/127.0.0.1:62089 ! R:localhost/127.0.0.1:62083] with attribute DISCARD
04:06:21.155 [AsyncHttpClient-1-2] DEBUG org.asynchttpclient.netty.handler.HttpHandler - 

Request DefaultFullHttpRequest(decodeResult: success, version: HTTP/1.1, content: EmptyByteBufBE)
DELETE /session/65ac9d63bfb83d89d193cdbb484a2fcd HTTP/1.1
User-Agent: selenium/4.1.2 (java windows)
Content-Type: application/json; charset=utf-8
host: localhost:52984
accept: */*

Response DefaultHttpResponse(decodeResult: success, version: HTTP/1.1)
HTTP/1.1 200 OK
Content-Type: application/json; charset=utf-8
cache-control: no-cache
content-length: 14

04:06:21.155 [AsyncHttpClient-1-2] DEBUG org.asynchttpclient.netty.channel.ChannelManager - Adding key: http://localhost:52984 for channel [id: 0xe0ab4454, L:/127.0.0.1:62082 - R:localhost/127.0.0.1:52984]
04:06:21.214 [AsyncHttpClient-1-2] DEBUG org.asynchttpclient.netty.handler.HttpHandler - Channel Closed: [id: 0xe0ab4454, L:/127.0.0.1:62082 ! R:localhost/127.0.0.1:52984] with attribute DISCARD
04:06:21.729 [AsyncHttpClient-1-1] DEBUG org.asynchttpclient.netty.channel.DefaultChannelPool - Entry count for : http://localhost:62083 : 1
04:06:21.729 [AsyncHttpClient-1-1] DEBUG org.asynchttpclient.netty.channel.DefaultChannelPool - Entry count for : http://localhost:52984 : 1
04:06:21.730 [AsyncHttpClient-1-1] DEBUG org.asynchttpclient.netty.channel.DefaultChannelPool - Adding Candidate expired Channel [id: 0x7398f351, L:/127.0.0.1:62089 ! R:localhost/127.0.0.1:62083] isIdleTimeoutExpired=false isRemotelyClosed=true isTtlExpired=false
04:06:21.730 [AsyncHttpClient-1-1] DEBUG org.asynchttpclient.netty.channel.DefaultChannelPool - Closing Idle Channel [id: 0x7398f351, L:/127.0.0.1:62089 ! R:localhost/127.0.0.1:62083]
04:06:21.731 [AsyncHttpClient-1-1] DEBUG org.asynchttpclient.netty.channel.DefaultChannelPool - Adding Candidate expired Channel [id: 0xe0ab4454, L:/127.0.0.1:62082 ! R:localhost/127.0.0.1:52984] isIdleTimeoutExpired=false isRemotelyClosed=true isTtlExpired=false
04:06:21.732 [AsyncHttpClient-1-1] DEBUG org.asynchttpclient.netty.channel.DefaultChannelPool - Closing Idle Channel [id: 0xe0ab4454, L:/127.0.0.1:62082 ! R:localhost/127.0.0.1:52984]
04:06:21.732 [AsyncHttpClient-1-1] DEBUG org.asynchttpclient.netty.channel.DefaultChannelPool - Closed 2 connections out of 2 in 3 ms
]]></system-out>
    <system-err><![CDATA[Starting ChromeDriver 105.0.5195.52 (412c95e518836d8a7d97250d62b29c2ae6a26a85-refs/branch-heads/5195@{#853}) on port 52984
Only local connections are allowed.
Please see https://chromedriver.chromium.org/security-considerations for suggestions on keeping ChromeDriver safe.
ChromeDriver was started successfully.
[1666731977.430][WARNING]: This version of ChromeDriver has not been tested with Chrome version 106.
Okt 26, 2022 4:06:17 AM org.openqa.selenium.remote.ProtocolHandshake createSession
INFO: Detected dialect: W3C
Okt 26, 2022 4:06:17 AM org.openqa.selenium.devtools.CdpVersionFinder findNearestMatch
WARNING: Unable to find an exact match for CDP version 106, so returning the closest version found: a no-op implementation
Okt 26, 2022 4:06:17 AM org.openqa.selenium.devtools.CdpVersionFinder findNearestMatch
INFO: Unable to find CDP implementation matching 106.
Okt 26, 2022 4:06:17 AM org.openqa.selenium.chromium.ChromiumDriver lambda$new$3
WARNING: Unable to find version of CDP to use for . You may need to include a dependency on a specific version of the CDP using something similar to `org.seleniumhq.selenium:selenium-devtools-v86:4.1.2` where the version ("v86") matches the version of the chromium-based browser you're using and the version number of the artifact is the same as Selenium's.
]]></system-err>
  </testcase>
  <testcase name="Home product to buy" classname="Home" time="4.95">
    <system-out><![CDATA[
Scenario: Home product to buy          &amp#27;[90m# src/test/resources/features/Home.feature:11&amp#27;[0m
04:06:21.750 [main] INFO io.cucumber.core.plugin.SerenityReporter - Running feature from file:///C:/Users/alwi/IdeaProjects/AltaShop/src/test/resources/features/Home.feature
04:06:21.753 [main] INFO  - 
  _____   ___   ___   _____     ___   _____     _     ___   _____   ___   ___  
 |_   _| | __| / __| |_   _|   / __| |_   _|   /_\   | _ \ |_   _| | __| |   \ 
   | |   | _|  \__ \   | |     \__ \   | |    / _ \  |   /   | |   | _|  | |) |
   |_|   |___| |___/   |_|     |___/   |_|   /_/ \_\ |_|_\   |_|   |___| |___/ 

Home product to buy(home;home-product-to-buy)
--------------------------------------------------------------------------------
04:06:21.772 [main] INFO net.serenitybdd.core.webdriver.driverproviders.ChromeDriverProvider - Using automatically driver download
04:06:21.890 [main] DEBUG io.github.bonigarcia.wdm.cache.ResolutionCache - Resolution chrome=106 in cache (valid until 04:10:38 26/10/2022 WIB)
04:06:21.895 [main] DEBUG io.github.bonigarcia.wdm.cache.ResolutionCache - Resolution chrome106=106.0.5249.61 in cache (valid until 22:47:25 26/10/2022 WIB)
04:06:21.897 [main] INFO io.github.bonigarcia.wdm.WebDriverManager - Using chromedriver 106.0.5249.61 (resolved driver for Chrome 106)
04:06:21.913 [main] DEBUG io.github.bonigarcia.wdm.WebDriverManager - Driver chromedriver 106.0.5249.61 found in cache
04:06:21.914 [main] INFO io.github.bonigarcia.wdm.WebDriverManager - Exporting webdriver.chrome.driver as C:\Users\alwi\.cache\selenium\chromedriver\win32\106.0.5249.61\chromedriver.exe
04:06:22.026 [main] DEBUG net.serenitybdd.core.webdriver.driverproviders.ProvideNewDriver - Instantiating driver
04:06:22.026 [main] DEBUG net.serenitybdd.core.webdriver.driverproviders.ProvideNewDriver - Driver capabilities: Capabilities {acceptInsecureCerts: false, base.url: https://alta-shop.vercel.app, browserName: chrome, chrome.driver: src/test/resources/webdrive..., driver: chrome, goog:chromeOptions: {args: [], extensions: []}}
04:06:22.585 [AsyncHttpClient-1-5] DEBUG org.asynchttpclient.netty.channel.NettyConnectListener - Using new Channel '[id: 0x6204e795, L:/127.0.0.1:62112 - R:localhost/127.0.0.1:62500]' for 'POST' to '/session'
04:06:23.251 [AsyncHttpClient-1-5] DEBUG org.asynchttpclient.netty.handler.HttpHandler - 

Request DefaultHttpRequest(decodeResult: success, version: HTTP/1.1)
POST /session HTTP/1.1
User-Agent: selenium/4.1.2 (java windows)
Content-Length: 609
Content-Type: application/json; charset=utf-8
host: localhost:62500
accept: */*

Response DefaultHttpResponse(decodeResult: success, version: HTTP/1.1)
HTTP/1.1 200 OK
Content-Type: application/json; charset=utf-8
cache-control: no-cache
content-length: 790

04:06:23.252 [AsyncHttpClient-1-5] DEBUG org.asynchttpclient.netty.channel.ChannelManager - Adding key: http://localhost:62500 for channel [id: 0x6204e795, L:/127.0.0.1:62112 - R:localhost/127.0.0.1:62500]
04:06:23.263 [AsyncHttpClient-1-6] DEBUG org.asynchttpclient.netty.channel.NettyConnectListener - Using new Channel '[id: 0xaf2a0b34, L:/127.0.0.1:62119 - R:localhost/127.0.0.1:62113]' for 'GET' to '/json/version'
04:06:23.269 [AsyncHttpClient-1-6] DEBUG org.asynchttpclient.netty.handler.HttpHandler - 

Request DefaultFullHttpRequest(decodeResult: success, version: HTTP/1.1, content: EmptyByteBufBE)
GET /json/version HTTP/1.1
User-Agent: selenium/4.1.2 (java windows)
host: localhost:62113
accept: */*

Response DefaultHttpResponse(decodeResult: success, version: HTTP/1.1)
HTTP/1.1 200 OK
Content-Type: application/json; charset=UTF-8
content-length: 424

04:06:23.269 [AsyncHttpClient-1-6] DEBUG org.asynchttpclient.netty.channel.ChannelManager - Adding key: http://localhost:62113 for channel [id: 0xaf2a0b34, L:/127.0.0.1:62119 - R:localhost/127.0.0.1:62113]
04:06:23.274 [AsyncHttpClient-1-7] DEBUG org.asynchttpclient.netty.channel.NettyConnectListener - Using new Channel '[id: 0x1062e481, L:/127.0.0.1:62120 - R:localhost/127.0.0.1:62113]' for 'GET' to '/devtools/browser/72511937-dc95-498b-bde9-79b7a83142bf'
04:06:23.279 [AsyncHttpClient-1-7] DEBUG org.asynchttpclient.netty.handler.WebSocketHandler - 

Request DefaultFullHttpRequest(decodeResult: success, version: HTTP/1.1, content: EmptyByteBufBE)
GET /devtools/browser/72511937-dc95-498b-bde9-79b7a83142bf HTTP/1.1
upgrade: websocket
connection: upgrade
sec-websocket-key: KNIKpiJcW2S0P468OyUjbA==
sec-websocket-version: 13
origin: http://localhost:62113
host: localhost:62113
accept: */*
user-agent: AHC/2.1

Response DefaultHttpResponse(decodeResult: success, version: HTTP/1.1)
HTTP/1.1 101 WebSocket Protocol Handshake
Upgrade: WebSocket
Connection: Upgrade
Sec-WebSocket-Accept: 3d/zZ6cW779IBj8tEpEi4j5jjVk=

04:06:23.287 [Forwarding get on session 27e8dbd328c41ee8c52351729cb03f18 to remote] DEBUG org.asynchttpclient.netty.request.NettyRequestSender - Using pooled Channel '[id: 0x6204e795, L:/127.0.0.1:62112 - R:localhost/127.0.0.1:62500]' for 'POST' to 'http://localhost:62500/session/27e8dbd328c41ee8c52351729cb03f18/url'
04:06:23.287 [Forwarding get on session 27e8dbd328c41ee8c52351729cb03f18 to remote] DEBUG org.asynchttpclient.netty.request.NettyRequestSender - Using open Channel [id: 0x6204e795, L:/127.0.0.1:62112 - R:localhost/127.0.0.1:62500] for POST '/session/27e8dbd328c41ee8c52351729cb03f18/url'
04:06:23.919 [AsyncHttpClient-1-1] DEBUG org.asynchttpclient.netty.channel.DefaultChannelPool - Entry count for : http://localhost:62113 : 1
04:06:23.985 [AsyncHttpClient-1-5] DEBUG org.asynchttpclient.netty.handler.HttpHandler - 

Request DefaultHttpRequest(decodeResult: success, version: HTTP/1.1)
POST /session/27e8dbd328c41ee8c52351729cb03f18/url HTTP/1.1
User-Agent: selenium/4.1.2 (java windows)
Content-Length: 59
Content-Type: application/json; charset=utf-8
host: localhost:62500
accept: */*

Response DefaultHttpResponse(decodeResult: success, version: HTTP/1.1)
HTTP/1.1 200 OK
Content-Type: application/json; charset=utf-8
cache-control: no-cache
content-length: 14

04:06:23.985 [AsyncHttpClient-1-5] DEBUG org.asynchttpclient.netty.channel.ChannelManager - Adding key: http://localhost:62500 for channel [id: 0x6204e795, L:/127.0.0.1:62112 - R:localhost/127.0.0.1:62500]
04:06:23.987 [Forwarding setTimeout on session 27e8dbd328c41ee8c52351729cb03f18 to remote] DEBUG org.asynchttpclient.netty.request.NettyRequestSender - Using pooled Channel '[id: 0x6204e795, L:/127.0.0.1:62112 - R:localhost/127.0.0.1:62500]' for 'POST' to 'http://localhost:62500/session/27e8dbd328c41ee8c52351729cb03f18/timeouts'
04:06:23.987 [Forwarding setTimeout on session 27e8dbd328c41ee8c52351729cb03f18 to remote] DEBUG org.asynchttpclient.netty.request.NettyRequestSender - Using open Channel [id: 0x6204e795, L:/127.0.0.1:62112 - R:localhost/127.0.0.1:62500] for POST '/session/27e8dbd328c41ee8c52351729cb03f18/timeouts'
04:06:23.989 [AsyncHttpClient-1-5] DEBUG org.asynchttpclient.netty.handler.HttpHandler - 

Request DefaultHttpRequest(decodeResult: success, version: HTTP/1.1)
POST /session/27e8dbd328c41ee8c52351729cb03f18/timeouts HTTP/1.1
User-Agent: selenium/4.1.2 (java windows)
Content-Length: 22
Content-Type: application/json; charset=utf-8
host: localhost:62500
accept: */*

Response DefaultHttpResponse(decodeResult: success, version: HTTP/1.1)
HTTP/1.1 200 OK
Content-Type: application/json; charset=utf-8
cache-control: no-cache
content-length: 14

04:06:23.989 [AsyncHttpClient-1-5] DEBUG org.asynchttpclient.netty.channel.ChannelManager - Adding key: http://localhost:62500 for channel [id: 0x6204e795, L:/127.0.0.1:62112 - R:localhost/127.0.0.1:62500]
04:06:23.996 [Forwarding getCurrentUrl on session 27e8dbd328c41ee8c52351729cb03f18 to remote] DEBUG org.asynchttpclient.netty.request.NettyRequestSender - Using pooled Channel '[id: 0x6204e795, L:/127.0.0.1:62112 - R:localhost/127.0.0.1:62500]' for 'GET' to 'http://localhost:62500/session/27e8dbd328c41ee8c52351729cb03f18/url'
04:06:23.996 [Forwarding getCurrentUrl on session 27e8dbd328c41ee8c52351729cb03f18 to remote] DEBUG org.asynchttpclient.netty.request.NettyRequestSender - Using open Channel [id: 0x6204e795, L:/127.0.0.1:62112 - R:localhost/127.0.0.1:62500] for GET '/session/27e8dbd328c41ee8c52351729cb03f18/url'
04:06:24.011 [AsyncHttpClient-1-5] DEBUG org.asynchttpclient.netty.handler.HttpHandler - 

Request DefaultFullHttpRequest(decodeResult: success, version: HTTP/1.1, content: EmptyByteBufBE)
GET /session/27e8dbd328c41ee8c52351729cb03f18/url HTTP/1.1
User-Agent: selenium/4.1.2 (java windows)
Cache-Control: no-cache
Content-Type: application/json; charset=utf-8
host: localhost:62500
accept: */*

Response DefaultHttpResponse(decodeResult: success, version: HTTP/1.1)
HTTP/1.1 200 OK
Content-Type: application/json; charset=utf-8
cache-control: no-cache
content-length: 41

04:06:24.011 [AsyncHttpClient-1-5] DEBUG org.asynchttpclient.netty.channel.ChannelManager - Adding key: http://localhost:62500 for channel [id: 0x6204e795, L:/127.0.0.1:62112 - R:localhost/127.0.0.1:62500]
  &amp#27;[32mGiven &amp#27;[0m&amp#27;[32mI am on the home page&amp#27;[0m          &amp#27;[90m# starter.stepdefinitions.HomeStep.iAmOnTheHomePage()&amp#27;[0m
04:06:24.023 [Forwarding screenshot on session 27e8dbd328c41ee8c52351729cb03f18 to remote] DEBUG org.asynchttpclient.netty.request.NettyRequestSender - Using pooled Channel '[id: 0x6204e795, L:/127.0.0.1:62112 - R:localhost/127.0.0.1:62500]' for 'GET' to 'http://localhost:62500/session/27e8dbd328c41ee8c52351729cb03f18/screenshot'
04:06:24.024 [Forwarding screenshot on session 27e8dbd328c41ee8c52351729cb03f18 to remote] DEBUG org.asynchttpclient.netty.request.NettyRequestSender - Using open Channel [id: 0x6204e795, L:/127.0.0.1:62112 - R:localhost/127.0.0.1:62500] for GET '/session/27e8dbd328c41ee8c52351729cb03f18/screenshot'
04:06:24.175 [AsyncHttpClient-1-5] DEBUG org.asynchttpclient.netty.handler.HttpHandler - 

Request DefaultFullHttpRequest(decodeResult: success, version: HTTP/1.1, content: EmptyByteBufBE)
GET /session/27e8dbd328c41ee8c52351729cb03f18/screenshot HTTP/1.1
User-Agent: selenium/4.1.2 (java windows)
Cache-Control: no-cache
Content-Type: application/json; charset=utf-8
host: localhost:62500
accept: */*

Response DefaultHttpResponse(decodeResult: success, version: HTTP/1.1)
HTTP/1.1 200 OK
Content-Type: application/json; charset=utf-8
cache-control: no-cache
content-length: 26820

04:06:24.176 [AsyncHttpClient-1-5] DEBUG org.asynchttpclient.netty.channel.ChannelManager - Adding key: http://localhost:62500 for channel [id: 0x6204e795, L:/127.0.0.1:62112 - R:localhost/127.0.0.1:62500]
04:06:24.178 [main] DEBUG net.serenitybdd.core.photography.Darkroom - Send negative for processing for target\site\serenity\390d78bb12ce239ccd270400aeed635f358f90f75e7763040b627e3229516f56.png
04:06:24.178 [Darkroom Processing Line] DEBUG net.serenitybdd.core.photography.DarkroomProcessingLine - Processing screenshot image in /var/screenshots/screenshot-2738376310583039641
04:06:24.178 [Darkroom Processing Line] DEBUG net.serenitybdd.core.photography.DarkroomProcessingLine - Saving screenshot to target\site\serenity\390d78bb12ce239ccd270400aeed635f358f90f75e7763040b627e3229516f56.png
04:06:24.187 [Forwarding findElement on session 27e8dbd328c41ee8c52351729cb03f18 to remote] DEBUG org.asynchttpclient.netty.request.NettyRequestSender - Using pooled Channel '[id: 0x6204e795, L:/127.0.0.1:62112 - R:localhost/127.0.0.1:62500]' for 'POST' to 'http://localhost:62500/session/27e8dbd328c41ee8c52351729cb03f18/element'
04:06:24.188 [Forwarding findElement on session 27e8dbd328c41ee8c52351729cb03f18 to remote] DEBUG org.asynchttpclient.netty.request.NettyRequestSender - Using open Channel [id: 0x6204e795, L:/127.0.0.1:62112 - R:localhost/127.0.0.1:62500] for POST '/session/27e8dbd328c41ee8c52351729cb03f18/element'
04:06:25.027 [AsyncHttpClient-1-1] DEBUG org.asynchttpclient.netty.channel.DefaultChannelPool - Entry count for : http://localhost:62113 : 1
04:06:25.467 [AsyncHttpClient-1-5] DEBUG org.asynchttpclient.netty.handler.HttpHandler - 

Request DefaultHttpRequest(decodeResult: success, version: HTTP/1.1)
POST /session/27e8dbd328c41ee8c52351729cb03f18/element HTTP/1.1
User-Agent: selenium/4.1.2 (java windows)
Content-Length: 145
Content-Type: application/json; charset=utf-8
host: localhost:62500
accept: */*

Response DefaultHttpResponse(decodeResult: success, version: HTTP/1.1)
HTTP/1.1 200 OK
Content-Type: application/json; charset=utf-8
cache-control: no-cache
content-length: 88

04:06:25.467 [AsyncHttpClient-1-5] DEBUG org.asynchttpclient.netty.channel.ChannelManager - Adding key: http://localhost:62500 for channel [id: 0x6204e795, L:/127.0.0.1:62112 - R:localhost/127.0.0.1:62500]
04:06:25.471 [Forwarding getElementTagName on session 27e8dbd328c41ee8c52351729cb03f18 to remote] DEBUG org.asynchttpclient.netty.request.NettyRequestSender - Using pooled Channel '[id: 0x6204e795, L:/127.0.0.1:62112 - R:localhost/127.0.0.1:62500]' for 'GET' to 'http://localhost:62500/session/27e8dbd328c41ee8c52351729cb03f18/element/00a18c95-9d41-4ec7-b03e-fd8376be7cbd/name'
04:06:25.472 [Forwarding getElementTagName on session 27e8dbd328c41ee8c52351729cb03f18 to remote] DEBUG org.asynchttpclient.netty.request.NettyRequestSender - Using open Channel [id: 0x6204e795, L:/127.0.0.1:62112 - R:localhost/127.0.0.1:62500] for GET '/session/27e8dbd328c41ee8c52351729cb03f18/element/00a18c95-9d41-4ec7-b03e-fd8376be7cbd/name'
04:06:25.478 [AsyncHttpClient-1-5] DEBUG org.asynchttpclient.netty.handler.HttpHandler - 

Request DefaultFullHttpRequest(decodeResult: success, version: HTTP/1.1, content: EmptyByteBufBE)
GET /session/27e8dbd328c41ee8c52351729cb03f18/element/00a18c95-9d41-4ec7-b03e-fd8376be7cbd/name HTTP/1.1
User-Agent: selenium/4.1.2 (java windows)
Cache-Control: no-cache
Content-Type: application/json; charset=utf-8
host: localhost:62500
accept: */*

Response DefaultHttpResponse(decodeResult: success, version: HTTP/1.1)
HTTP/1.1 200 OK
Content-Type: application/json; charset=utf-8
cache-control: no-cache
content-length: 18

04:06:25.478 [AsyncHttpClient-1-5] DEBUG org.asynchttpclient.netty.channel.ChannelManager - Adding key: http://localhost:62500 for channel [id: 0x6204e795, L:/127.0.0.1:62112 - R:localhost/127.0.0.1:62500]
04:06:25.480 [Forwarding getElementTagName on session 27e8dbd328c41ee8c52351729cb03f18 to remote] DEBUG org.asynchttpclient.netty.request.NettyRequestSender - Using pooled Channel '[id: 0x6204e795, L:/127.0.0.1:62112 - R:localhost/127.0.0.1:62500]' for 'GET' to 'http://localhost:62500/session/27e8dbd328c41ee8c52351729cb03f18/element/00a18c95-9d41-4ec7-b03e-fd8376be7cbd/name'
04:06:25.480 [Forwarding getElementTagName on session 27e8dbd328c41ee8c52351729cb03f18 to remote] DEBUG org.asynchttpclient.netty.request.NettyRequestSender - Using open Channel [id: 0x6204e795, L:/127.0.0.1:62112 - R:localhost/127.0.0.1:62500] for GET '/session/27e8dbd328c41ee8c52351729cb03f18/element/00a18c95-9d41-4ec7-b03e-fd8376be7cbd/name'
04:06:25.483 [AsyncHttpClient-1-5] DEBUG org.asynchttpclient.netty.handler.HttpHandler - 

Request DefaultFullHttpRequest(decodeResult: success, version: HTTP/1.1, content: EmptyByteBufBE)
GET /session/27e8dbd328c41ee8c52351729cb03f18/element/00a18c95-9d41-4ec7-b03e-fd8376be7cbd/name HTTP/1.1
User-Agent: selenium/4.1.2 (java windows)
Cache-Control: no-cache
Content-Type: application/json; charset=utf-8
host: localhost:62500
accept: */*

Response DefaultHttpResponse(decodeResult: success, version: HTTP/1.1)
HTTP/1.1 200 OK
Content-Type: application/json; charset=utf-8
cache-control: no-cache
content-length: 18

04:06:25.483 [AsyncHttpClient-1-5] DEBUG org.asynchttpclient.netty.channel.ChannelManager - Adding key: http://localhost:62500 for channel [id: 0x6204e795, L:/127.0.0.1:62112 - R:localhost/127.0.0.1:62500]
04:06:25.487 [Forwarding isElementEnabled on session 27e8dbd328c41ee8c52351729cb03f18 to remote] DEBUG org.asynchttpclient.netty.request.NettyRequestSender - Using pooled Channel '[id: 0x6204e795, L:/127.0.0.1:62112 - R:localhost/127.0.0.1:62500]' for 'GET' to 'http://localhost:62500/session/27e8dbd328c41ee8c52351729cb03f18/element/00a18c95-9d41-4ec7-b03e-fd8376be7cbd/enabled'
04:06:25.487 [Forwarding isElementEnabled on session 27e8dbd328c41ee8c52351729cb03f18 to remote] DEBUG org.asynchttpclient.netty.request.NettyRequestSender - Using open Channel [id: 0x6204e795, L:/127.0.0.1:62112 - R:localhost/127.0.0.1:62500] for GET '/session/27e8dbd328c41ee8c52351729cb03f18/element/00a18c95-9d41-4ec7-b03e-fd8376be7cbd/enabled'
04:06:25.496 [AsyncHttpClient-1-5] DEBUG org.asynchttpclient.netty.handler.HttpHandler - 

Request DefaultFullHttpRequest(decodeResult: success, version: HTTP/1.1, content: EmptyByteBufBE)
GET /session/27e8dbd328c41ee8c52351729cb03f18/element/00a18c95-9d41-4ec7-b03e-fd8376be7cbd/enabled HTTP/1.1
User-Agent: selenium/4.1.2 (java windows)
Cache-Control: no-cache
Content-Type: application/json; charset=utf-8
host: localhost:62500
accept: */*

Response DefaultHttpResponse(decodeResult: success, version: HTTP/1.1)
HTTP/1.1 200 OK
Content-Type: application/json; charset=utf-8
cache-control: no-cache
content-length: 14

04:06:25.496 [AsyncHttpClient-1-5] DEBUG org.asynchttpclient.netty.channel.ChannelManager - Adding key: http://localhost:62500 for channel [id: 0x6204e795, L:/127.0.0.1:62112 - R:localhost/127.0.0.1:62500]
04:06:25.498 [Forwarding isElementEnabled on session 27e8dbd328c41ee8c52351729cb03f18 to remote] DEBUG org.asynchttpclient.netty.request.NettyRequestSender - Using pooled Channel '[id: 0x6204e795, L:/127.0.0.1:62112 - R:localhost/127.0.0.1:62500]' for 'GET' to 'http://localhost:62500/session/27e8dbd328c41ee8c52351729cb03f18/element/00a18c95-9d41-4ec7-b03e-fd8376be7cbd/enabled'
04:06:25.498 [Forwarding isElementEnabled on session 27e8dbd328c41ee8c52351729cb03f18 to remote] DEBUG org.asynchttpclient.netty.request.NettyRequestSender - Using open Channel [id: 0x6204e795, L:/127.0.0.1:62112 - R:localhost/127.0.0.1:62500] for GET '/session/27e8dbd328c41ee8c52351729cb03f18/element/00a18c95-9d41-4ec7-b03e-fd8376be7cbd/enabled'
04:06:25.503 [AsyncHttpClient-1-5] DEBUG org.asynchttpclient.netty.handler.HttpHandler - 

Request DefaultFullHttpRequest(decodeResult: success, version: HTTP/1.1, content: EmptyByteBufBE)
GET /session/27e8dbd328c41ee8c52351729cb03f18/element/00a18c95-9d41-4ec7-b03e-fd8376be7cbd/enabled HTTP/1.1
User-Agent: selenium/4.1.2 (java windows)
Cache-Control: no-cache
Content-Type: application/json; charset=utf-8
host: localhost:62500
accept: */*

Response DefaultHttpResponse(decodeResult: success, version: HTTP/1.1)
HTTP/1.1 200 OK
Content-Type: application/json; charset=utf-8
cache-control: no-cache
content-length: 14

04:06:25.503 [AsyncHttpClient-1-5] DEBUG org.asynchttpclient.netty.channel.ChannelManager - Adding key: http://localhost:62500 for channel [id: 0x6204e795, L:/127.0.0.1:62112 - R:localhost/127.0.0.1:62500]
04:06:25.505 [Forwarding findElement on session 27e8dbd328c41ee8c52351729cb03f18 to remote] DEBUG org.asynchttpclient.netty.request.NettyRequestSender - Using pooled Channel '[id: 0x6204e795, L:/127.0.0.1:62112 - R:localhost/127.0.0.1:62500]' for 'POST' to 'http://localhost:62500/session/27e8dbd328c41ee8c52351729cb03f18/element'
04:06:25.505 [Forwarding findElement on session 27e8dbd328c41ee8c52351729cb03f18 to remote] DEBUG org.asynchttpclient.netty.request.NettyRequestSender - Using open Channel [id: 0x6204e795, L:/127.0.0.1:62112 - R:localhost/127.0.0.1:62500] for POST '/session/27e8dbd328c41ee8c52351729cb03f18/element'
04:06:25.512 [AsyncHttpClient-1-5] DEBUG org.asynchttpclient.netty.handler.HttpHandler - 

Request DefaultHttpRequest(decodeResult: success, version: HTTP/1.1)
POST /session/27e8dbd328c41ee8c52351729cb03f18/element HTTP/1.1
User-Agent: selenium/4.1.2 (java windows)
Content-Length: 145
Content-Type: application/json; charset=utf-8
host: localhost:62500
accept: */*

Response DefaultHttpResponse(decodeResult: success, version: HTTP/1.1)
HTTP/1.1 200 OK
Content-Type: application/json; charset=utf-8
cache-control: no-cache
content-length: 88

04:06:25.512 [AsyncHttpClient-1-5] DEBUG org.asynchttpclient.netty.channel.ChannelManager - Adding key: http://localhost:62500 for channel [id: 0x6204e795, L:/127.0.0.1:62112 - R:localhost/127.0.0.1:62500]
04:06:25.513 [Forwarding clickElement on session 27e8dbd328c41ee8c52351729cb03f18 to remote] DEBUG org.asynchttpclient.netty.request.NettyRequestSender - Using pooled Channel '[id: 0x6204e795, L:/127.0.0.1:62112 - R:localhost/127.0.0.1:62500]' for 'POST' to 'http://localhost:62500/session/27e8dbd328c41ee8c52351729cb03f18/element/00a18c95-9d41-4ec7-b03e-fd8376be7cbd/click'
04:06:25.513 [Forwarding clickElement on session 27e8dbd328c41ee8c52351729cb03f18 to remote] DEBUG org.asynchttpclient.netty.request.NettyRequestSender - Using open Channel [id: 0x6204e795, L:/127.0.0.1:62112 - R:localhost/127.0.0.1:62500] for POST '/session/27e8dbd328c41ee8c52351729cb03f18/element/00a18c95-9d41-4ec7-b03e-fd8376be7cbd/click'
04:06:25.549 [AsyncHttpClient-1-5] DEBUG org.asynchttpclient.netty.handler.HttpHandler - 

Request DefaultHttpRequest(decodeResult: success, version: HTTP/1.1)
POST /session/27e8dbd328c41ee8c52351729cb03f18/element/00a18c95-9d41-4ec7-b03e-fd8376be7cbd/click HTTP/1.1
User-Agent: selenium/4.1.2 (java windows)
Content-Length: 50
Content-Type: application/json; charset=utf-8
host: localhost:62500
accept: */*

Response DefaultHttpResponse(decodeResult: success, version: HTTP/1.1)
HTTP/1.1 200 OK
Content-Type: application/json; charset=utf-8
cache-control: no-cache
content-length: 14

04:06:25.549 [AsyncHttpClient-1-5] DEBUG org.asynchttpclient.netty.channel.ChannelManager - Adding key: http://localhost:62500 for channel [id: 0x6204e795, L:/127.0.0.1:62112 - R:localhost/127.0.0.1:62500]
  &amp#27;[32mWhen &amp#27;[0m&amp#27;[32mI click button buy&amp#27;[0m              &amp#27;[90m# starter.stepdefinitions.HomeStep.iClickButtonBuy()&amp#27;[0m
04:06:25.559 [Forwarding screenshot on session 27e8dbd328c41ee8c52351729cb03f18 to remote] DEBUG org.asynchttpclient.netty.request.NettyRequestSender - Using pooled Channel '[id: 0x6204e795, L:/127.0.0.1:62112 - R:localhost/127.0.0.1:62500]' for 'GET' to 'http://localhost:62500/session/27e8dbd328c41ee8c52351729cb03f18/screenshot'
04:06:25.559 [Forwarding screenshot on session 27e8dbd328c41ee8c52351729cb03f18 to remote] DEBUG org.asynchttpclient.netty.request.NettyRequestSender - Using open Channel [id: 0x6204e795, L:/127.0.0.1:62112 - R:localhost/127.0.0.1:62500] for GET '/session/27e8dbd328c41ee8c52351729cb03f18/screenshot'
04:06:25.654 [AsyncHttpClient-1-5] DEBUG org.asynchttpclient.netty.handler.HttpHandler - 

Request DefaultFullHttpRequest(decodeResult: success, version: HTTP/1.1, content: EmptyByteBufBE)
GET /session/27e8dbd328c41ee8c52351729cb03f18/screenshot HTTP/1.1
User-Agent: selenium/4.1.2 (java windows)
Cache-Control: no-cache
Content-Type: application/json; charset=utf-8
host: localhost:62500
accept: */*

Response DefaultHttpResponse(decodeResult: success, version: HTTP/1.1)
HTTP/1.1 200 OK
Content-Type: application/json; charset=utf-8
cache-control: no-cache
content-length: 67772

04:06:25.655 [AsyncHttpClient-1-5] DEBUG org.asynchttpclient.netty.channel.ChannelManager - Adding key: http://localhost:62500 for channel [id: 0x6204e795, L:/127.0.0.1:62112 - R:localhost/127.0.0.1:62500]
04:06:25.658 [main] DEBUG net.serenitybdd.core.photography.Darkroom - Send negative for processing for target\site\serenity\503ca7e34e6728b216aae2e60163df582ae92840340978a10214f67d695ce5c1.png
04:06:25.658 [Darkroom Processing Line] DEBUG net.serenitybdd.core.photography.DarkroomProcessingLine - Processing screenshot image in /var/screenshots/screenshot-14795185066645937458
04:06:25.658 [Darkroom Processing Line] DEBUG net.serenitybdd.core.photography.DarkroomProcessingLine - Saving screenshot to target\site\serenity\503ca7e34e6728b216aae2e60163df582ae92840340978a10214f67d695ce5c1.png
04:06:25.665 [Forwarding findElement on session 27e8dbd328c41ee8c52351729cb03f18 to remote] DEBUG org.asynchttpclient.netty.request.NettyRequestSender - Using pooled Channel '[id: 0x6204e795, L:/127.0.0.1:62112 - R:localhost/127.0.0.1:62500]' for 'POST' to 'http://localhost:62500/session/27e8dbd328c41ee8c52351729cb03f18/element'
04:06:25.665 [Forwarding findElement on session 27e8dbd328c41ee8c52351729cb03f18 to remote] DEBUG org.asynchttpclient.netty.request.NettyRequestSender - Using open Channel [id: 0x6204e795, L:/127.0.0.1:62112 - R:localhost/127.0.0.1:62500] for POST '/session/27e8dbd328c41ee8c52351729cb03f18/element'
04:06:25.861 [AsyncHttpClient-1-5] DEBUG org.asynchttpclient.netty.handler.HttpHandler - 

Request DefaultHttpRequest(decodeResult: success, version: HTTP/1.1)
POST /session/27e8dbd328c41ee8c52351729cb03f18/element HTTP/1.1
User-Agent: selenium/4.1.2 (java windows)
Content-Length: 86
Content-Type: application/json; charset=utf-8
host: localhost:62500
accept: */*

Response DefaultHttpResponse(decodeResult: success, version: HTTP/1.1)
HTTP/1.1 200 OK
Content-Type: application/json; charset=utf-8
cache-control: no-cache
content-length: 88

04:06:25.862 [AsyncHttpClient-1-5] DEBUG org.asynchttpclient.netty.channel.ChannelManager - Adding key: http://localhost:62500 for channel [id: 0x6204e795, L:/127.0.0.1:62112 - R:localhost/127.0.0.1:62500]
04:06:25.868 [Forwarding isElementDisplayed on session 27e8dbd328c41ee8c52351729cb03f18 to remote] DEBUG org.asynchttpclient.netty.request.NettyRequestSender - Using pooled Channel '[id: 0x6204e795, L:/127.0.0.1:62112 - R:localhost/127.0.0.1:62500]' for 'POST' to 'http://localhost:62500/session/27e8dbd328c41ee8c52351729cb03f18/execute/sync'
04:06:25.868 [Forwarding isElementDisplayed on session 27e8dbd328c41ee8c52351729cb03f18 to remote] DEBUG org.asynchttpclient.netty.request.NettyRequestSender - Using open Channel [id: 0x6204e795, L:/127.0.0.1:62112 - R:localhost/127.0.0.1:62500] for POST '/session/27e8dbd328c41ee8c52351729cb03f18/execute/sync'
04:06:25.894 [AsyncHttpClient-1-5] DEBUG org.asynchttpclient.netty.handler.HttpHandler - 

Request DefaultHttpRequest(decodeResult: success, version: HTTP/1.1)
POST /session/27e8dbd328c41ee8c52351729cb03f18/execute/sync HTTP/1.1
User-Agent: selenium/4.1.2 (java windows)
Content-Length: 48780
Content-Type: application/json; charset=utf-8
host: localhost:62500
accept: */*

Response DefaultHttpResponse(decodeResult: success, version: HTTP/1.1)
HTTP/1.1 200 OK
Content-Type: application/json; charset=utf-8
cache-control: no-cache
content-length: 14

04:06:25.895 [AsyncHttpClient-1-5] DEBUG org.asynchttpclient.netty.channel.ChannelManager - Adding key: http://localhost:62500 for channel [id: 0x6204e795, L:/127.0.0.1:62112 - R:localhost/127.0.0.1:62500]
  &amp#27;[32mThen &amp#27;[0m&amp#27;[32mI will get the product to order&amp#27;[0m &amp#27;[90m# starter.stepdefinitions.HomeStep.iWillGetTheProductToOrder()&amp#27;[0m
04:06:25.902 [Forwarding screenshot on session 27e8dbd328c41ee8c52351729cb03f18 to remote] DEBUG org.asynchttpclient.netty.request.NettyRequestSender - Using pooled Channel '[id: 0x6204e795, L:/127.0.0.1:62112 - R:localhost/127.0.0.1:62500]' for 'GET' to 'http://localhost:62500/session/27e8dbd328c41ee8c52351729cb03f18/screenshot'
04:06:25.902 [Forwarding screenshot on session 27e8dbd328c41ee8c52351729cb03f18 to remote] DEBUG org.asynchttpclient.netty.request.NettyRequestSender - Using open Channel [id: 0x6204e795, L:/127.0.0.1:62112 - R:localhost/127.0.0.1:62500] for GET '/session/27e8dbd328c41ee8c52351729cb03f18/screenshot'
04:06:26.025 [AsyncHttpClient-1-5] DEBUG org.asynchttpclient.netty.handler.HttpHandler - 

Request DefaultFullHttpRequest(decodeResult: success, version: HTTP/1.1, content: EmptyByteBufBE)
GET /session/27e8dbd328c41ee8c52351729cb03f18/screenshot HTTP/1.1
User-Agent: selenium/4.1.2 (java windows)
Cache-Control: no-cache
Content-Type: application/json; charset=utf-8
host: localhost:62500
accept: */*

Response DefaultHttpResponse(decodeResult: success, version: HTTP/1.1)
HTTP/1.1 200 OK
Content-Type: application/json; charset=utf-8
cache-control: no-cache
content-length: 66524

04:06:26.025 [AsyncHttpClient-1-5] DEBUG org.asynchttpclient.netty.channel.ChannelManager - Adding key: http://localhost:62500 for channel [id: 0x6204e795, L:/127.0.0.1:62112 - R:localhost/127.0.0.1:62500]
[...]
	at AltaShop@1.0-SNAPSHOT/starter.pages.LoginPage$ByteBuddy$NjZfbJKH.ClickBtnLogin$accessor$HZ5CpEI8(Unknown Source)
	at java.base/jdk.internal.reflect.NativeMethodAccessorImpl.invoke0(Native Method)
	at java.base/jdk.internal.reflect.NativeMethodAccessorImpl.invoke(NativeMethodAccessorImpl.java:62)
	at java.base/jdk.internal.reflect.DelegatingMethodAccessorImpl.invoke(DelegatingMethodAccessorImpl.java:43)
	at java.base/java.lang.reflect.Method.invoke(Method.java:567)
	at net.thucydides.core.steps.BaseMethodRunner.invokeMethod(BaseMethodRunner.java:18)
	at net.thucydides.core.steps.NormalMethodRunner.invokeMethodAndNotifyFailures(NormalMethodRunner.java:18)
	at net.thucydides.core.steps.StepInterceptor.runNormalMethod(StepInterceptor.java:406)
	at net.thucydides.core.steps.StepInterceptor.testStepResult(StepInterceptor.java:191)
	at net.thucydides.core.steps.StepInterceptor.intercept(StepInterceptor.java:84)
	at net.thucydides.core.steps.ProxyConfiguration$InterceptorDispatcher.intercept(ProxyConfiguration.java:51)
	at AltaShop@1.0-SNAPSHOT/starter.pages.LoginPage$ByteBuddy$NjZfbJKH.ClickBtnLogin(Unknown Source)
	at AltaShop@1.0-SNAPSHOT/starter.stepdefinitions.LoginStep.iClickLoginButton(LoginStep.java:31)
	at âœ½.I click login button(file:///C:/Users/alwi/IdeaProjects/AltaShop/src/test/resources/features/Register.feature:8)
Caused by: org.openqa.selenium.TimeoutException: Expected condition failed: waiting for By.xpath: //button[@class = 'v-btn v-btn--is-elevated v-btn--has-bg theme--light v-size--default primary'] to be enabled (tried for 5 second(s) with 100 milliseconds interval)
	at org.openqa.selenium.support.ui.FluentWait.timeoutException(FluentWait.java:263)
	at org.openqa.selenium.support.ui.FluentWait.until(FluentWait.java:231)
	at net.serenitybdd.core.pages.WebElementFacadeImpl.waitUntilEnabled(WebElementFacadeImpl.java:1097)
	at net.serenitybdd.core.pages.WebElementFacadeImpl.waitUntilElementAvailable(WebElementFacadeImpl.java:888)
	at net.serenitybdd.core.pages.WebElementFacadeImpl.click(WebElementFacadeImpl.java:1182)
	at net.serenitybdd.core.pages.WebElementFacadeImpl.click(WebElementFacadeImpl.java:1201)
	at AltaShop@1.0-SNAPSHOT/starter.pages.LoginPage.ClickBtnLogin(LoginPage.java:29)
	at AltaShop@1.0-SNAPSHOT/starter.pages.LoginPage$ByteBuddy$NjZfbJKH.ClickBtnLogin$accessor$HZ5CpEI8(Unknown Source)
	at java.base/jdk.internal.reflect.NativeMethodAccessorImpl.invoke0(Native Method)
	at java.base/jdk.internal.reflect.NativeMethodAccessorImpl.invoke(NativeMethodAccessorImpl.java:62)
	at java.base/jdk.internal.reflect.DelegatingMethodAccessorImpl.invoke(DelegatingMethodAccessorImpl.java:43)
	at java.base/java.lang.reflect.Method.invoke(Method.java:567)
	at net.thucydides.core.steps.BaseMethodRunner.invokeMethod(BaseMethodRunner.java:18)
	at net.thucydides.core.steps.NormalMethodRunner.invokeMethodAndNotifyFailures(NormalMethodRunner.java:18)
	at net.thucydides.core.steps.StepInterceptor.runNormalMethod(StepInterceptor.java:406)
	at net.thucydides.core.steps.StepInterceptor.testStepResult(StepInterceptor.java:191)
	at net.thucydides.core.steps.StepInterceptor.intercept(StepInterceptor.java:84)
	at net.thucydides.core.steps.ProxyConfiguration$InterceptorDispatcher.intercept(ProxyConfiguration.java:51)
	at AltaShop@1.0-SNAPSHOT/starter.pages.LoginPage$ByteBuddy$NjZfbJKH.ClickBtnLogin(Unknown Source)
	at AltaShop@1.0-SNAPSHOT/starter.stepdefinitions.LoginStep.iClickLoginButton(LoginStep.java:31)
	at java.base/jdk.internal.reflect.NativeMethodAccessorImpl.invoke0(Native Method)
	at java.base/jdk.internal.reflect.NativeMethodAccessorImpl.invoke(NativeMethodAccessorImpl.java:62)
	at java.base/jdk.internal.reflect.DelegatingMethodAccessorImpl.invoke(DelegatingMethodAccessorImpl.java:43)
	at java.base/java.lang.reflect.Method.invoke(Method.java:567)
	at io.cucumber.java.Invoker.doInvoke(Invoker.java:66)
	at io.cucumber.java.Invoker.invoke(Invoker.java:24)
	at io.cucumber.java.AbstractGlueDefinition.invokeMethod(AbstractGlueDefinition.java:47)
	at io.cucumber.java.JavaStepDefinition.execute(JavaStepDefinition.java:29)
	at io.cucumber.core.runner.CoreStepDefinition.execute(CoreStepDefinition.java:66)
	at io.cucumber.core.runner.PickleStepDefinitionMatch.runStep(PickleStepDefinitionMatch.java:63)
	at io.cucumber.core.runner.ExecutionMode$1.execute(ExecutionMode.java:10)
	at io.cucumber.core.runner.TestStep.executeStep(TestStep.java:86)
	at io.cucumber.core.runner.TestStep.run(TestStep.java:57)
	at io.cucumber.core.runner.PickleStepTestStep.run(PickleStepTestStep.java:51)
	at io.cucumber.core.runner.TestCase.run(TestCase.java:95)
	at io.cucumber.core.runner.Runner.runPickle(Runner.java:75)
	at io.cucumber.junit.PickleRunners$NoStepDescriptions.lambda$run$0(PickleRunners.java:151)
	at io.cucumber.core.runtime.CucumberExecutionContext.lambda$runTestCase$3(CucumberExecutionContext.java:151)
	at io.cucumber.core.runtime.RethrowingThrowableCollector.executeAndThrow(RethrowingThrowableCollector.java:23)
	at io.cucumber.core.runtime.CucumberExecutionContext.runTestCase(CucumberExecutionContext.java:151)
	at io.cucumber.junit.PickleRunners$NoStepDescriptions.run(PickleRunners.java:148)
	at io.cucumber.junit.FeatureRunner.runChild(FeatureRunner.java:144)
	at io.cucumber.junit.FeatureRunner.runChild(FeatureRunner.java:28)
	at org.junit.runners.ParentRunner$4.run(ParentRunner.java:331)
	at org.junit.runners.ParentRunner$1.schedule(ParentRunner.java:79)
	at org.junit.runners.ParentRunner.runChildren(ParentRunner.java:329)
	at org.junit.runners.ParentRunner.access$100(ParentRunner.java:66)
	at org.junit.runners.ParentRunner$2.evaluate(ParentRunner.java:293)
	at org.junit.runners.ParentRunner$3.evaluate(ParentRunner.java:306)
	at org.junit.runners.ParentRunner.run(ParentRunner.java:413)
	at io.cucumber.junit.FeatureRunner.run(FeatureRunner.java:137)
	at io.cucumber.junit.CucumberSerenityRunner.runChild(CucumberSerenityRunner.java:258)
	at io.cucumber.junit.CucumberSerenityRunner.runChild(CucumberSerenityRunner.java:58)
	at org.junit.runners.ParentRunner$4.run(ParentRunner.java:331)
	at org.junit.runners.ParentRunner$1.schedule(ParentRunner.java:79)
	at org.junit.runners.ParentRunner.runChildren(ParentRunner.java:329)
	at org.junit.runners.ParentRunner.access$100(ParentRunner.java:66)
	at org.junit.runners.ParentRunner$2.evaluate(ParentRunner.java:293)
	at io.cucumber.junit.CucumberSerenityRunner$RunCucumber.evaluate(CucumberSerenityRunner.java:287)
	at org.junit.runners.ParentRunner$3.evaluate(ParentRunner.java:306)
	at org.junit.runners.ParentRunner.run(ParentRunner.java:413)
	at org.junit.runner.JUnitCore.run(JUnitCore.java:137)
	at org.junit.runner.JUnitCore.run(JUnitCore.java:115)
	at org.junit.vintage.engine.execution.RunnerExecutor.execute(RunnerExecutor.java:42)
	at org.junit.vintage.engine.VintageTestEngine.executeAllChildren(VintageTestEngine.java:80)
	at org.junit.vintage.engine.VintageTestEngine.execute(VintageTestEngine.java:72)
	at org.junit.platform.launcher.core.EngineExecutionOrchestrator.execute(EngineExecutionOrchestrator.java:107)
	at org.junit.platform.launcher.core.EngineExecutionOrchestrator.execute(EngineExecutionOrchestrator.java:88)
	at org.junit.platform.launcher.core.EngineExecutionOrchestrator.lambda$execute$0(EngineExecutionOrchestrator.java:54)
	at org.junit.platform.launcher.core.EngineExecutionOrchestrator.withInterceptedStreams(EngineExecutionOrchestrator.java:67)
	at org.junit.platform.launcher.core.EngineExecutionOrchestrator.execute(EngineExecutionOrchestrator.java:52)
	at org.junit.platform.launcher.core.DefaultLauncher.execute(DefaultLauncher.java:114)
	at org.junit.platform.launcher.core.DefaultLauncher.execute(DefaultLauncher.java:86)
	at org.junit.platform.launcher.core.DefaultLauncherSession$DelegatingLauncher.execute(DefaultLauncherSession.java:86)
	at org.junit.platform.launcher.core.SessionPerRequestLauncher.execute(SessionPerRequestLauncher.java:53)
	at org.apache.maven.surefire.junitplatform.JUnitPlatformProvider.execute(JUnitPlatformProvider.java:188)
	at org.apache.maven.surefire.junitplatform.JUnitPlatformProvider.invokeAllTests(JUnitPlatformProvider.java:154)
	at org.apache.maven.surefire.junitplatform.JUnitPlatformProvider.invoke(JUnitPlatformProvider.java:128)
	at org.apache.maven.surefire.booter.ForkedBooter.runSuitesInProcess(ForkedBooter.java:428)
	at org.apache.maven.surefire.booter.ForkedBooter.execute(ForkedBooter.java:162)
	at org.apache.maven.surefire.booter.ForkedBooter.run(ForkedBooter.java:562)
	at org.apache.maven.surefire.booter.ForkedBooter.main(ForkedBooter.java:548)
Caused by: org.openqa.selenium.NoSuchElementException: no such element: Unable to locate element: {"method":"xpath","selector":"//button[@class = 'v-btn v-btn--is-elevated v-btn--has-bg theme--light v-size--default primary']"}
  (Session info: chrome=106.0.5249.119)
For documentation on this error, please visit: https://selenium.dev/exceptions/#no_such_element
Build info: version: '4.1.2', revision: '9a5a329c5a'
System info: host: 'DESKTOP-3MAQDS2', ip: '192.168.1.5', os.name: 'Windows 10', os.arch: 'amd64', os.version: '10.0', java.version: '13.0.2'
Driver info: org.openqa.selenium.chrome.ChromeDriver
Command: [4e2f02ec7e6445d1af470bf4f2bd1179, findElement {using=xpath, value=//button[@class = 'v-btn v-btn--is-elevated v-btn--has-bg theme--light v-size--default primary']}]
Capabilities {acceptInsecureCerts: false, browserName: chrome, browserVersion: 106.0.5249.119, chrome: {chromedriverVersion: 105.0.5195.52 (412c95e51883..., userDataDir: C:\Users\alwi\AppData\Local...}, goog:chromeOptions: {debuggerAddress: localhost:62430}, javascriptEnabled: true, networkConnectionEnabled: false, pageLoadStrategy: normal, platform: WINDOWS, platformName: WINDOWS, proxy: Proxy(), se:cdp: ws://localhost:62430/devtoo..., se:cdpVersion: 106.0.5249.119, setWindowRect: true, strictFileInteractability: false, timeouts: {implicit: 0, pageLoad: 300000, script: 30000}, unhandledPromptBehavior: dismiss and notify, webauthn:extension:credBlob: true, webauthn:extension:largeBlob: true, webauthn:virtualAuthenticators: true}
Session ID: 4e2f02ec7e6445d1af470bf4f2bd1179
	at java.base/jdk.internal.reflect.NativeConstructorAccessorImpl.newInstance0(Native Method)
	at java.base/jdk.internal.reflect.NativeConstructorAccessorImpl.newInstance(NativeConstructorAccessorImpl.java:62)
	at java.base/jdk.internal.reflect.DelegatingConstructorAccessorImpl.newInstance(DelegatingConstructorAccessorImpl.java:45)
	at java.base/java.lang.reflect.Constructor.newInstanceWithCaller(Constructor.java:500)
	at java.base/java.lang.reflect.Constructor.newInstance(Constructor.java:481)
	at org.openqa.selenium.remote.codec.w3c.W3CHttpResponseCodec.createException(W3CHttpResponseCodec.java:200)
	at org.openqa.selenium.remote.codec.w3c.W3CHttpResponseCodec.decode(W3CHttpResponseCodec.java:133)
	at org.openqa.selenium.remote.codec.w3c.W3CHttpResponseCodec.decode(W3CHttpResponseCodec.java:53)
	at org.openqa.selenium.remote.HttpCommandExecutor.execute(HttpCommandExecutor.java:184)
	at org.openqa.selenium.remote.service.DriverCommandExecutor.invokeExecute(DriverCommandExecutor.java:167)
	at org.openqa.selenium.remote.service.DriverCommandExecutor.execute(DriverCommandExecutor.java:142)
	at org.openqa.selenium.remote.RemoteWebDriver.execute(RemoteWebDriver.java:558)
	at org.openqa.selenium.remote.ElementLocation$ElementFinder$2.findElement(ElementLocation.java:162)
	at org.openqa.selenium.remote.ElementLocation.findElement(ElementLocation.java:60)
	at org.openqa.selenium.remote.RemoteWebDriver.findElement(RemoteWebDriver.java:382)
	at org.openqa.selenium.remote.RemoteWebDriver.findElement(RemoteWebDriver.java:374)
	at net.thucydides.core.webdriver.WebDriverFacade.findElement(WebDriverFacade.java:224)
	at net.serenitybdd.core.pages.WebElementResolverByLocator.resolveForDriver(WebElementResolverByLocator.java:25)
	at net.serenitybdd.core.pages.WebElementFacadeImpl.getResolvedElement(WebElementFacadeImpl.java:191)
	at net.serenitybdd.core.pages.WebElementFacadeImpl.getElement(WebElementFacadeImpl.java:186)
	at net.serenitybdd.core.pages.WebElementExpectations$3.apply(WebElementExpectations.java:63)
	at net.serenitybdd.core.pages.WebElementExpectations$3.apply(WebElementExpectations.java:55)
	at org.openqa.selenium.support.ui.FluentWait.until(FluentWait.java:208)
	... 80 more
&amp#27;[0m
  &amp#27;[36mAnd &amp#27;[0m&amp#27;[36mI click register button&amp#27;[0m                  &amp#27;[90m# starter.stepdefinitions.RegisterStep.iClickRegisterButton()&amp#27;[0m
  &amp#27;[36mWhen &amp#27;[0m&amp#27;[36mI input fullname register &amp#27;[0m&amp#27;[36m&amp#27;[1m""&amp#27;[0m            &amp#27;[90m# starter.stepdefinitions.RegisterStep.iInputFullnameRegister(java.lang.String)&amp#27;[0m
  &amp#27;[36mAnd &amp#27;[0m&amp#27;[36mI input email register &amp#27;[0m&amp#27;[36m&amp#27;[1m""&amp#27;[0m                &amp#27;[90m# starter.stepdefinitions.RegisterStep.iInputEmailRegister(java.lang.String)&amp#27;[0m
  &amp#27;[36mAnd &amp#27;[0m&amp#27;[36mI input password register &amp#27;[0m&amp#27;[36m&amp#27;[1m""&amp#27;[0m             &amp#27;[90m# starter.stepdefinitions.RegisterStep.iInputPasswordRegister(java.lang.String)&amp#27;[0m
  &amp#27;[36mAnd &amp#27;[0m&amp#27;[36mI click submit register button&amp#27;[0m           &amp#27;[90m# starter.stepdefinitions.RegisterStep.iClickSubmitRegisterButton()&amp#27;[0m
  &amp#27;[36mThen &amp#27;[0m&amp#27;[36mI will get the result register &amp#27;[0m&amp#27;[36m&amp#27;[1m"failed"&amp#27;[0m &amp#27;[90m# starter.stepdefinitions.RegisterStep.iWillGetTheResultRegister(java.lang.String)&amp#27;[0m
04:07:45.252 [AsyncHttpClient-1-8] DEBUG org.asynchttpclient.netty.handler.WebSocketHandler - Channel Closed: [id: 0x162b1735, L:/127.0.0.1:62437 ! R:localhost/127.0.0.1:62430] with attribute NettyResponseFuture{currentRetry=5,
	isDone=1,
	isCancelled=0,
	asyncHandler=org.asynchttpclient.ws.WebSocketUpgradeHandler@d0d465e,
	nettyRequest=org.asynchttpclient.netty.request.NettyRequest@35afe222,
	future=java.util.concurrent.CompletableFuture@9ea1833[Completed normally],
	uri=ws://localhost:62430/devtools/browser/72e8328d-92f4-40ad-af99-46ca39f6a323,
	keepAlive=true,
	redirectCount=0,
	timeoutsHolder=null,
	inAuth=0,
	touch=1666732057871}
04:07:45.252 [AsyncHttpClient-1-8] DEBUG org.asynchttpclient.netty.channel.ChannelManager - Closing Channel [id: 0x162b1735, L:/127.0.0.1:62437 ! R:localhost/127.0.0.1:62430] 
04:07:45.252 [Driver Command Executor] DEBUG org.asynchttpclient.netty.request.NettyRequestSender - Using pooled Channel '[id: 0x318d29ac, L:/127.0.0.1:62429 - R:localhost/127.0.0.1:57724]' for 'DELETE' to 'http://localhost:57724/session/4e2f02ec7e6445d1af470bf4f2bd1179'
04:07:45.253 [Driver Command Executor] DEBUG org.asynchttpclient.netty.request.NettyRequestSender - Using open Channel [id: 0x318d29ac, L:/127.0.0.1:62429 - R:localhost/127.0.0.1:57724] for DELETE '/session/4e2f02ec7e6445d1af470bf4f2bd1179'
04:07:45.281 [AsyncHttpClient-1-7] DEBUG org.asynchttpclient.netty.handler.HttpHandler - Unexpected I/O exception on channel [id: 0x7878bf4b, L:/127.0.0.1:62436 - R:localhost/127.0.0.1:62430]
java.net.SocketException: Connection reset
	at java.base/sun.nio.ch.SocketChannelImpl.throwConnectionReset(SocketChannelImpl.java:345)
	at java.base/sun.nio.ch.SocketChannelImpl.read(SocketChannelImpl.java:376)
	at io.netty.buffer.PooledByteBuf.setBytes(PooledByteBuf.java:258)
	at io.netty.buffer.AbstractByteBuf.writeBytes(AbstractByteBuf.java:1132)
	at io.netty.channel.socket.nio.NioSocketChannel.doReadBytes(NioSocketChannel.java:350)
	at io.netty.channel.nio.AbstractNioByteChannel$NioByteUnsafe.read(AbstractNioByteChannel.java:151)
	at io.netty.channel.nio.NioEventLoop.processSelectedKey(NioEventLoop.java:722)
	at io.netty.channel.nio.NioEventLoop.processSelectedKeysOptimized(NioEventLoop.java:658)
	at io.netty.channel.nio.NioEventLoop.processSelectedKeys(NioEventLoop.java:584)
	at io.netty.channel.nio.NioEventLoop.run(NioEventLoop.java:496)
	at io.netty.util.concurrent.SingleThreadEventExecutor$4.run(SingleThreadEventExecutor.java:986)
	at io.netty.util.internal.ThreadExecutorMap$2.run(ThreadExecutorMap.java:74)
	at io.netty.util.concurrent.FastThreadLocalRunnable.run(FastThreadLocalRunnable.java:30)
	at java.base/java.lang.Thread.run(Thread.java:830)
04:07:45.281 [AsyncHttpClient-1-7] DEBUG org.asynchttpclient.netty.channel.ChannelManager - Closing Channel [id: 0x7878bf4b, L:/127.0.0.1:62436 - R:localhost/127.0.0.1:62430] 
04:07:45.281 [AsyncHttpClient-1-7] DEBUG org.asynchttpclient.netty.handler.HttpHandler - Channel Closed: [id: 0x7878bf4b, L:/127.0.0.1:62436 ! R:localhost/127.0.0.1:62430] with attribute DISCARD
04:07:45.299 [AsyncHttpClient-1-6] DEBUG org.asynchttpclient.netty.handler.HttpHandler - 

Request DefaultFullHttpRequest(decodeResult: success, version: HTTP/1.1, content: EmptyByteBufBE)
DELETE /session/4e2f02ec7e6445d1af470bf4f2bd1179 HTTP/1.1
User-Agent: selenium/4.1.2 (java windows)
Content-Type: application/json; charset=utf-8
host: localhost:57724
accept: */*

Response DefaultHttpResponse(decodeResult: success, version: HTTP/1.1)
HTTP/1.1 200 OK
Content-Type: application/json; charset=utf-8
cache-control: no-cache
content-length: 14

04:07:45.299 [AsyncHttpClient-1-6] DEBUG org.asynchttpclient.netty.channel.ChannelManager - Adding key: http://localhost:57724 for channel [id: 0x318d29ac, L:/127.0.0.1:62429 - R:localhost/127.0.0.1:57724]
04:07:45.319 [AsyncHttpClient-1-1] DEBUG org.asynchttpclient.netty.channel.DefaultChannelPool - Entry count for : http://localhost:62430 : 1
04:07:45.319 [AsyncHttpClient-1-1] DEBUG org.asynchttpclient.netty.channel.DefaultChannelPool - Entry count for : http://localhost:57724 : 1
04:07:45.319 [AsyncHttpClient-1-1] DEBUG org.asynchttpclient.netty.channel.DefaultChannelPool - Adding Candidate expired Channel [id: 0x7878bf4b, L:/127.0.0.1:62436 ! R:localhost/127.0.0.1:62430] isIdleTimeoutExpired=false isRemotelyClosed=true isTtlExpired=false
04:07:45.319 [AsyncHttpClient-1-1] DEBUG org.asynchttpclient.netty.channel.DefaultChannelPool - Closing Idle Channel [id: 0x7878bf4b, L:/127.0.0.1:62436 ! R:localhost/127.0.0.1:62430]
04:07:45.319 [AsyncHttpClient-1-1] DEBUG org.asynchttpclient.netty.channel.DefaultChannelPool - Closed 1 connections out of 2 in 0 ms
04:07:45.366 [AsyncHttpClient-1-6] DEBUG org.asynchttpclient.netty.handler.HttpHandler - Channel Closed: [id: 0x318d29ac, L:/127.0.0.1:62429 ! R:localhost/127.0.0.1:57724] with attribute DISCARD
]]></system-out>
    <system-err><![CDATA[Starting ChromeDriver 105.0.5195.52 (412c95e518836d8a7d97250d62b29c2ae6a26a85-refs/branch-heads/5195@{#853}) on port 57724
Only local connections are allowed.
Please see https://chromedriver.chromium.org/security-considerations for suggestions on keeping ChromeDriver safe.
ChromeDriver was started successfully.
[1666732057.845][WARNING]: This version of ChromeDriver has not been tested with Chrome version 106.
Okt 26, 2022 4:07:37 AM org.openqa.selenium.remote.ProtocolHandshake createSession
INFO: Detected dialect: W3C
Okt 26, 2022 4:07:37 AM org.openqa.selenium.devtools.CdpVersionFinder findNearestMatch
WARNING: Unable to find an exact match for CDP version 106, so returning the closest version found: a no-op implementation
Okt 26, 2022 4:07:37 AM org.openqa.selenium.devtools.CdpVersionFinder findNearestMatch
INFO: Unable to find CDP implementation matching 106.
Okt 26, 2022 4:07:37 AM org.openqa.selenium.chromium.ChromiumDriver lambda$new$3
WARNING: Unable to find version of CDP to use for . You may need to include a dependency on a specific version of the CDP using something similar to `org.seleniumhq.selenium:selenium-devtools-v86:4.1.2` where the version ("v86") matches the version of the chromium-based browser you're using and the version number of the artifact is the same as Selenium's.
]]></system-err>
  </testcase>
</testsuite>