<?xml version="1.0" encoding="UTF-8"?>
<testsuite xmlns:xsi="http://www.w3.org/2001/XMLSchema-instance" xsi:noNamespaceSchemaLocation="https://maven.apache.org/surefire/maven-failsafe-plugin/xsd/failsafe-test-report-3.0.xsd" version="3.0" name="CucumberTestSuite" time="102.329" tests="17" errors="0" skipped="0" failures="0">
  <properties>
[...]
</properties>
  <testcase name="Category list" classname="Category" time="13.378">
    <system-out><![CDATA[18:11:56.958 [main] INFO io.cucumber.core.plugin.SerenityReporter - Running feature from file:///C:/Users/alwi/IdeaProjects/AltaShop/src/test/resources/features/Category.feature
18:11:57.116 [main] INFO  - 

-------------------------------------------------------------------------------------
     _______. _______ .______       _______ .__   __.  __  .___________.____    ____ 
    /       ||   ____||   _  \     |   ____||  \ |  | |  | |           |\   \  /   / 
   |   (----`|  |__   |  |_)  |    |  |__   |   \|  | |  | `---|  |----` \   \/   /  
    \   \    |   __|  |      /     |   __|  |  . `  | |  |     |  |       \_    _/   
.----)   |   |  |____ |  |\  \----.|  |____ |  |\   | |  |     |  |         |  |     
|_______/    |_______|| _| `._____||_______||__| \__| |__|     |__|         |__|    
                                                                                     
 News and tutorials at http://www.serenity-bdd.info                                  
 Documentation at https://wakaleo.gitbooks.io/the-serenity-book/content/             
 Join the Serenity Community on Gitter: https://gitter.im/serenity-bdd/serenity-core 
 Serenity BDD Support and Training at http://serenity-bdd.info/#/trainingandsupport  
-------------------------------------------------------------------------------------

18:11:57.118 [main] DEBUG net.thucydides.core.steps.StepEventBus - Test suite started for story net.thucydides.core.model.Story@d99e90e8
18:11:57.123 [main] INFO  - Test Suite Started: Category
18:11:57.136 [main] INFO io.cucumber.core.plugin.SerenityReporter - Running feature from file:///C:/Users/alwi/IdeaProjects/AltaShop/src/test/resources/features/Home.feature
18:11:57.143 [main] DEBUG net.thucydides.core.steps.StepEventBus - Test suite started for story net.thucydides.core.model.Story@b16b2c08
18:11:57.144 [main] INFO  - Test Suite Started: Home
18:11:57.144 [main] INFO io.cucumber.core.plugin.SerenityReporter - Running feature from file:///C:/Users/alwi/IdeaProjects/AltaShop/src/test/resources/features/Login.feature
18:11:57.151 [main] DEBUG net.thucydides.core.steps.StepEventBus - Test suite started for story net.thucydides.core.model.Story@23282f08
18:11:57.152 [main] INFO  - Test Suite Started: Login
18:11:57.152 [main] INFO io.cucumber.core.plugin.SerenityReporter - Running feature from file:///C:/Users/alwi/IdeaProjects/AltaShop/src/test/resources/features/Logout.feature
18:11:57.157 [main] DEBUG net.thucydides.core.steps.StepEventBus - Test suite started for story net.thucydides.core.model.Story@7960de68
18:11:57.157 [main] INFO  - Test Suite Started: Logout
18:11:57.157 [main] INFO io.cucumber.core.plugin.SerenityReporter - Running feature from file:///C:/Users/alwi/IdeaProjects/AltaShop/src/test/resources/features/Order.feature
18:11:57.163 [main] DEBUG net.thucydides.core.steps.StepEventBus - Test suite started for story net.thucydides.core.model.Story@cc4b76a8
18:11:57.164 [main] INFO  - Test Suite Started: Order
18:11:57.164 [main] INFO io.cucumber.core.plugin.SerenityReporter - Running feature from file:///C:/Users/alwi/IdeaProjects/AltaShop/src/test/resources/features/Register.feature
18:11:57.169 [main] DEBUG net.thucydides.core.steps.StepEventBus - Test suite started for story net.thucydides.core.model.Story@30e75088
18:11:57.170 [main] INFO  - Test Suite Started: Register
18:11:57.171 [main] INFO io.cucumber.core.plugin.SerenityReporter - Running feature from file:///C:/Users/alwi/IdeaProjects/AltaShop/src/test/resources/features/Category.feature
18:11:57.173 [main] DEBUG net.thucydides.core.steps.StepEventBus - Test suite started for story net.thucydides.core.model.Story@d99e90e8
18:11:57.174 [main] INFO  - Test Suite Started: Category

Scenario: Category list            &amp#27;[90m# src/test/resources/features/Category.feature:6&amp#27;[0m
18:11:57.263 [main] INFO io.cucumber.core.plugin.SerenityReporter - Running feature from file:///C:/Users/alwi/IdeaProjects/AltaShop/src/test/resources/features/Category.feature
18:11:57.354 [main] INFO  - 
  _____   ___   ___   _____     ___   _____     _     ___   _____   ___   ___  
 |_   _| | __| / __| |_   _|   / __| |_   _|   /_\   | _ \ |_   _| | __| |   \ 
   | |   | _|  \__ \   | |     \__ \   | |    / _ \  |   /   | |   | _|  | |) |
   |_|   |___| |___/   |_|     |___/   |_|   /_/ \_\ |_|_\   |_|   |___| |___/ 

Category list(category;category-list)
--------------------------------------------------------------------------------
18:11:58.185 [main] INFO net.serenitybdd.core.webdriver.driverproviders.ChromeDriverProvider - Using automatically driver download
18:11:58.826 [main] DEBUG io.github.bonigarcia.wdm.cache.ResolutionCache - Resolution chrome=106 in cache (valid until 18:14:56 29/10/2022 WIB)
18:11:58.833 [main] DEBUG io.github.bonigarcia.wdm.cache.ResolutionCache - Resolution chrome106=106.0.5249.61 in cache (valid until 19:30:28 29/10/2022 WIB)
18:11:58.836 [main] INFO io.github.bonigarcia.wdm.WebDriverManager - Using chromedriver 106.0.5249.61 (resolved driver for Chrome 106)
18:11:58.854 [main] DEBUG io.github.bonigarcia.wdm.WebDriverManager - Driver chromedriver 106.0.5249.61 found in cache
18:11:58.855 [main] INFO io.github.bonigarcia.wdm.WebDriverManager - Exporting webdriver.chrome.driver as C:\Users\alwi\.cache\selenium\chromedriver\win32\106.0.5249.61\chromedriver.exe
18:11:59.467 [main] DEBUG net.thucydides.core.reflection.ClassFinder - Could not load class .CucumberTestSuite
18:11:59.467 [main] DEBUG net.thucydides.core.reflection.ClassFinder - Could not load class .starter.pages.CategoryPage
18:11:59.467 [main] DEBUG net.thucydides.core.reflection.ClassFinder - Could not load class .starter.pages.HomePage
18:11:59.467 [main] DEBUG net.thucydides.core.reflection.ClassFinder - Could not load class .starter.pages.LoginPage
18:11:59.467 [main] DEBUG net.thucydides.core.reflection.ClassFinder - Could not load class .starter.pages.LogoutPage
18:11:59.467 [main] DEBUG net.thucydides.core.reflection.ClassFinder - Could not load class .starter.pages.OrderPage
18:11:59.468 [main] DEBUG net.thucydides.core.reflection.ClassFinder - Could not load class .starter.pages.RegisterPage
18:11:59.468 [main] DEBUG net.thucydides.core.reflection.ClassFinder - Could not load class .starter.stepdefinitions.CategoryStep
18:11:59.468 [main] DEBUG net.thucydides.core.reflection.ClassFinder - Could not load class .starter.stepdefinitions.HomeStep
18:11:59.468 [main] DEBUG net.thucydides.core.reflection.ClassFinder - Could not load class .starter.stepdefinitions.LoginStep
18:11:59.468 [main] DEBUG net.thucydides.core.reflection.ClassFinder - Could not load class .starter.stepdefinitions.LogoutStep
18:11:59.468 [main] DEBUG net.thucydides.core.reflection.ClassFinder - Could not load class .starter.stepdefinitions.OrderStep
18:11:59.468 [main] DEBUG net.thucydides.core.reflection.ClassFinder - Could not load class .starter.stepdefinitions.RegisterStep
18:11:59.468 [main] DEBUG net.thucydides.core.reflection.ClassFinder - Could not load class .starter.utils.GeneratedString
18:11:59.469 [main] DEBUG net.thucydides.core.reflection.ClassFinder - Could not load class META-INF.versions.9.com.sun.istack.logging.StackHelper
18:11:59.469 [main] DEBUG net.thucydides.core.reflection.ClassFinder - Could not load class META-INF.versions.9.com.sun.xml.bind.v2.runtime.reflect.opt.AccessorInjector
18:11:59.469 [main] DEBUG net.thucydides.core.reflection.ClassFinder - Could not load class META-INF.versions.9.com.sun.xml.bind.v2.runtime.reflect.opt.Injector
18:11:59.470 [main] DEBUG net.thucydides.core.reflection.ClassFinder - Could not load class META-INF.versions.9.com.sun.xml.bind.v2.runtime.reflect.opt.OptimizedAccessorFactory
18:11:59.470 [main] DEBUG net.thucydides.core.reflection.ClassFinder - Could not load class META-INF.versions.9.com.sun.xml.bind.v2.runtime.reflect.opt.OptimizedTransducedAccessorFactory
18:11:59.470 [main] DEBUG net.thucydides.core.reflection.ClassFinder - Could not load class META-INF.versions.9.io.opentelemetry.sdk.internal.CurrentJavaVersionSpecific
18:11:59.471 [main] DEBUG net.thucydides.core.reflection.ClassFinder - Could not load class META-INF.versions.9.io.opentelemetry.sdk.internal.Java9VersionSpecific
18:11:59.471 [main] DEBUG net.thucydides.core.reflection.ClassFinder - Could not load class META-INF.versions.9.javax.xml.bind.ModuleUtil
18:11:59.471 [main] DEBUG net.thucydides.core.reflection.ClassFinder - Could not load class META-INF.versions.9.module-info
18:11:59.472 [main] DEBUG net.thucydides.core.reflection.ClassFinder - Could not load class META-INF.versions.9.org.junit.platform.commons.util.ModuleUtils
18:11:59.769 [main] DEBUG net.thucydides.core.reflection.ClassFinder - Could not load class com.google.gson.internal.
18:11:59.935 [main] DEBUG net.thucydides.core.reflection.ClassFinder - Could not load class com.sun.xml.bind.v2.runtime.output.FastInfosetStreamWriterOutput
18:12:00.339 [main] DEBUG net.thucydides.core.reflection.ClassFinder - Could not load class module-info
18:12:03.229 [main] DEBUG io.netty.util.internal.logging.InternalLoggerFactory - Using SLF4J as the default logging framework
18:12:03.232 [main] DEBUG io.netty.util.ResourceLeakDetector - -Dio.netty.leakDetection.level: simple
18:12:03.233 [main] DEBUG io.netty.util.ResourceLeakDetector - -Dio.netty.leakDetection.targetRecords: 4
18:12:03.235 [main] DEBUG io.netty.util.ResourceLeakDetectorFactory - Loaded default ResourceLeakDetector: io.netty.util.ResourceLeakDetector@3fdb9c55
18:12:03.253 [main] DEBUG io.netty.util.internal.PlatformDependent0 - -Dio.netty.noUnsafe: false
18:12:03.253 [main] DEBUG io.netty.util.internal.PlatformDependent0 - Java version: 13
18:12:03.254 [main] DEBUG io.netty.util.internal.PlatformDependent0 - sun.misc.Unsafe.theUnsafe: available
18:12:03.255 [main] DEBUG io.netty.util.internal.PlatformDependent0 - sun.misc.Unsafe.copyMemory: available
18:12:03.255 [main] DEBUG io.netty.util.internal.PlatformDependent0 - java.nio.Buffer.address: available
18:12:03.255 [main] DEBUG io.netty.util.internal.PlatformDependent0 - direct buffer constructor: unavailable: Reflective setAccessible(true) disabled
18:12:03.256 [main] DEBUG io.netty.util.internal.PlatformDependent0 - java.nio.Bits.unaligned: available, true
18:12:03.257 [main] DEBUG io.netty.util.internal.PlatformDependent0 - jdk.internal.misc.Unsafe.allocateUninitializedArray(int): unavailable: class io.netty.util.internal.PlatformDependent0$6 cannot access class jdk.internal.misc.Unsafe (in module java.base) because module java.base does not export jdk.internal.misc to unnamed module @596df867
18:12:03.258 [main] DEBUG io.netty.util.internal.PlatformDependent0 - java.nio.DirectByteBuffer.<init>(long, int): unavailable
18:12:03.258 [main] DEBUG io.netty.util.internal.PlatformDependent - sun.misc.Unsafe: available
18:12:03.260 [main] DEBUG io.netty.util.internal.PlatformDependent - maxDirectMemory: 2141192192 bytes (maybe)
18:12:03.260 [main] DEBUG io.netty.util.internal.PlatformDependent - -Dio.netty.tmpdir: C:\Users\alwi\AppData\Local\Temp (java.io.tmpdir)
18:12:03.260 [main] DEBUG io.netty.util.internal.PlatformDependent - -Dio.netty.bitMode: 64 (sun.arch.data.model)
18:12:03.260 [main] DEBUG io.netty.util.internal.PlatformDependent - Platform: Windows
18:12:03.261 [main] DEBUG io.netty.util.internal.PlatformDependent - -Dio.netty.maxDirectMemory: -1 bytes
18:12:03.261 [main] DEBUG io.netty.util.internal.PlatformDependent - -Dio.netty.uninitializedArrayAllocationThreshold: -1
18:12:03.262 [main] DEBUG io.netty.util.internal.CleanerJava9 - java.nio.ByteBuffer.cleaner(): available
18:12:03.262 [main] DEBUG io.netty.util.internal.PlatformDependent - -Dio.netty.noPreferDirect: false
18:12:03.270 [main] DEBUG io.netty.util.internal.PlatformDependent - org.jctools-core.MpscChunkedArrayQueue: available
18:12:03.288 [main] DEBUG io.netty.util.internal.InternalThreadLocalMap - -Dio.netty.threadLocalMap.stringBuilder.initialSize: 1024
18:12:03.288 [main] DEBUG io.netty.util.internal.InternalThreadLocalMap - -Dio.netty.threadLocalMap.stringBuilder.maxSize: 4096
18:12:03.331 [main] DEBUG io.netty.handler.ssl.JdkSslContext - Default protocols (JDK): [TLSv1.3, TLSv1.2, TLSv1.1, TLSv1] 
18:12:03.331 [main] DEBUG io.netty.handler.ssl.JdkSslContext - Default cipher suites (JDK): [TLS_ECDHE_ECDSA_WITH_AES_256_GCM_SHA384, TLS_ECDHE_ECDSA_WITH_AES_128_GCM_SHA256, TLS_ECDHE_RSA_WITH_AES_128_GCM_SHA256, TLS_ECDHE_RSA_WITH_AES_256_GCM_SHA384, TLS_ECDHE_RSA_WITH_AES_128_CBC_SHA, TLS_ECDHE_RSA_WITH_AES_256_CBC_SHA, TLS_RSA_WITH_AES_128_GCM_SHA256, TLS_RSA_WITH_AES_128_CBC_SHA, TLS_RSA_WITH_AES_256_CBC_SHA, TLS_AES_128_GCM_SHA256, TLS_AES_256_GCM_SHA384]
18:12:03.357 [main] DEBUG io.netty.channel.MultithreadEventLoopGroup - -Dio.netty.eventLoopThreads: 16
18:12:03.366 [main] DEBUG io.netty.channel.nio.NioEventLoop - -Dio.netty.noKeySetOptimization: false
18:12:03.367 [main] DEBUG io.netty.channel.nio.NioEventLoop - -Dio.netty.selectorAutoRebuildThreshold: 512
18:12:03.606 [main] DEBUG io.netty.buffer.PooledByteBufAllocator - -Dio.netty.allocator.numHeapArenas: 16
18:12:03.606 [main] DEBUG io.netty.buffer.PooledByteBufAllocator - -Dio.netty.allocator.numDirectArenas: 16
18:12:03.606 [main] DEBUG io.netty.buffer.PooledByteBufAllocator - -Dio.netty.allocator.pageSize: 8192
18:12:03.606 [main] DEBUG io.netty.buffer.PooledByteBufAllocator - -Dio.netty.allocator.maxOrder: 11
18:12:03.607 [main] DEBUG io.netty.buffer.PooledByteBufAllocator - -Dio.netty.allocator.chunkSize: 16777216
18:12:03.607 [main] DEBUG io.netty.buffer.PooledByteBufAllocator - -Dio.netty.allocator.smallCacheSize: 256
18:12:03.607 [main] DEBUG io.netty.buffer.PooledByteBufAllocator - -Dio.netty.allocator.normalCacheSize: 64
18:12:03.607 [main] DEBUG io.netty.buffer.PooledByteBufAllocator - -Dio.netty.allocator.maxCachedBufferCapacity: 32768
18:12:03.607 [main] DEBUG io.netty.buffer.PooledByteBufAllocator - -Dio.netty.allocator.cacheTrimInterval: 8192
18:12:03.607 [main] DEBUG io.netty.buffer.PooledByteBufAllocator - -Dio.netty.allocator.cacheTrimIntervalMillis: 0
18:12:03.607 [main] DEBUG io.netty.buffer.PooledByteBufAllocator - -Dio.netty.allocator.useCacheForAllThreads: true
18:12:03.607 [main] DEBUG io.netty.buffer.PooledByteBufAllocator - -Dio.netty.allocator.maxCachedByteBuffersPerChunk: 1023
18:12:03.616 [main] DEBUG io.netty.buffer.ByteBufUtil - -Dio.netty.allocator.type: pooled
18:12:03.616 [main] DEBUG io.netty.buffer.ByteBufUtil - -Dio.netty.threadLocalDirectBufferSize: 0
18:12:03.616 [main] DEBUG io.netty.buffer.ByteBufUtil - -Dio.netty.maxThreadLocalCharBufferSize: 16384
18:12:03.820 [main] DEBUG net.serenitybdd.core.webdriver.driverproviders.ProvideNewDriver - Instantiating driver
18:12:03.820 [main] DEBUG net.serenitybdd.core.webdriver.driverproviders.ProvideNewDriver - Driver capabilities: Capabilities {acceptInsecureCerts: false, base.url: https://alta-shop.vercel.app, browserName: chrome, chrome.driver: src/test/resources/webdrive..., driver: chrome, goog:chromeOptions: {args: [], extensions: []}, wait.for.timeout: 6000}
18:12:04.518 [Forwarding newSession on session null to remote] DEBUG io.netty.channel.DefaultChannelId - -Dio.netty.processId: 22792 (auto-detected)
18:12:04.520 [Forwarding newSession on session null to remote] DEBUG io.netty.util.NetUtil - -Djava.net.preferIPv4Stack: false
18:12:04.520 [Forwarding newSession on session null to remote] DEBUG io.netty.util.NetUtil - -Djava.net.preferIPv6Addresses: false
18:12:04.711 [Forwarding newSession on session null to remote] DEBUG io.netty.util.NetUtilInitializations - Loopback interface: lo (Software Loopback Interface 1, 127.0.0.1)
18:12:04.711 [Forwarding newSession on session null to remote] DEBUG io.netty.util.NetUtil - Failed to get SOMAXCONN from sysctl and file \proc\sys\net\core\somaxconn. Default: 200
18:12:04.903 [Forwarding newSession on session null to remote] DEBUG io.netty.channel.DefaultChannelId - -Dio.netty.machineId: 50:3e:aa:ff:fe:ef:df:ab (auto-detected)
18:12:04.948 [AsyncHttpClient-1-2] DEBUG io.netty.buffer.AbstractByteBuf - -Dio.netty.buffer.checkAccessible: true
18:12:04.949 [AsyncHttpClient-1-2] DEBUG io.netty.buffer.AbstractByteBuf - -Dio.netty.buffer.checkBounds: true
18:12:04.949 [AsyncHttpClient-1-2] DEBUG io.netty.util.ResourceLeakDetectorFactory - Loaded default ResourceLeakDetector: io.netty.util.ResourceLeakDetector@35965eaf
18:12:04.962 [AsyncHttpClient-1-2] DEBUG org.asynchttpclient.netty.channel.NettyConnectListener - Using new Channel '[id: 0xf016697e, L:/127.0.0.1:51586 - R:localhost/127.0.0.1:61731]' for 'POST' to '/session'
18:12:04.980 [AsyncHttpClient-1-2] DEBUG io.netty.util.Recycler - -Dio.netty.recycler.maxCapacityPerThread: 4096
18:12:04.980 [AsyncHttpClient-1-2] DEBUG io.netty.util.Recycler - -Dio.netty.recycler.ratio: 8
18:12:04.980 [AsyncHttpClient-1-2] DEBUG io.netty.util.Recycler - -Dio.netty.recycler.chunkSize: 32
18:12:04.980 [AsyncHttpClient-1-2] DEBUG io.netty.util.Recycler - -Dio.netty.recycler.blocking: false
18:12:05.618 [AsyncHttpClient-1-2] DEBUG io.netty.handler.codec.compression.Brotli - brotli4j not in the classpath; Brotli support will be unavailable.
18:12:05.618 [AsyncHttpClient-1-2] DEBUG org.asynchttpclient.netty.handler.HttpHandler - 

Request DefaultHttpRequest(decodeResult: success, version: HTTP/1.1)
POST /session HTTP/1.1
User-Agent: selenium/4.1.2 (java windows)
Content-Length: 639
Content-Type: application/json; charset=utf-8
host: localhost:61731
accept: */*

Response DefaultHttpResponse(decodeResult: success, version: HTTP/1.1)
HTTP/1.1 200 OK
Content-Type: application/json; charset=utf-8
cache-control: no-cache
content-length: 790

18:12:05.627 [AsyncHttpClient-1-2] DEBUG org.asynchttpclient.netty.channel.ChannelManager - Adding key: http://localhost:61731 for channel [id: 0xf016697e, L:/127.0.0.1:51586 - R:localhost/127.0.0.1:61731]
18:12:05.704 [AsyncHttpClient-1-3] DEBUG org.asynchttpclient.netty.channel.NettyConnectListener - Using new Channel '[id: 0x6aa6d38e, L:/127.0.0.1:51593 - R:localhost/127.0.0.1:51587]' for 'GET' to '/json/version'
18:12:05.711 [AsyncHttpClient-1-3] DEBUG org.asynchttpclient.netty.handler.HttpHandler - 

Request DefaultFullHttpRequest(decodeResult: success, version: HTTP/1.1, content: EmptyByteBufBE)
GET /json/version HTTP/1.1
User-Agent: selenium/4.1.2 (java windows)
host: localhost:51587
accept: */*

Response DefaultHttpResponse(decodeResult: success, version: HTTP/1.1)
HTTP/1.1 200 OK
Content-Type: application/json; charset=UTF-8
content-length: 424

18:12:05.712 [AsyncHttpClient-1-3] DEBUG org.asynchttpclient.netty.channel.ChannelManager - Adding key: http://localhost:51587 for channel [id: 0x6aa6d38e, L:/127.0.0.1:51593 - R:localhost/127.0.0.1:51587]
18:12:05.720 [main] DEBUG io.netty.util.internal.ThreadLocalRandom - -Dio.netty.initialSeedUniquifier: 0xae68bf198879d769
18:12:05.727 [AsyncHttpClient-1-4] DEBUG org.asynchttpclient.netty.channel.NettyConnectListener - Using new Channel '[id: 0x033e4245, L:/127.0.0.1:51595 - R:localhost/127.0.0.1:51587]' for 'GET' to '/devtools/browser/56f4aa35-f108-46c9-a1b0-a5f9ef2f50fb'
18:12:05.733 [AsyncHttpClient-1-4] DEBUG org.asynchttpclient.netty.handler.WebSocketHandler - 

Request DefaultFullHttpRequest(decodeResult: success, version: HTTP/1.1, content: EmptyByteBufBE)
GET /devtools/browser/56f4aa35-f108-46c9-a1b0-a5f9ef2f50fb HTTP/1.1
upgrade: websocket
connection: upgrade
sec-websocket-key: J0oqXDJbrXzHAQojsUa2cg==
sec-websocket-version: 13
origin: http://localhost:51587
host: localhost:51587
accept: */*
user-agent: AHC/2.1

Response DefaultHttpResponse(decodeResult: success, version: HTTP/1.1)
HTTP/1.1 101 WebSocket Protocol Handshake
Upgrade: WebSocket
Connection: Upgrade
Sec-WebSocket-Accept: Kezm0euKNRGT/qk2LCk/gM+Mw50=

18:12:06.581 [AsyncHttpClient-1-1] DEBUG org.asynchttpclient.netty.channel.DefaultChannelPool - Entry count for : http://localhost:61731 : 1
18:12:06.581 [AsyncHttpClient-1-1] DEBUG org.asynchttpclient.netty.channel.DefaultChannelPool - Entry count for : http://localhost:51587 : 1
18:12:06.647 [main] DEBUG net.thucydides.core.reflection.ClassFinder - Could not load class .CucumberTestSuite
18:12:06.647 [main] DEBUG net.thucydides.core.reflection.ClassFinder - Could not load class .starter.pages.CategoryPage
18:12:06.647 [main] DEBUG net.thucydides.core.reflection.ClassFinder - Could not load class .starter.pages.HomePage
18:12:06.647 [main] DEBUG net.thucydides.core.reflection.ClassFinder - Could not load class .starter.pages.LoginPage
18:12:06.647 [main] DEBUG net.thucydides.core.reflection.ClassFinder - Could not load class .starter.pages.LogoutPage
18:12:06.647 [main] DEBUG net.thucydides.core.reflection.ClassFinder - Could not load class .starter.pages.OrderPage
18:12:06.647 [main] DEBUG net.thucydides.core.reflection.ClassFinder - Could not load class .starter.pages.RegisterPage
18:12:06.647 [main] DEBUG net.thucydides.core.reflection.ClassFinder - Could not load class .starter.stepdefinitions.CategoryStep
18:12:06.648 [main] DEBUG net.thucydides.core.reflection.ClassFinder - Could not load class .starter.stepdefinitions.HomeStep
18:12:06.648 [main] DEBUG net.thucydides.core.reflection.ClassFinder - Could not load class .starter.stepdefinitions.LoginStep
18:12:06.648 [main] DEBUG net.thucydides.core.reflection.ClassFinder - Could not load class .starter.stepdefinitions.LogoutStep
18:12:06.648 [main] DEBUG net.thucydides.core.reflection.ClassFinder - Could not load class .starter.stepdefinitions.OrderStep
18:12:06.648 [main] DEBUG net.thucydides.core.reflection.ClassFinder - Could not load class .starter.stepdefinitions.RegisterStep
18:12:06.648 [main] DEBUG net.thucydides.core.reflection.ClassFinder - Could not load class .starter.utils.GeneratedString
18:12:06.649 [main] DEBUG net.thucydides.core.reflection.ClassFinder - Could not load class META-INF.versions.9.com.sun.istack.logging.StackHelper
18:12:06.651 [main] DEBUG net.thucydides.core.reflection.ClassFinder - Could not load class META-INF.versions.9.com.sun.xml.bind.v2.runtime.reflect.opt.AccessorInjector
18:12:06.651 [main] DEBUG net.thucydides.core.reflection.ClassFinder - Could not load class META-INF.versions.9.com.sun.xml.bind.v2.runtime.reflect.opt.Injector
18:12:06.652 [main] DEBUG net.thucydides.core.reflection.ClassFinder - Could not load class META-INF.versions.9.com.sun.xml.bind.v2.runtime.reflect.opt.OptimizedAccessorFactory
18:12:06.652 [main] DEBUG net.thucydides.core.reflection.ClassFinder - Could not load class META-INF.versions.9.com.sun.xml.bind.v2.runtime.reflect.opt.OptimizedTransducedAccessorFactory
18:12:06.652 [main] DEBUG net.thucydides.core.reflection.ClassFinder - Could not load class META-INF.versions.9.io.opentelemetry.sdk.internal.CurrentJavaVersionSpecific
18:12:06.653 [main] DEBUG net.thucydides.core.reflection.ClassFinder - Could not load class META-INF.versions.9.io.opentelemetry.sdk.internal.Java9VersionSpecific
18:12:06.653 [main] DEBUG net.thucydides.core.reflection.ClassFinder - Could not load class META-INF.versions.9.javax.xml.bind.ModuleUtil
18:12:06.654 [main] DEBUG net.thucydides.core.reflection.ClassFinder - Could not load class META-INF.versions.9.module-info
18:12:06.655 [main] DEBUG net.thucydides.core.reflection.ClassFinder - Could not load class META-INF.versions.9.org.junit.platform.commons.util.ModuleUtils
18:12:06.657 [main] DEBUG net.thucydides.core.reflection.ClassFinder - Could not load class com.google.gson.internal.
18:12:06.658 [main] DEBUG net.thucydides.core.reflection.ClassFinder - Could not load class com.sun.xml.bind.v2.runtime.output.FastInfosetStreamWriterOutput
18:12:06.661 [main] DEBUG net.thucydides.core.reflection.ClassFinder - Could not load class module-info
18:12:06.693 [Forwarding get on session 46418c1e6fdda1f2075ba9b67e8b7df0 to remote] DEBUG org.asynchttpclient.netty.request.NettyRequestSender - Using pooled Channel '[id: 0xf016697e, L:/127.0.0.1:51586 - R:localhost/127.0.0.1:61731]' for 'POST' to 'http://localhost:61731/session/46418c1e6fdda1f2075ba9b67e8b7df0/url'
18:12:06.694 [Forwarding get on session 46418c1e6fdda1f2075ba9b67e8b7df0 to remote] DEBUG org.asynchttpclient.netty.request.NettyRequestSender - Using open Channel [id: 0xf016697e, L:/127.0.0.1:51586 - R:localhost/127.0.0.1:61731] for POST '/session/46418c1e6fdda1f2075ba9b67e8b7df0/url'
18:12:07.566 [AsyncHttpClient-1-2] DEBUG org.asynchttpclient.netty.handler.HttpHandler - 

Request DefaultHttpRequest(decodeResult: success, version: HTTP/1.1)
POST /session/46418c1e6fdda1f2075ba9b67e8b7df0/url HTTP/1.1
User-Agent: selenium/4.1.2 (java windows)
Content-Length: 59
Content-Type: application/json; charset=utf-8
host: localhost:61731
accept: */*

Response DefaultHttpResponse(decodeResult: success, version: HTTP/1.1)
HTTP/1.1 200 OK
Content-Type: application/json; charset=utf-8
cache-control: no-cache
content-length: 14

18:12:07.567 [AsyncHttpClient-1-2] DEBUG org.asynchttpclient.netty.channel.ChannelManager - Adding key: http://localhost:61731 for channel [id: 0xf016697e, L:/127.0.0.1:51586 - R:localhost/127.0.0.1:61731]
18:12:07.573 [Forwarding setTimeout on session 46418c1e6fdda1f2075ba9b67e8b7df0 to remote] DEBUG org.asynchttpclient.netty.request.NettyRequestSender - Using pooled Channel '[id: 0xf016697e, L:/127.0.0.1:51586 - R:localhost/127.0.0.1:61731]' for 'POST' to 'http://localhost:61731/session/46418c1e6fdda1f2075ba9b67e8b7df0/timeouts'
18:12:07.574 [Forwarding setTimeout on session 46418c1e6fdda1f2075ba9b67e8b7df0 to remote] DEBUG org.asynchttpclient.netty.request.NettyRequestSender - Using open Channel [id: 0xf016697e, L:/127.0.0.1:51586 - R:localhost/127.0.0.1:61731] for POST '/session/46418c1e6fdda1f2075ba9b67e8b7df0/timeouts'
18:12:07.575 [AsyncHttpClient-1-2] DEBUG org.asynchttpclient.netty.handler.HttpHandler - 

Request DefaultHttpRequest(decodeResult: success, version: HTTP/1.1)
POST /session/46418c1e6fdda1f2075ba9b67e8b7df0/timeouts HTTP/1.1
User-Agent: selenium/4.1.2 (java windows)
Content-Length: 22
Content-Type: application/json; charset=utf-8
host: localhost:61731
accept: */*

Response DefaultHttpResponse(decodeResult: success, version: HTTP/1.1)
HTTP/1.1 200 OK
Content-Type: application/json; charset=utf-8
cache-control: no-cache
content-length: 14

18:12:07.576 [AsyncHttpClient-1-2] DEBUG org.asynchttpclient.netty.channel.ChannelManager - Adding key: http://localhost:61731 for channel [id: 0xf016697e, L:/127.0.0.1:51586 - R:localhost/127.0.0.1:61731]
18:12:07.581 [Forwarding getCurrentUrl on session 46418c1e6fdda1f2075ba9b67e8b7df0 to remote] DEBUG org.asynchttpclient.netty.request.NettyRequestSender - Using pooled Channel '[id: 0xf016697e, L:/127.0.0.1:51586 - R:localhost/127.0.0.1:61731]' for 'GET' to 'http://localhost:61731/session/46418c1e6fdda1f2075ba9b67e8b7df0/url'
18:12:07.582 [Forwarding getCurrentUrl on session 46418c1e6fdda1f2075ba9b67e8b7df0 to remote] DEBUG org.asynchttpclient.netty.request.NettyRequestSender - Using open Channel [id: 0xf016697e, L:/127.0.0.1:51586 - R:localhost/127.0.0.1:61731] for GET '/session/46418c1e6fdda1f2075ba9b67e8b7df0/url'
18:12:07.588 [AsyncHttpClient-1-2] DEBUG org.asynchttpclient.netty.handler.HttpHandler - 

Request DefaultFullHttpRequest(decodeResult: success, version: HTTP/1.1, content: EmptyByteBufBE)
GET /session/46418c1e6fdda1f2075ba9b67e8b7df0/url HTTP/1.1
User-Agent: selenium/4.1.2 (java windows)
Cache-Control: no-cache
Content-Type: application/json; charset=utf-8
host: localhost:61731
accept: */*

Response DefaultHttpResponse(decodeResult: success, version: HTTP/1.1)
HTTP/1.1 200 OK
Content-Type: application/json; charset=utf-8
cache-control: no-cache
content-length: 41

18:12:07.588 [AsyncHttpClient-1-2] DEBUG org.asynchttpclient.netty.channel.ChannelManager - Adding key: http://localhost:61731 for channel [id: 0xf016697e, L:/127.0.0.1:51586 - R:localhost/127.0.0.1:61731]
  &amp#27;[32mGiven &amp#27;[0m&amp#27;[32mI am on the home page&amp#27;[0m      &amp#27;[90m# starter.stepdefinitions.HomeStep.iAmOnTheHomePage()&amp#27;[0m
18:12:07.634 [main] DEBUG net.serenitybdd.core.photography.Darkroom - Opening darkroom
18:12:07.634 [Darkroom Processing Line] DEBUG net.serenitybdd.core.photography.DarkroomProcessingLine - Darkroom processing line starting up
18:12:07.636 [Forwarding screenshot on session 46418c1e6fdda1f2075ba9b67e8b7df0 to remote] DEBUG org.asynchttpclient.netty.request.NettyRequestSender - Using pooled Channel '[id: 0xf016697e, L:/127.0.0.1:51586 - R:localhost/127.0.0.1:61731]' for 'GET' to 'http://localhost:61731/session/46418c1e6fdda1f2075ba9b67e8b7df0/screenshot'
18:12:07.636 [Forwarding screenshot on session 46418c1e6fdda1f2075ba9b67e8b7df0 to remote] DEBUG org.asynchttpclient.netty.request.NettyRequestSender - Using open Channel [id: 0xf016697e, L:/127.0.0.1:51586 - R:localhost/127.0.0.1:61731] for GET '/session/46418c1e6fdda1f2075ba9b67e8b7df0/screenshot'
18:12:07.676 [AsyncHttpClient-1-1] DEBUG org.asynchttpclient.netty.channel.DefaultChannelPool - Entry count for : http://localhost:51587 : 1
18:12:07.788 [AsyncHttpClient-1-2] DEBUG org.asynchttpclient.netty.handler.HttpHandler - 

Request DefaultFullHttpRequest(decodeResult: success, version: HTTP/1.1, content: EmptyByteBufBE)
GET /session/46418c1e6fdda1f2075ba9b67e8b7df0/screenshot HTTP/1.1
User-Agent: selenium/4.1.2 (java windows)
Cache-Control: no-cache
Content-Type: application/json; charset=utf-8
host: localhost:61731
accept: */*

Response DefaultHttpResponse(decodeResult: success, version: HTTP/1.1)
HTTP/1.1 200 OK
Content-Type: application/json; charset=utf-8
cache-control: no-cache
content-length: 34444

18:12:07.789 [AsyncHttpClient-1-2] DEBUG org.asynchttpclient.netty.channel.ChannelManager - Adding key: http://localhost:61731 for channel [id: 0xf016697e, L:/127.0.0.1:51586 - R:localhost/127.0.0.1:61731]
18:12:07.845 [main] DEBUG net.serenitybdd.core.photography.Darkroom - Send negative for processing for target\site\serenity\4c54ab7c717fbde7d51fba794a78bbab5c593a770cf1dd6431ac52d62ae79184.png
18:12:07.845 [Darkroom Processing Line] DEBUG net.serenitybdd.core.photography.DarkroomProcessingLine - Processing screenshot image in /var/screenshots/screenshot-6593873516916950842
18:12:07.845 [Darkroom Processing Line] DEBUG net.serenitybdd.core.photography.DarkroomProcessingLine - Saving screenshot to target\site\serenity\4c54ab7c717fbde7d51fba794a78bbab5c593a770cf1dd6431ac52d62ae79184.png
18:12:07.955 [Forwarding findElement on session 46418c1e6fdda1f2075ba9b67e8b7df0 to remote] DEBUG org.asynchttpclient.netty.request.NettyRequestSender - Using pooled Channel '[id: 0xf016697e, L:/127.0.0.1:51586 - R:localhost/127.0.0.1:61731]' for 'POST' to 'http://localhost:61731/session/46418c1e6fdda1f2075ba9b67e8b7df0/element'
18:12:07.955 [Forwarding findElement on session 46418c1e6fdda1f2075ba9b67e8b7df0 to remote] DEBUG org.asynchttpclient.netty.request.NettyRequestSender - Using open Channel [id: 0xf016697e, L:/127.0.0.1:51586 - R:localhost/127.0.0.1:61731] for POST '/session/46418c1e6fdda1f2075ba9b67e8b7df0/element'
18:12:08.786 [AsyncHttpClient-1-1] DEBUG org.asynchttpclient.netty.channel.DefaultChannelPool - Entry count for : http://localhost:51587 : 1
18:12:09.053 [AsyncHttpClient-1-2] DEBUG org.asynchttpclient.netty.handler.HttpHandler - 

Request DefaultHttpRequest(decodeResult: success, version: HTTP/1.1)
POST /session/46418c1e6fdda1f2075ba9b67e8b7df0/element HTTP/1.1
User-Agent: selenium/4.1.2 (java windows)
Content-Length: 176
Content-Type: application/json; charset=utf-8
host: localhost:61731
accept: */*

Response DefaultHttpResponse(decodeResult: success, version: HTTP/1.1)
HTTP/1.1 200 OK
Content-Type: application/json; charset=utf-8
cache-control: no-cache
content-length: 88

18:12:09.054 [AsyncHttpClient-1-2] DEBUG org.asynchttpclient.netty.channel.ChannelManager - Adding key: http://localhost:61731 for channel [id: 0xf016697e, L:/127.0.0.1:51586 - R:localhost/127.0.0.1:61731]
18:12:09.058 [Forwarding getElementTagName on session 46418c1e6fdda1f2075ba9b67e8b7df0 to remote] DEBUG org.asynchttpclient.netty.request.NettyRequestSender - Using pooled Channel '[id: 0xf016697e, L:/127.0.0.1:51586 - R:localhost/127.0.0.1:61731]' for 'GET' to 'http://localhost:61731/session/46418c1e6fdda1f2075ba9b67e8b7df0/element/49df420a-ca99-4f28-9cb3-52018601e854/name'
18:12:09.058 [Forwarding getElementTagName on session 46418c1e6fdda1f2075ba9b67e8b7df0 to remote] DEBUG org.asynchttpclient.netty.request.NettyRequestSender - Using open Channel [id: 0xf016697e, L:/127.0.0.1:51586 - R:localhost/127.0.0.1:61731] for GET '/session/46418c1e6fdda1f2075ba9b67e8b7df0/element/49df420a-ca99-4f28-9cb3-52018601e854/name'
18:12:09.064 [AsyncHttpClient-1-2] DEBUG org.asynchttpclient.netty.handler.HttpHandler - 

Request DefaultFullHttpRequest(decodeResult: success, version: HTTP/1.1, content: EmptyByteBufBE)
GET /session/46418c1e6fdda1f2075ba9b67e8b7df0/element/49df420a-ca99-4f28-9cb3-52018601e854/name HTTP/1.1
User-Agent: selenium/4.1.2 (java windows)
Cache-Control: no-cache
Content-Type: application/json; charset=utf-8
host: localhost:61731
accept: */*

Response DefaultHttpResponse(decodeResult: success, version: HTTP/1.1)
HTTP/1.1 200 OK
Content-Type: application/json; charset=utf-8
cache-control: no-cache
content-length: 13

18:12:09.064 [AsyncHttpClient-1-2] DEBUG org.asynchttpclient.netty.channel.ChannelManager - Adding key: http://localhost:61731 for channel [id: 0xf016697e, L:/127.0.0.1:51586 - R:localhost/127.0.0.1:61731]
18:12:09.066 [Forwarding getElementTagName on session 46418c1e6fdda1f2075ba9b67e8b7df0 to remote] DEBUG org.asynchttpclient.netty.request.NettyRequestSender - Using pooled Channel '[id: 0xf016697e, L:/127.0.0.1:51586 - R:localhost/127.0.0.1:61731]' for 'GET' to 'http://localhost:61731/session/46418c1e6fdda1f2075ba9b67e8b7df0/element/49df420a-ca99-4f28-9cb3-52018601e854/name'
18:12:09.066 [Forwarding getElementTagName on session 46418c1e6fdda1f2075ba9b67e8b7df0 to remote] DEBUG org.asynchttpclient.netty.request.NettyRequestSender - Using open Channel [id: 0xf016697e, L:/127.0.0.1:51586 - R:localhost/127.0.0.1:61731] for GET '/session/46418c1e6fdda1f2075ba9b67e8b7df0/element/49df420a-ca99-4f28-9cb3-52018601e854/name'
18:12:09.070 [AsyncHttpClient-1-2] DEBUG org.asynchttpclient.netty.handler.HttpHandler - 

Request DefaultFullHttpRequest(decodeResult: success, version: HTTP/1.1, content: EmptyByteBufBE)
GET /session/46418c1e6fdda1f2075ba9b67e8b7df0/element/49df420a-ca99-4f28-9cb3-52018601e854/name HTTP/1.1
User-Agent: selenium/4.1.2 (java windows)
Cache-Control: no-cache
Content-Type: application/json; charset=utf-8
host: localhost:61731
accept: */*

Response DefaultHttpResponse(decodeResult: success, version: HTTP/1.1)
HTTP/1.1 200 OK
Content-Type: application/json; charset=utf-8
cache-control: no-cache
content-length: 13

18:12:09.070 [AsyncHttpClient-1-2] DEBUG org.asynchttpclient.netty.channel.ChannelManager - Adding key: http://localhost:61731 for channel [id: 0xf016697e, L:/127.0.0.1:51586 - R:localhost/127.0.0.1:61731]
18:12:09.072 [Forwarding findElement on session 46418c1e6fdda1f2075ba9b67e8b7df0 to remote] DEBUG org.asynchttpclient.netty.request.NettyRequestSender - Using pooled Channel '[id: 0xf016697e, L:/127.0.0.1:51586 - R:localhost/127.0.0.1:61731]' for 'POST' to 'http://localhost:61731/session/46418c1e6fdda1f2075ba9b67e8b7df0/element'
18:12:09.072 [Forwarding findElement on session 46418c1e6fdda1f2075ba9b67e8b7df0 to remote] DEBUG org.asynchttpclient.netty.request.NettyRequestSender - Using open Channel [id: 0xf016697e, L:/127.0.0.1:51586 - R:localhost/127.0.0.1:61731] for POST '/session/46418c1e6fdda1f2075ba9b67e8b7df0/element'
18:12:09.080 [AsyncHttpClient-1-2] DEBUG org.asynchttpclient.netty.handler.HttpHandler - 

Request DefaultHttpRequest(decodeResult: success, version: HTTP/1.1)
POST /session/46418c1e6fdda1f2075ba9b67e8b7df0/element HTTP/1.1
User-Agent: selenium/4.1.2 (java windows)
Content-Length: 176
Content-Type: application/json; charset=utf-8
host: localhost:61731
accept: */*

Response DefaultHttpResponse(decodeResult: success, version: HTTP/1.1)
HTTP/1.1 200 OK
Content-Type: application/json; charset=utf-8
cache-control: no-cache
content-length: 88

18:12:09.081 [AsyncHttpClient-1-2] DEBUG org.asynchttpclient.netty.channel.ChannelManager - Adding key: http://localhost:61731 for channel [id: 0xf016697e, L:/127.0.0.1:51586 - R:localhost/127.0.0.1:61731]
18:12:09.083 [Forwarding clickElement on session 46418c1e6fdda1f2075ba9b67e8b7df0 to remote] DEBUG org.asynchttpclient.netty.request.NettyRequestSender - Using pooled Channel '[id: 0xf016697e, L:/127.0.0.1:51586 - R:localhost/127.0.0.1:61731]' for 'POST' to 'http://localhost:61731/session/46418c1e6fdda1f2075ba9b67e8b7df0/element/49df420a-ca99-4f28-9cb3-52018601e854/click'
18:12:09.083 [Forwarding clickElement on session 46418c1e6fdda1f2075ba9b67e8b7df0 to remote] DEBUG org.asynchttpclient.netty.request.NettyRequestSender - Using open Channel [id: 0xf016697e, L:/127.0.0.1:51586 - R:localhost/127.0.0.1:61731] for POST '/session/46418c1e6fdda1f2075ba9b67e8b7df0/element/49df420a-ca99-4f28-9cb3-52018601e854/click'
18:12:09.136 [AsyncHttpClient-1-2] DEBUG org.asynchttpclient.netty.handler.HttpHandler - 

Request DefaultHttpRequest(decodeResult: success, version: HTTP/1.1)
POST /session/46418c1e6fdda1f2075ba9b67e8b7df0/element/49df420a-ca99-4f28-9cb3-52018601e854/click HTTP/1.1
User-Agent: selenium/4.1.2 (java windows)
Content-Length: 50
Content-Type: application/json; charset=utf-8
host: localhost:61731
accept: */*

Response DefaultHttpResponse(decodeResult: success, version: HTTP/1.1)
HTTP/1.1 200 OK
Content-Type: application/json; charset=utf-8
cache-control: no-cache
content-length: 14

18:12:09.137 [AsyncHttpClient-1-2] DEBUG org.asynchttpclient.netty.channel.ChannelManager - Adding key: http://localhost:61731 for channel [id: 0xf016697e, L:/127.0.0.1:51586 - R:localhost/127.0.0.1:61731]
  &amp#27;[32mWhen &amp#27;[0m&amp#27;[32mI click category button&amp#27;[0m     &amp#27;[90m# starter.stepdefinitions.CategoryStep.iClickCategoryButton()&amp#27;[0m
18:12:09.150 [Forwarding screenshot on session 46418c1e6fdda1f2075ba9b67e8b7df0 to remote] DEBUG org.asynchttpclient.netty.request.NettyRequestSender - Using pooled Channel '[id: 0xf016697e, L:/127.0.0.1:51586 - R:localhost/127.0.0.1:61731]' for 'GET' to 'http://localhost:61731/session/46418c1e6fdda1f2075ba9b67e8b7df0/screenshot'
18:12:09.150 [Forwarding screenshot on session 46418c1e6fdda1f2075ba9b67e8b7df0 to remote] DEBUG org.asynchttpclient.netty.request.NettyRequestSender - Using open Channel [id: 0xf016697e, L:/127.0.0.1:51586 - R:localhost/127.0.0.1:61731] for GET '/session/46418c1e6fdda1f2075ba9b67e8b7df0/screenshot'
18:12:09.269 [AsyncHttpClient-1-2] DEBUG org.asynchttpclient.netty.handler.HttpHandler - 

Request DefaultFullHttpRequest(decodeResult: success, version: HTTP/1.1, content: EmptyByteBufBE)
GET /session/46418c1e6fdda1f2075ba9b67e8b7df0/screenshot HTTP/1.1
User-Agent: selenium/4.1.2 (java windows)
Cache-Control: no-cache
Content-Type: application/json; charset=utf-8
host: localhost:61731
accept: */*

Response DefaultHttpResponse(decodeResult: success, version: HTTP/1.1)
HTTP/1.1 200 OK
Content-Type: application/json; charset=utf-8
cache-control: no-cache
content-length: 74096

18:12:09.270 [AsyncHttpClient-1-2] DEBUG org.asynchttpclient.netty.channel.ChannelManager - Adding key: http://localhost:61731 for channel [id: 0xf016697e, L:/127.0.0.1:51586 - R:localhost/127.0.0.1:61731]
18:12:09.275 [main] DEBUG net.serenitybdd.core.photography.Darkroom - Send negative for processing for target\site\serenity\3707581fdebb043b60a743b3d7f35fba4cb21706111507aa9e34d5fd704fd8e7.png
18:12:09.276 [Darkroom Processing Line] DEBUG net.serenitybdd.core.photography.DarkroomProcessingLine - Processing screenshot image in /var/screenshots/screenshot-13050644389936117821
18:12:09.276 [Darkroom Processing Line] DEBUG net.serenitybdd.core.photography.DarkroomProcessingLine - Saving screenshot to target\site\serenity\3707581fdebb043b60a743b3d7f35fba4cb21706111507aa9e34d5fd704fd8e7.png
18:12:09.285 [Forwarding findElement on session 46418c1e6fdda1f2075ba9b67e8b7df0 to remote] DEBUG org.asynchttpclient.netty.request.NettyRequestSender - Using pooled Channel '[id: 0xf016697e, L:/127.0.0.1:51586 - R:localhost/127.0.0.1:61731]' for 'POST' to 'http://localhost:61731/session/46418c1e6fdda1f2075ba9b67e8b7df0/element'
18:12:09.285 [Forwarding findElement on session 46418c1e6fdda1f2075ba9b67e8b7df0 to remote] DEBUG org.asynchttpclient.netty.request.NettyRequestSender - Using open Channel [id: 0xf016697e, L:/127.0.0.1:51586 - R:localhost/127.0.0.1:61731] for POST '/session/46418c1e6fdda1f2075ba9b67e8b7df0/element'
18:12:09.297 [AsyncHttpClient-1-2] DEBUG org.asynchttpclient.netty.handler.HttpHandler - 

Request DefaultHttpRequest(decodeResult: success, version: HTTP/1.1)
POST /session/46418c1e6fdda1f2075ba9b67e8b7df0/element HTTP/1.1
User-Agent: selenium/4.1.2 (java windows)
Content-Length: 70
Content-Type: application/json; charset=utf-8
host: localhost:61731
accept: */*

Response DefaultHttpResponse(decodeResult: success, version: HTTP/1.1)
HTTP/1.1 200 OK
Content-Type: application/json; charset=utf-8
cache-control: no-cache
content-length: 88

18:12:09.298 [AsyncHttpClient-1-2] DEBUG org.asynchttpclient.netty.channel.ChannelManager - Adding key: http://localhost:61731 for channel [id: 0xf016697e, L:/127.0.0.1:51586 - R:localhost/127.0.0.1:61731]
18:12:09.299 [Forwarding getElementTagName on session 46418c1e6fdda1f2075ba9b67e8b7df0 to remote] DEBUG org.asynchttpclient.netty.request.NettyRequestSender - Using pooled Channel '[id: 0xf016697e, L:/127.0.0.1:51586 - R:localhost/127.0.0.1:61731]' for 'GET' to 'http://localhost:61731/session/46418c1e6fdda1f2075ba9b67e8b7df0/element/4ba12d7c-414c-48d8-a7dc-ccaf486d350a/name'
18:12:09.300 [Forwarding getElementTagName on session 46418c1e6fdda1f2075ba9b67e8b7df0 to remote] DEBUG org.asynchttpclient.netty.request.NettyRequestSender - Using open Channel [id: 0xf016697e, L:/127.0.0.1:51586 - R:localhost/127.0.0.1:61731] for GET '/session/46418c1e6fdda1f2075ba9b67e8b7df0/element/4ba12d7c-414c-48d8-a7dc-ccaf486d350a/name'
18:12:09.304 [AsyncHttpClient-1-2] DEBUG org.asynchttpclient.netty.handler.HttpHandler - 

Request DefaultFullHttpRequest(decodeResult: success, version: HTTP/1.1, content: EmptyByteBufBE)
GET /session/46418c1e6fdda1f2075ba9b67e8b7df0/element/4ba12d7c-414c-48d8-a7dc-ccaf486d350a/name HTTP/1.1
User-Agent: selenium/4.1.2 (java windows)
Cache-Control: no-cache
Content-Type: application/json; charset=utf-8
host: localhost:61731
accept: */*

Response DefaultHttpResponse(decodeResult: success, version: HTTP/1.1)
HTTP/1.1 200 OK
Content-Type: application/json; charset=utf-8
cache-control: no-cache
content-length: 15

18:12:09.304 [AsyncHttpClient-1-2] DEBUG org.asynchttpclient.netty.channel.ChannelManager - Adding key: http://localhost:61731 for channel [id: 0xf016697e, L:/127.0.0.1:51586 - R:localhost/127.0.0.1:61731]
18:12:09.306 [Forwarding getElementTagName on session 46418c1e6fdda1f2075ba9b67e8b7df0 to remote] DEBUG org.asynchttpclient.netty.request.NettyRequestSender - Using pooled Channel '[id: 0xf016697e, L:/127.0.0.1:51586 - R:localhost/127.0.0.1:61731]' for 'GET' to 'http://localhost:61731/session/46418c1e6fdda1f2075ba9b67e8b7df0/element/4ba12d7c-414c-48d8-a7dc-ccaf486d350a/name'
18:12:09.306 [Forwarding getElementTagName on session 46418c1e6fdda1f2075ba9b67e8b7df0 to remote] DEBUG org.asynchttpclient.netty.request.NettyRequestSender - Using open Channel [id: 0xf016697e, L:/127.0.0.1:51586 - R:localhost/127.0.0.1:61731] for GET '/session/46418c1e6fdda1f2075ba9b67e8b7df0/element/4ba12d7c-414c-48d8-a7dc-ccaf486d350a/name'
18:12:09.309 [AsyncHttpClient-1-2] DEBUG org.asynchttpclient.netty.handler.HttpHandler - 

Request DefaultFullHttpRequest(decodeResult: success, version: HTTP/1.1, content: EmptyByteBufBE)
GET /session/46418c1e6fdda1f2075ba9b67e8b7df0/element/4ba12d7c-414c-48d8-a7dc-ccaf486d350a/name HTTP/1.1
User-Agent: selenium/4.1.2 (java windows)
Cache-Control: no-cache
Content-Type: application/json; charset=utf-8
host: localhost:61731
accept: */*

Response DefaultHttpResponse(decodeResult: success, version: HTTP/1.1)
HTTP/1.1 200 OK
Content-Type: application/json; charset=utf-8
cache-control: no-cache
content-length: 15

18:12:09.310 [AsyncHttpClient-1-2] DEBUG org.asynchttpclient.netty.channel.ChannelManager - Adding key: http://localhost:61731 for channel [id: 0xf016697e, L:/127.0.0.1:51586 - R:localhost/127.0.0.1:61731]
18:12:09.312 [Forwarding findElement on session 46418c1e6fdda1f2075ba9b67e8b7df0 to remote] DEBUG org.asynchttpclient.netty.request.NettyRequestSender - Using pooled Channel '[id: 0xf016697e, L:/127.0.0.1:51586 - R:localhost/127.0.0.1:61731]' for 'POST' to 'http://localhost:61731/session/46418c1e6fdda1f2075ba9b67e8b7df0/element'
18:12:09.313 [Forwarding findElement on session 46418c1e6fdda1f2075ba9b67e8b7df0 to remote] DEBUG org.asynchttpclient.netty.request.NettyRequestSender - Using open Channel [id: 0xf016697e, L:/127.0.0.1:51586 - R:localhost/127.0.0.1:61731] for POST '/session/46418c1e6fdda1f2075ba9b67e8b7df0/element'
18:12:09.319 [AsyncHttpClient-1-2] DEBUG org.asynchttpclient.netty.handler.HttpHandler - 

Request DefaultHttpRequest(decodeResult: success, version: HTTP/1.1)
POST /session/46418c1e6fdda1f2075ba9b67e8b7df0/element HTTP/1.1
User-Agent: selenium/4.1.2 (java windows)
Content-Length: 70
Content-Type: application/json; charset=utf-8
host: localhost:61731
accept: */*

Response DefaultHttpResponse(decodeResult: success, version: HTTP/1.1)
HTTP/1.1 200 OK
Content-Type: application/json; charset=utf-8
cache-control: no-cache
content-length: 88

18:12:09.319 [AsyncHttpClient-1-2] DEBUG org.asynchttpclient.netty.channel.ChannelManager - Adding key: http://localhost:61731 for channel [id: 0xf016697e, L:/127.0.0.1:51586 - R:localhost/127.0.0.1:61731]
18:12:09.321 [Forwarding clickElement on session 46418c1e6fdda1f2075ba9b67e8b7df0 to remote] DEBUG org.asynchttpclient.netty.request.NettyRequestSender - Using pooled Channel '[id: 0xf016697e, L:/127.0.0.1:51586 - R:localhost/127.0.0.1:61731]' for 'POST' to 'http://localhost:61731/session/46418c1e6fdda1f2075ba9b67e8b7df0/element/4ba12d7c-414c-48d8-a7dc-ccaf486d350a/click'
18:12:09.321 [Forwarding clickElement on session 46418c1e6fdda1f2075ba9b67e8b7df0 to remote] DEBUG org.asynchttpclient.netty.request.NettyRequestSender - Using open Channel [id: 0xf016697e, L:/127.0.0.1:51586 - R:localhost/127.0.0.1:61731] for POST '/session/46418c1e6fdda1f2075ba9b67e8b7df0/element/4ba12d7c-414c-48d8-a7dc-ccaf486d350a/click'
18:12:09.415 [AsyncHttpClient-1-2] DEBUG org.asynchttpclient.netty.handler.HttpHandler - 

Request DefaultHttpRequest(decodeResult: success, version: HTTP/1.1)
POST /session/46418c1e6fdda1f2075ba9b67e8b7df0/element/4ba12d7c-414c-48d8-a7dc-ccaf486d350a/click HTTP/1.1
User-Agent: selenium/4.1.2 (java windows)
Content-Length: 50
Content-Type: application/json; charset=utf-8
host: localhost:61731
accept: */*

Response DefaultHttpResponse(decodeResult: success, version: HTTP/1.1)
HTTP/1.1 200 OK
Content-Type: application/json; charset=utf-8
cache-control: no-cache
content-length: 14

18:12:09.416 [AsyncHttpClient-1-2] DEBUG org.asynchttpclient.netty.channel.ChannelManager - Adding key: http://localhost:61731 for channel [id: 0xf016697e, L:/127.0.0.1:51586 - R:localhost/127.0.0.1:61731]
  &amp#27;[32mAnd &amp#27;[0m&amp#27;[32mI click item category button&amp#27;[0m &amp#27;[90m# starter.stepdefinitions.CategoryStep.iClickItemCategoryButton()&amp#27;[0m
18:12:09.423 [Forwarding screenshot on session 46418c1e6fdda1f2075ba9b67e8b7df0 to remote] DEBUG org.asynchttpclient.netty.request.NettyRequestSender - Using pooled Channel '[id: 0xf016697e, L:/127.0.0.1:51586 - R:localhost/127.0.0.1:61731]' for 'GET' to 'http://localhost:61731/session/46418c1e6fdda1f2075ba9b67e8b7df0/screenshot'
18:12:09.423 [Forwarding screenshot on session 46418c1e6fdda1f2075ba9b67e8b7df0 to remote] DEBUG org.asynchttpclient.netty.request.NettyRequestSender - Using open Channel [id: 0xf016697e, L:/127.0.0.1:51586 - R:localhost/127.0.0.1:61731] for GET '/session/46418c1e6fdda1f2075ba9b67e8b7df0/screenshot'
18:12:09.573 [AsyncHttpClient-1-2] DEBUG org.asynchttpclient.netty.handler.HttpHandler - 

Request DefaultFullHttpRequest(decodeResult: success, version: HTTP/1.1, content: EmptyByteBufBE)
GET /session/46418c1e6fdda1f2075ba9b67e8b7df0/screenshot HTTP/1.1
User-Agent: selenium/4.1.2 (java windows)
Cache-Control: no-cache
Content-Type: application/json; charset=utf-8
host: localhost:61731
accept: */*

Response DefaultHttpResponse(decodeResult: success, version: HTTP/1.1)
HTTP/1.1 200 OK
Content-Type: application/json; charset=utf-8
cache-control: no-cache
content-length: 31868

18:12:09.574 [AsyncHttpClient-1-2] DEBUG org.asynchttpclient.netty.channel.ChannelManager - Adding key: http://localhost:61731 for channel [id: 0xf016697e, L:/127.0.0.1:51586 - R:localhost/127.0.0.1:61731]
18:12:09.578 [main] DEBUG net.serenitybdd.core.photography.Darkroom - Send negative for processing for target\site\serenity\c1f87e8bcbbc4f5b1c86a70e000d1ea0cd0533215102c09478e8c486a8421f4d.png
18:12:09.578 [Darkroom Processing Line] DEBUG net.serenitybdd.core.photography.DarkroomProcessingLine - Processing screenshot image in /var/screenshots/screenshot-4115183316747879313
18:12:09.579 [Darkroom Processing Line] DEBUG net.serenitybdd.core.photography.DarkroomProcessingLine - Saving screenshot to target\site\serenity\c1f87e8bcbbc4f5b1c86a70e000d1ea0cd0533215102c09478e8c486a8421f4d.png
18:12:09.590 [Forwarding findElement on session 46418c1e6fdda1f2075ba9b67e8b7df0 to remote] DEBUG org.asynchttpclient.netty.request.NettyRequestSender - Using pooled Channel '[id: 0xf016697e, L:/127.0.0.1:51586 - R:localhost/127.0.0.1:61731]' for 'POST' to 'http://localhost:61731/session/46418c1e6fdda1f2075ba9b67e8b7df0/element'
18:12:09.590 [Forwarding findElement on session 46418c1e6fdda1f2075ba9b67e8b7df0 to remote] DEBUG org.asynchttpclient.netty.request.NettyRequestSender - Using open Channel [id: 0xf016697e, L:/127.0.0.1:51586 - R:localhost/127.0.0.1:61731] for POST '/session/46418c1e6fdda1f2075ba9b67e8b7df0/element'
18:12:09.605 [AsyncHttpClient-1-2] DEBUG org.asynchttpclient.netty.handler.HttpHandler - 

Request DefaultHttpRequest(decodeResult: success, version: HTTP/1.1)
POST /session/46418c1e6fdda1f2075ba9b67e8b7df0/element HTTP/1.1
User-Agent: selenium/4.1.2 (java windows)
Content-Length: 115
Content-Type: application/json; charset=utf-8
host: localhost:61731
accept: */*

Response DefaultHttpResponse(decodeResult: success, version: HTTP/1.1)
HTTP/1.1 200 OK
Content-Type: application/json; charset=utf-8
cache-control: no-cache
content-length: 88

18:12:09.605 [AsyncHttpClient-1-2] DEBUG org.asynchttpclient.netty.channel.ChannelManager - Adding key: http://localhost:61731 for channel [id: 0xf016697e, L:/127.0.0.1:51586 - R:localhost/127.0.0.1:61731]
18:12:09.614 [Forwarding isElementDisplayed on session 46418c1e6fdda1f2075ba9b67e8b7df0 to remote] DEBUG org.asynchttpclient.netty.request.NettyRequestSender - Using pooled Channel '[id: 0xf016697e, L:/127.0.0.1:51586 - R:localhost/127.0.0.1:61731]' for 'POST' to 'http://localhost:61731/session/46418c1e6fdda1f2075ba9b67e8b7df0/execute/sync'
18:12:09.615 [Forwarding isElementDisplayed on session 46418c1e6fdda1f2075ba9b67e8b7df0 to remote] DEBUG org.asynchttpclient.netty.request.NettyRequestSender - Using open Channel [id: 0xf016697e, L:/127.0.0.1:51586 - R:localhost/127.0.0.1:61731] for POST '/session/46418c1e6fdda1f2075ba9b67e8b7df0/execute/sync'
18:12:09.633 [AsyncHttpClient-1-2] DEBUG org.asynchttpclient.netty.handler.HttpHandler - 

Request DefaultHttpRequest(decodeResult: success, version: HTTP/1.1)
POST /session/46418c1e6fdda1f2075ba9b67e8b7df0/execute/sync HTTP/1.1
User-Agent: selenium/4.1.2 (java windows)
Content-Length: 48780
Content-Type: application/json; charset=utf-8
host: localhost:61731
accept: */*

Response DefaultHttpResponse(decodeResult: success, version: HTTP/1.1)
HTTP/1.1 200 OK
Content-Type: application/json; charset=utf-8
cache-control: no-cache
content-length: 14

18:12:09.633 [AsyncHttpClient-1-2] DEBUG org.asynchttpclient.netty.channel.ChannelManager - Adding key: http://localhost:61731 for channel [id: 0xf016697e, L:/127.0.0.1:51586 - R:localhost/127.0.0.1:61731]
  &amp#27;[32mThen &amp#27;[0m&amp#27;[32mI will get the category&amp#27;[0m     &amp#27;[90m# starter.stepdefinitions.CategoryStep.iWillGetTheCategory()&amp#27;[0m
18:12:09.638 [Forwarding screenshot on session 46418c1e6fdda1f2075ba9b67e8b7df0 to remote] DEBUG org.asynchttpclient.netty.request.NettyRequestSender - Using pooled Channel '[id: 0xf016697e, L:/127.0.0.1:51586 - R:localhost/127.0.0.1:61731]' for 'GET' to 'http://localhost:61731/session/46418c1e6fdda1f2075ba9b67e8b7df0/screenshot'
18:12:09.638 [Forwarding screenshot on session 46418c1e6fdda1f2075ba9b67e8b7df0 to remote] DEBUG org.asynchttpclient.netty.request.NettyRequestSender - Using open Channel [id: 0xf016697e, L:/127.0.0.1:51586 - R:localhost/127.0.0.1:61731] for GET '/session/46418c1e6fdda1f2075ba9b67e8b7df0/screenshot'
18:12:09.781 [AsyncHttpClient-1-2] DEBUG org.asynchttpclient.netty.handler.HttpHandler - 

Request DefaultFullHttpRequest(decodeResult: success, version: HTTP/1.1, content: EmptyByteBufBE)
GET /session/46418c1e6fdda1f2075ba9b67e8b7df0/screenshot HTTP/1.1
User-Agent: selenium/4.1.2 (java windows)
Cache-Control: no-cache
Content-Type: application/json; charset=utf-8
host: localhost:61731
accept: */*

Response DefaultHttpResponse(decodeResult: success, version: HTTP/1.1)
HTTP/1.1 200 OK
Content-Type: application/json; charset=utf-8
cache-control: no-cache
content-length: 32216

18:12:09.782 [AsyncHttpClient-1-2] DEBUG org.asynchttpclient.netty.channel.ChannelManager - Adding key: http://localhost:61731 for channel [id: 0xf016697e, L:/127.0.0.1:51586 - R:localhost/127.0.0.1:61731]
18:12:09.784 [main] DEBUG net.serenitybdd.core.photography.Darkroom - Send negative for processing for target\site\serenity\379aa797cc09e7156e6eea2d3cb864a7811e213d2c30044b858ae0b8a3ea55a1.png
18:12:09.784 [Darkroom Processing Line] DEBUG net.serenitybdd.core.photography.DarkroomProcessingLine - Processing screenshot image in /var/screenshots/screenshot-4752793539092784759
18:12:09.784 [Darkroom Processing Line] DEBUG net.serenitybdd.core.photography.DarkroomProcessingLine - Saving screenshot to target\site\serenity\379aa797cc09e7156e6eea2d3cb864a7811e213d2c30044b858ae0b8a3ea55a1.png
18:12:09.788 [main] INFO  - 
  _____   ___   ___   _____     ___     _     ___   ___   ___   ___  
 |_   _| | __| / __| |_   _|   | _ \   /_\   / __| / __| | __| |   \ 
   | |   | _|  \__ \   | |     |  _/  / _ \  \__ \ \__ \ | _|  | |) |
   |_|   |___| |___/   |_|     |_|   /_/ \_\ |___/ |___/ |___| |___/ 

Category list
----------------------------------------------------------------------
18:12:09.876 [AsyncHttpClient-1-1] DEBUG org.asynchttpclient.netty.channel.DefaultChannelPool - Entry count for : http://localhost:61731 : 1
18:12:09.876 [AsyncHttpClient-1-1] DEBUG org.asynchttpclient.netty.channel.DefaultChannelPool - Entry count for : http://localhost:51587 : 1
18:12:09.899 [Driver Command Executor] DEBUG org.asynchttpclient.netty.request.NettyRequestSender - Using pooled Channel '[id: 0xf016697e, L:/127.0.0.1:51586 - R:localhost/127.0.0.1:61731]' for 'DELETE' to 'http://localhost:61731/session/46418c1e6fdda1f2075ba9b67e8b7df0'
18:12:09.899 [Driver Command Executor] DEBUG org.asynchttpclient.netty.request.NettyRequestSender - Using open Channel [id: 0xf016697e, L:/127.0.0.1:51586 - R:localhost/127.0.0.1:61731] for DELETE '/session/46418c1e6fdda1f2075ba9b67e8b7df0'
18:12:09.900 [AsyncHttpClient-1-4] DEBUG org.asynchttpclient.netty.handler.WebSocketHandler - Channel Closed: [id: 0x033e4245, L:/127.0.0.1:51595 ! R:localhost/127.0.0.1:51587] with attribute NettyResponseFuture{currentRetry=5,
	isDone=1,
	isCancelled=0,
	asyncHandler=org.asynchttpclient.ws.WebSocketUpgradeHandler@20a4425d,
	nettyRequest=org.asynchttpclient.netty.request.NettyRequest@40eb42d4,
	future=java.util.concurrent.CompletableFuture@4fea03f5[Completed normally],
	uri=ws://localhost:51587/devtools/browser/56f4aa35-f108-46c9-a1b0-a5f9ef2f50fb,
	keepAlive=true,
	redirectCount=0,
	timeoutsHolder=null,
	inAuth=0,
	touch=1667041925747}
18:12:09.901 [AsyncHttpClient-1-4] DEBUG org.asynchttpclient.netty.channel.ChannelManager - Closing Channel [id: 0x033e4245, L:/127.0.0.1:51595 ! R:localhost/127.0.0.1:51587] 
18:12:09.964 [AsyncHttpClient-1-3] DEBUG org.asynchttpclient.netty.handler.HttpHandler - Unexpected I/O exception on channel [id: 0x6aa6d38e, L:/127.0.0.1:51593 - R:localhost/127.0.0.1:51587]
java.net.SocketException: Connection reset
	at java.base/sun.nio.ch.SocketChannelImpl.throwConnectionReset(SocketChannelImpl.java:345)
	at java.base/sun.nio.ch.SocketChannelImpl.read(SocketChannelImpl.java:376)
	at io.netty.buffer.PooledByteBuf.setBytes(PooledByteBuf.java:258)
	at io.netty.buffer.AbstractByteBuf.writeBytes(AbstractByteBuf.java:1132)
	at io.netty.channel.socket.nio.NioSocketChannel.doReadBytes(NioSocketChannel.java:350)
	at io.netty.channel.nio.AbstractNioByteChannel$NioByteUnsafe.read(AbstractNioByteChannel.java:151)
	at io.netty.channel.nio.NioEventLoop.processSelectedKey(NioEventLoop.java:722)
	at io.netty.channel.nio.NioEventLoop.processSelectedKeysOptimized(NioEventLoop.java:658)
	at io.netty.channel.nio.NioEventLoop.processSelectedKeys(NioEventLoop.java:584)
	at io.netty.channel.nio.NioEventLoop.run(NioEventLoop.java:496)
	at io.netty.util.concurrent.SingleThreadEventExecutor$4.run(SingleThreadEventExecutor.java:986)
	at io.netty.util.internal.ThreadExecutorMap$2.run(ThreadExecutorMap.java:74)
	at io.netty.util.concurrent.FastThreadLocalRunnable.run(FastThreadLocalRunnable.java:30)
	at java.base/java.lang.Thread.run(Thread.java:830)
18:12:09.964 [AsyncHttpClient-1-3] DEBUG org.asynchttpclient.netty.channel.ChannelManager - Closing Channel [id: 0x6aa6d38e, L:/127.0.0.1:51593 - R:localhost/127.0.0.1:51587] 
18:12:09.966 [AsyncHttpClient-1-3] DEBUG org.asynchttpclient.netty.handler.HttpHandler - Channel Closed: [id: 0x6aa6d38e, L:/127.0.0.1:51593 ! R:localhost/127.0.0.1:51587] with attribute DISCARD
18:12:09.984 [AsyncHttpClient-1-2] DEBUG org.asynchttpclient.netty.handler.HttpHandler - 

Request DefaultFullHttpRequest(decodeResult: success, version: HTTP/1.1, content: EmptyByteBufBE)
DELETE /session/46418c1e6fdda1f2075ba9b67e8b7df0 HTTP/1.1
User-Agent: selenium/4.1.2 (java windows)
Content-Type: application/json; charset=utf-8
host: localhost:61731
accept: */*

Response DefaultHttpResponse(decodeResult: success, version: HTTP/1.1)
HTTP/1.1 200 OK
Content-Type: application/json; charset=utf-8
cache-control: no-cache
content-length: 14

18:12:09.984 [AsyncHttpClient-1-2] DEBUG org.asynchttpclient.netty.channel.ChannelManager - Adding key: http://localhost:61731 for channel [id: 0xf016697e, L:/127.0.0.1:51586 - R:localhost/127.0.0.1:61731]
18:12:10.030 [AsyncHttpClient-1-2] DEBUG org.asynchttpclient.netty.handler.HttpHandler - Channel Closed: [id: 0xf016697e, L:/127.0.0.1:51586 ! R:localhost/127.0.0.1:61731] with attribute DISCARD
]]></system-out>
    <system-err><![CDATA[Starting ChromeDriver 105.0.5195.52 (412c95e518836d8a7d97250d62b29c2ae6a26a85-refs/branch-heads/5195@{#853}) on port 61731
Only local connections are allowed.
Please see https://chromedriver.chromium.org/security-considerations for suggestions on keeping ChromeDriver safe.
ChromeDriver was started successfully.
[1667041925.597][WARNING]: This version of ChromeDriver has not been tested with Chrome version 106.
Okt 29, 2022 6:12:05 PM org.openqa.selenium.remote.ProtocolHandshake createSession
INFO: Detected dialect: W3C
Okt 29, 2022 6:12:05 PM org.openqa.selenium.devtools.CdpVersionFinder findNearestMatch
WARNING: Unable to find an exact match for CDP version 106, so returning the closest version found: a no-op implementation
Okt 29, 2022 6:12:05 PM org.openqa.selenium.devtools.CdpVersionFinder findNearestMatch
INFO: Unable to find CDP implementation matching 106.
Okt 29, 2022 6:12:05 PM org.openqa.selenium.chromium.ChromiumDriver lambda$new$3
WARNING: Unable to find version of CDP to use for . You may need to include a dependency on a specific version of the CDP using something similar to `org.seleniumhq.selenium:selenium-devtools-v86:4.1.2` where the version ("v86") matches the version of the chromium-based browser you're using and the version number of the artifact is the same as Selenium's.
]]></system-err>
  </testcase>
  <testcase name="Home detail product" classname="Home" time="6.237">
    <system-out><![CDATA[18:12:10.557 [main] INFO io.cucumber.core.plugin.SerenityReporter - Running feature from file:///C:/Users/alwi/IdeaProjects/AltaShop/src/test/resources/features/Home.feature
18:12:10.560 [main] DEBUG net.thucydides.core.steps.StepEventBus - Test suite started for story net.thucydides.core.model.Story@b16b2c08
18:12:10.560 [main] INFO  - Test Suite Started: Home

Scenario: Home detail product &amp#27;[90m# src/test/resources/features/Home.feature:6&amp#27;[0m
18:12:10.585 [main] INFO io.cucumber.core.plugin.SerenityReporter - Running feature from file:///C:/Users/alwi/IdeaProjects/AltaShop/src/test/resources/features/Home.feature
18:12:10.587 [main] INFO  - 
  _____   ___   ___   _____     ___   _____     _     ___   _____   ___   ___  
 |_   _| | __| / __| |_   _|   / __| |_   _|   /_\   | _ \ |_   _| | __| |   \ 
   | |   | _|  \__ \   | |     \__ \   | |    / _ \  |   /   | |   | _|  | |) |
   |_|   |___| |___/   |_|     |___/   |_|   /_/ \_\ |_|_\   |_|   |___| |___/ 

Home detail product(home;home-detail-product)
--------------------------------------------------------------------------------
18:12:10.647 [main] INFO net.serenitybdd.core.webdriver.driverproviders.ChromeDriverProvider - Using automatically driver download
18:12:10.894 [main] DEBUG io.github.bonigarcia.wdm.cache.ResolutionCache - Resolution chrome=106 in cache (valid until 18:14:56 29/10/2022 WIB)
18:12:10.906 [main] DEBUG io.github.bonigarcia.wdm.cache.ResolutionCache - Resolution chrome106=106.0.5249.61 in cache (valid until 19:30:28 29/10/2022 WIB)
18:12:10.910 [main] INFO io.github.bonigarcia.wdm.WebDriverManager - Using chromedriver 106.0.5249.61 (resolved driver for Chrome 106)
18:12:10.941 [main] DEBUG io.github.bonigarcia.wdm.WebDriverManager - Driver chromedriver 106.0.5249.61 found in cache
18:12:10.942 [main] INFO io.github.bonigarcia.wdm.WebDriverManager - Exporting webdriver.chrome.driver as C:\Users\alwi\.cache\selenium\chromedriver\win32\106.0.5249.61\chromedriver.exe
18:12:10.980 [AsyncHttpClient-1-1] DEBUG org.asynchttpclient.netty.channel.DefaultChannelPool - Entry count for : http://localhost:61731 : 1
18:12:10.980 [AsyncHttpClient-1-1] DEBUG org.asynchttpclient.netty.channel.DefaultChannelPool - Entry count for : http://localhost:51587 : 1
18:12:10.980 [AsyncHttpClient-1-1] DEBUG org.asynchttpclient.netty.channel.DefaultChannelPool - Adding Candidate expired Channel [id: 0xf016697e, L:/127.0.0.1:51586 ! R:localhost/127.0.0.1:61731] isIdleTimeoutExpired=false isRemotelyClosed=true isTtlExpired=false
18:12:10.980 [AsyncHttpClient-1-1] DEBUG org.asynchttpclient.netty.channel.DefaultChannelPool - Closing Idle Channel [id: 0xf016697e, L:/127.0.0.1:51586 ! R:localhost/127.0.0.1:61731]
18:12:10.980 [AsyncHttpClient-1-1] DEBUG org.asynchttpclient.netty.channel.DefaultChannelPool - Adding Candidate expired Channel [id: 0x6aa6d38e, L:/127.0.0.1:51593 ! R:localhost/127.0.0.1:51587] isIdleTimeoutExpired=false isRemotelyClosed=true isTtlExpired=false
18:12:10.980 [AsyncHttpClient-1-1] DEBUG org.asynchttpclient.netty.channel.DefaultChannelPool - Closing Idle Channel [id: 0x6aa6d38e, L:/127.0.0.1:51593 ! R:localhost/127.0.0.1:51587]
18:12:10.981 [AsyncHttpClient-1-1] DEBUG org.asynchttpclient.netty.channel.DefaultChannelPool - Closed 2 connections out of 2 in 0 ms
18:12:11.053 [main] DEBUG net.serenitybdd.core.webdriver.driverproviders.ProvideNewDriver - Instantiating driver
18:12:11.053 [main] DEBUG net.serenitybdd.core.webdriver.driverproviders.ProvideNewDriver - Driver capabilities: Capabilities {acceptInsecureCerts: false, base.url: https://alta-shop.vercel.app, browserName: chrome, chrome.driver: src/test/resources/webdrive..., driver: chrome, goog:chromeOptions: {args: [], extensions: []}, wait.for.timeout: 6000}
18:12:11.590 [AsyncHttpClient-1-5] DEBUG org.asynchttpclient.netty.channel.NettyConnectListener - Using new Channel '[id: 0xd5aa693a, L:/127.0.0.1:51619 - R:localhost/127.0.0.1:54486]' for 'POST' to '/session'
18:12:12.542 [AsyncHttpClient-1-5] DEBUG org.asynchttpclient.netty.handler.HttpHandler - 

Request DefaultHttpRequest(decodeResult: success, version: HTTP/1.1)
POST /session HTTP/1.1
User-Agent: selenium/4.1.2 (java windows)
Content-Length: 639
Content-Type: application/json; charset=utf-8
host: localhost:54486
accept: */*

Response DefaultHttpResponse(decodeResult: success, version: HTTP/1.1)
HTTP/1.1 200 OK
Content-Type: application/json; charset=utf-8
cache-control: no-cache
content-length: 790

18:12:12.543 [AsyncHttpClient-1-5] DEBUG org.asynchttpclient.netty.channel.ChannelManager - Adding key: http://localhost:54486 for channel [id: 0xd5aa693a, L:/127.0.0.1:51619 - R:localhost/127.0.0.1:54486]
18:12:12.555 [AsyncHttpClient-1-6] DEBUG org.asynchttpclient.netty.channel.NettyConnectListener - Using new Channel '[id: 0xb0f19946, L:/127.0.0.1:51626 - R:localhost/127.0.0.1:51620]' for 'GET' to '/json/version'
18:12:12.560 [AsyncHttpClient-1-6] DEBUG org.asynchttpclient.netty.handler.HttpHandler - 

Request DefaultFullHttpRequest(decodeResult: success, version: HTTP/1.1, content: EmptyByteBufBE)
GET /json/version HTTP/1.1
User-Agent: selenium/4.1.2 (java windows)
host: localhost:51620
accept: */*

Response DefaultHttpResponse(decodeResult: success, version: HTTP/1.1)
HTTP/1.1 200 OK
Content-Type: application/json; charset=UTF-8
content-length: 424

18:12:12.560 [AsyncHttpClient-1-6] DEBUG org.asynchttpclient.netty.channel.ChannelManager - Adding key: http://localhost:51620 for channel [id: 0xb0f19946, L:/127.0.0.1:51626 - R:localhost/127.0.0.1:51620]
18:12:12.563 [AsyncHttpClient-1-7] DEBUG org.asynchttpclient.netty.channel.NettyConnectListener - Using new Channel '[id: 0xa7de2006, L:/127.0.0.1:51627 - R:localhost/127.0.0.1:51620]' for 'GET' to '/devtools/browser/b6082863-0d4b-4d21-a964-de6fdfe4c2a2'
18:12:12.568 [AsyncHttpClient-1-7] DEBUG org.asynchttpclient.netty.handler.WebSocketHandler - 

Request DefaultFullHttpRequest(decodeResult: success, version: HTTP/1.1, content: EmptyByteBufBE)
GET /devtools/browser/b6082863-0d4b-4d21-a964-de6fdfe4c2a2 HTTP/1.1
upgrade: websocket
connection: upgrade
sec-websocket-key: O0A0O6RPLyopdbA9LJhxNQ==
sec-websocket-version: 13
origin: http://localhost:51620
host: localhost:51620
accept: */*
user-agent: AHC/2.1

Response DefaultHttpResponse(decodeResult: success, version: HTTP/1.1)
HTTP/1.1 101 WebSocket Protocol Handshake
Upgrade: WebSocket
Connection: Upgrade
Sec-WebSocket-Accept: 1E1OUj69Oc/Ci2hatKeOVwvfzI0=

18:12:12.574 [Forwarding get on session 2fe59093f6b26a860c34f445a5ebd31e to remote] DEBUG org.asynchttpclient.netty.request.NettyRequestSender - Using pooled Channel '[id: 0xd5aa693a, L:/127.0.0.1:51619 - R:localhost/127.0.0.1:54486]' for 'POST' to 'http://localhost:54486/session/2fe59093f6b26a860c34f445a5ebd31e/url'
18:12:12.574 [Forwarding get on session 2fe59093f6b26a860c34f445a5ebd31e to remote] DEBUG org.asynchttpclient.netty.request.NettyRequestSender - Using open Channel [id: 0xd5aa693a, L:/127.0.0.1:51619 - R:localhost/127.0.0.1:54486] for POST '/session/2fe59093f6b26a860c34f445a5ebd31e/url'
18:12:13.179 [AsyncHttpClient-1-1] DEBUG org.asynchttpclient.netty.channel.DefaultChannelPool - Entry count for : http://localhost:51620 : 1
18:12:13.459 [AsyncHttpClient-1-5] DEBUG org.asynchttpclient.netty.handler.HttpHandler - 

Request DefaultHttpRequest(decodeResult: success, version: HTTP/1.1)
POST /session/2fe59093f6b26a860c34f445a5ebd31e/url HTTP/1.1
User-Agent: selenium/4.1.2 (java windows)
Content-Length: 59
Content-Type: application/json; charset=utf-8
host: localhost:54486
accept: */*

Response DefaultHttpResponse(decodeResult: success, version: HTTP/1.1)
HTTP/1.1 200 OK
Content-Type: application/json; charset=utf-8
cache-control: no-cache
content-length: 14

18:12:13.460 [AsyncHttpClient-1-5] DEBUG org.asynchttpclient.netty.channel.ChannelManager - Adding key: http://localhost:54486 for channel [id: 0xd5aa693a, L:/127.0.0.1:51619 - R:localhost/127.0.0.1:54486]
18:12:13.462 [Forwarding setTimeout on session 2fe59093f6b26a860c34f445a5ebd31e to remote] DEBUG org.asynchttpclient.netty.request.NettyRequestSender - Using pooled Channel '[id: 0xd5aa693a, L:/127.0.0.1:51619 - R:localhost/127.0.0.1:54486]' for 'POST' to 'http://localhost:54486/session/2fe59093f6b26a860c34f445a5ebd31e/timeouts'
18:12:13.462 [Forwarding setTimeout on session 2fe59093f6b26a860c34f445a5ebd31e to remote] DEBUG org.asynchttpclient.netty.request.NettyRequestSender - Using open Channel [id: 0xd5aa693a, L:/127.0.0.1:51619 - R:localhost/127.0.0.1:54486] for POST '/session/2fe59093f6b26a860c34f445a5ebd31e/timeouts'
18:12:13.465 [AsyncHttpClient-1-5] DEBUG org.asynchttpclient.netty.handler.HttpHandler - 

Request DefaultHttpRequest(decodeResult: success, version: HTTP/1.1)
POST /session/2fe59093f6b26a860c34f445a5ebd31e/timeouts HTTP/1.1
User-Agent: selenium/4.1.2 (java windows)
Content-Length: 22
Content-Type: application/json; charset=utf-8
host: localhost:54486
accept: */*

Response DefaultHttpResponse(decodeResult: success, version: HTTP/1.1)
HTTP/1.1 200 OK
Content-Type: application/json; charset=utf-8
cache-control: no-cache
content-length: 14

18:12:13.465 [AsyncHttpClient-1-5] DEBUG org.asynchttpclient.netty.channel.ChannelManager - Adding key: http://localhost:54486 for channel [id: 0xd5aa693a, L:/127.0.0.1:51619 - R:localhost/127.0.0.1:54486]
18:12:13.470 [Forwarding getCurrentUrl on session 2fe59093f6b26a860c34f445a5ebd31e to remote] DEBUG org.asynchttpclient.netty.request.NettyRequestSender - Using pooled Channel '[id: 0xd5aa693a, L:/127.0.0.1:51619 - R:localhost/127.0.0.1:54486]' for 'GET' to 'http://localhost:54486/session/2fe59093f6b26a860c34f445a5ebd31e/url'
18:12:13.471 [Forwarding getCurrentUrl on session 2fe59093f6b26a860c34f445a5ebd31e to remote] DEBUG org.asynchttpclient.netty.request.NettyRequestSender - Using open Channel [id: 0xd5aa693a, L:/127.0.0.1:51619 - R:localhost/127.0.0.1:54486] for GET '/session/2fe59093f6b26a860c34f445a5ebd31e/url'
18:12:13.475 [AsyncHttpClient-1-5] DEBUG org.asynchttpclient.netty.handler.HttpHandler - 

Request DefaultFullHttpRequest(decodeResult: success, version: HTTP/1.1, content: EmptyByteBufBE)
GET /session/2fe59093f6b26a860c34f445a5ebd31e/url HTTP/1.1
User-Agent: selenium/4.1.2 (java windows)
Cache-Control: no-cache
Content-Type: application/json; charset=utf-8
host: localhost:54486
accept: */*

Response DefaultHttpResponse(decodeResult: success, version: HTTP/1.1)
HTTP/1.1 200 OK
Content-Type: application/json; charset=utf-8
cache-control: no-cache
content-length: 41

18:12:13.475 [AsyncHttpClient-1-5] DEBUG org.asynchttpclient.netty.channel.ChannelManager - Adding key: http://localhost:54486 for channel [id: 0xd5aa693a, L:/127.0.0.1:51619 - R:localhost/127.0.0.1:54486]
  &amp#27;[32mGiven &amp#27;[0m&amp#27;[32mI am on the home page&amp#27;[0m &amp#27;[90m# starter.stepdefinitions.HomeStep.iAmOnTheHomePage()&amp#27;[0m
18:12:13.486 [main] DEBUG net.serenitybdd.core.photography.Darkroom - Opening darkroom
18:12:13.486 [Darkroom Processing Line] DEBUG net.serenitybdd.core.photography.DarkroomProcessingLine - Darkroom processing line starting up
18:12:13.487 [Forwarding screenshot on session 2fe59093f6b26a860c34f445a5ebd31e to remote] DEBUG org.asynchttpclient.netty.request.NettyRequestSender - Using pooled Channel '[id: 0xd5aa693a, L:/127.0.0.1:51619 - R:localhost/127.0.0.1:54486]' for 'GET' to 'http://localhost:54486/session/2fe59093f6b26a860c34f445a5ebd31e/screenshot'
18:12:13.487 [Forwarding screenshot on session 2fe59093f6b26a860c34f445a5ebd31e to remote] DEBUG org.asynchttpclient.netty.request.NettyRequestSender - Using open Channel [id: 0xd5aa693a, L:/127.0.0.1:51619 - R:localhost/127.0.0.1:54486] for GET '/session/2fe59093f6b26a860c34f445a5ebd31e/screenshot'
18:12:13.625 [AsyncHttpClient-1-5] DEBUG org.asynchttpclient.netty.handler.HttpHandler - 

Request DefaultFullHttpRequest(decodeResult: success, version: HTTP/1.1, content: EmptyByteBufBE)
GET /session/2fe59093f6b26a860c34f445a5ebd31e/screenshot HTTP/1.1
User-Agent: selenium/4.1.2 (java windows)
Cache-Control: no-cache
Content-Type: application/json; charset=utf-8
host: localhost:54486
accept: */*

Response DefaultHttpResponse(decodeResult: success, version: HTTP/1.1)
HTTP/1.1 200 OK
Content-Type: application/json; charset=utf-8
cache-control: no-cache
content-length: 29288

18:12:13.626 [AsyncHttpClient-1-5] DEBUG org.asynchttpclient.netty.channel.ChannelManager - Adding key: http://localhost:54486 for channel [id: 0xd5aa693a, L:/127.0.0.1:51619 - R:localhost/127.0.0.1:54486]
18:12:13.628 [main] DEBUG net.serenitybdd.core.photography.Darkroom - Send negative for processing for target\site\serenity\2399b250ddd018b5d220f5a449ec7376d6c0c03c9f8066047adf471ccadd6a29.png
18:12:13.629 [Darkroom Processing Line] DEBUG net.serenitybdd.core.photography.DarkroomProcessingLine - Processing screenshot image in /var/screenshots/screenshot-625855263243549828
18:12:13.629 [Darkroom Processing Line] DEBUG net.serenitybdd.core.photography.DarkroomProcessingLine - Saving screenshot to target\site\serenity\2399b250ddd018b5d220f5a449ec7376d6c0c03c9f8066047adf471ccadd6a29.png
18:12:13.640 [Forwarding findElement on session 2fe59093f6b26a860c34f445a5ebd31e to remote] DEBUG org.asynchttpclient.netty.request.NettyRequestSender - Using pooled Channel '[id: 0xd5aa693a, L:/127.0.0.1:51619 - R:localhost/127.0.0.1:54486]' for 'POST' to 'http://localhost:54486/session/2fe59093f6b26a860c34f445a5ebd31e/element'
18:12:13.640 [Forwarding findElement on session 2fe59093f6b26a860c34f445a5ebd31e to remote] DEBUG org.asynchttpclient.netty.request.NettyRequestSender - Using open Channel [id: 0xd5aa693a, L:/127.0.0.1:51619 - R:localhost/127.0.0.1:54486] for POST '/session/2fe59093f6b26a860c34f445a5ebd31e/element'
18:12:14.276 [AsyncHttpClient-1-1] DEBUG org.asynchttpclient.netty.channel.DefaultChannelPool - Entry count for : http://localhost:51620 : 1
18:12:15.376 [AsyncHttpClient-1-1] DEBUG org.asynchttpclient.netty.channel.DefaultChannelPool - Entry count for : http://localhost:51620 : 1
18:12:15.419 [AsyncHttpClient-1-5] DEBUG org.asynchttpclient.netty.handler.HttpHandler - 

Request DefaultHttpRequest(decodeResult: success, version: HTTP/1.1)
POST /session/2fe59093f6b26a860c34f445a5ebd31e/element HTTP/1.1
User-Agent: selenium/4.1.2 (java windows)
Content-Length: 71
Content-Type: application/json; charset=utf-8
host: localhost:54486
accept: */*

Response DefaultHttpResponse(decodeResult: success, version: HTTP/1.1)
HTTP/1.1 200 OK
Content-Type: application/json; charset=utf-8
cache-control: no-cache
content-length: 88

18:12:15.420 [AsyncHttpClient-1-5] DEBUG org.asynchttpclient.netty.channel.ChannelManager - Adding key: http://localhost:54486 for channel [id: 0xd5aa693a, L:/127.0.0.1:51619 - R:localhost/127.0.0.1:54486]
18:12:15.424 [Forwarding getElementTagName on session 2fe59093f6b26a860c34f445a5ebd31e to remote] DEBUG org.asynchttpclient.netty.request.NettyRequestSender - Using pooled Channel '[id: 0xd5aa693a, L:/127.0.0.1:51619 - R:localhost/127.0.0.1:54486]' for 'GET' to 'http://localhost:54486/session/2fe59093f6b26a860c34f445a5ebd31e/element/a17234cc-5867-4352-9c65-5927b3fe96e9/name'
18:12:15.424 [Forwarding getElementTagName on session 2fe59093f6b26a860c34f445a5ebd31e to remote] DEBUG org.asynchttpclient.netty.request.NettyRequestSender - Using open Channel [id: 0xd5aa693a, L:/127.0.0.1:51619 - R:localhost/127.0.0.1:54486] for GET '/session/2fe59093f6b26a860c34f445a5ebd31e/element/a17234cc-5867-4352-9c65-5927b3fe96e9/name'
18:12:15.429 [AsyncHttpClient-1-5] DEBUG org.asynchttpclient.netty.handler.HttpHandler - 

Request DefaultFullHttpRequest(decodeResult: success, version: HTTP/1.1, content: EmptyByteBufBE)
GET /session/2fe59093f6b26a860c34f445a5ebd31e/element/a17234cc-5867-4352-9c65-5927b3fe96e9/name HTTP/1.1
User-Agent: selenium/4.1.2 (java windows)
Cache-Control: no-cache
Content-Type: application/json; charset=utf-8
host: localhost:54486
accept: */*

Response DefaultHttpResponse(decodeResult: success, version: HTTP/1.1)
HTTP/1.1 200 OK
Content-Type: application/json; charset=utf-8
cache-control: no-cache
content-length: 16

18:12:15.429 [AsyncHttpClient-1-5] DEBUG org.asynchttpclient.netty.channel.ChannelManager - Adding key: http://localhost:54486 for channel [id: 0xd5aa693a, L:/127.0.0.1:51619 - R:localhost/127.0.0.1:54486]
18:12:15.431 [Forwarding getElementTagName on session 2fe59093f6b26a860c34f445a5ebd31e to remote] DEBUG org.asynchttpclient.netty.request.NettyRequestSender - Using pooled Channel '[id: 0xd5aa693a, L:/127.0.0.1:51619 - R:localhost/127.0.0.1:54486]' for 'GET' to 'http://localhost:54486/session/2fe59093f6b26a860c34f445a5ebd31e/element/a17234cc-5867-4352-9c65-5927b3fe96e9/name'
18:12:15.431 [Forwarding getElementTagName on session 2fe59093f6b26a860c34f445a5ebd31e to remote] DEBUG org.asynchttpclient.netty.request.NettyRequestSender - Using open Channel [id: 0xd5aa693a, L:/127.0.0.1:51619 - R:localhost/127.0.0.1:54486] for GET '/session/2fe59093f6b26a860c34f445a5ebd31e/element/a17234cc-5867-4352-9c65-5927b3fe96e9/name'
18:12:15.445 [AsyncHttpClient-1-5] DEBUG org.asynchttpclient.netty.handler.HttpHandler - 

Request DefaultFullHttpRequest(decodeResult: success, version: HTTP/1.1, content: EmptyByteBufBE)
GET /session/2fe59093f6b26a860c34f445a5ebd31e/element/a17234cc-5867-4352-9c65-5927b3fe96e9/name HTTP/1.1
User-Agent: selenium/4.1.2 (java windows)
Cache-Control: no-cache
Content-Type: application/json; charset=utf-8
host: localhost:54486
accept: */*

Response DefaultHttpResponse(decodeResult: success, version: HTTP/1.1)
HTTP/1.1 200 OK
Content-Type: application/json; charset=utf-8
cache-control: no-cache
content-length: 16

18:12:15.445 [AsyncHttpClient-1-5] DEBUG org.asynchttpclient.netty.channel.ChannelManager - Adding key: http://localhost:54486 for channel [id: 0xd5aa693a, L:/127.0.0.1:51619 - R:localhost/127.0.0.1:54486]
18:12:15.448 [Forwarding findElement on session 2fe59093f6b26a860c34f445a5ebd31e to remote] DEBUG org.asynchttpclient.netty.request.NettyRequestSender - Using pooled Channel '[id: 0xd5aa693a, L:/127.0.0.1:51619 - R:localhost/127.0.0.1:54486]' for 'POST' to 'http://localhost:54486/session/2fe59093f6b26a860c34f445a5ebd31e/element'
18:12:15.448 [Forwarding findElement on session 2fe59093f6b26a860c34f445a5ebd31e to remote] DEBUG org.asynchttpclient.netty.request.NettyRequestSender - Using open Channel [id: 0xd5aa693a, L:/127.0.0.1:51619 - R:localhost/127.0.0.1:54486] for POST '/session/2fe59093f6b26a860c34f445a5ebd31e/element'
18:12:15.456 [AsyncHttpClient-1-5] DEBUG org.asynchttpclient.netty.handler.HttpHandler - 

Request DefaultHttpRequest(decodeResult: success, version: HTTP/1.1)
[...]
18:13:30.398 [Forwarding isElementEnabled on session 3b4928dbf0f90917dd6ca3617cf3f6cb to remote] DEBUG org.asynchttpclient.netty.request.NettyRequestSender - Using open Channel [id: 0x718f7d3a, L:/127.0.0.1:55167 - R:localhost/127.0.0.1:52293] for GET '/session/3b4928dbf0f90917dd6ca3617cf3f6cb/element/d4eefdd6-fb51-4aba-8c47-d9cbeb4012d2/enabled'
18:13:30.405 [AsyncHttpClient-1-2] DEBUG org.asynchttpclient.netty.handler.HttpHandler - 

Request DefaultFullHttpRequest(decodeResult: success, version: HTTP/1.1, content: EmptyByteBufBE)
GET /session/3b4928dbf0f90917dd6ca3617cf3f6cb/element/d4eefdd6-fb51-4aba-8c47-d9cbeb4012d2/enabled HTTP/1.1
User-Agent: selenium/4.1.2 (java windows)
Cache-Control: no-cache
Content-Type: application/json; charset=utf-8
host: localhost:52293
accept: */*

Response DefaultHttpResponse(decodeResult: success, version: HTTP/1.1)
HTTP/1.1 200 OK
Content-Type: application/json; charset=utf-8
cache-control: no-cache
content-length: 14

18:13:30.405 [AsyncHttpClient-1-2] DEBUG org.asynchttpclient.netty.channel.ChannelManager - Adding key: http://localhost:52293 for channel [id: 0x718f7d3a, L:/127.0.0.1:55167 - R:localhost/127.0.0.1:52293]
18:13:30.406 [Forwarding isElementEnabled on session 3b4928dbf0f90917dd6ca3617cf3f6cb to remote] DEBUG org.asynchttpclient.netty.request.NettyRequestSender - Using pooled Channel '[id: 0x718f7d3a, L:/127.0.0.1:55167 - R:localhost/127.0.0.1:52293]' for 'GET' to 'http://localhost:52293/session/3b4928dbf0f90917dd6ca3617cf3f6cb/element/d4eefdd6-fb51-4aba-8c47-d9cbeb4012d2/enabled'
18:13:30.406 [Forwarding isElementEnabled on session 3b4928dbf0f90917dd6ca3617cf3f6cb to remote] DEBUG org.asynchttpclient.netty.request.NettyRequestSender - Using open Channel [id: 0x718f7d3a, L:/127.0.0.1:55167 - R:localhost/127.0.0.1:52293] for GET '/session/3b4928dbf0f90917dd6ca3617cf3f6cb/element/d4eefdd6-fb51-4aba-8c47-d9cbeb4012d2/enabled'
18:13:30.411 [AsyncHttpClient-1-2] DEBUG org.asynchttpclient.netty.handler.HttpHandler - 

Request DefaultFullHttpRequest(decodeResult: success, version: HTTP/1.1, content: EmptyByteBufBE)
GET /session/3b4928dbf0f90917dd6ca3617cf3f6cb/element/d4eefdd6-fb51-4aba-8c47-d9cbeb4012d2/enabled HTTP/1.1
User-Agent: selenium/4.1.2 (java windows)
Cache-Control: no-cache
Content-Type: application/json; charset=utf-8
host: localhost:52293
accept: */*

Response DefaultHttpResponse(decodeResult: success, version: HTTP/1.1)
HTTP/1.1 200 OK
Content-Type: application/json; charset=utf-8
cache-control: no-cache
content-length: 14

18:13:30.411 [AsyncHttpClient-1-2] DEBUG org.asynchttpclient.netty.channel.ChannelManager - Adding key: http://localhost:52293 for channel [id: 0x718f7d3a, L:/127.0.0.1:55167 - R:localhost/127.0.0.1:52293]
18:13:30.412 [Forwarding findElement on session 3b4928dbf0f90917dd6ca3617cf3f6cb to remote] DEBUG org.asynchttpclient.netty.request.NettyRequestSender - Using pooled Channel '[id: 0x718f7d3a, L:/127.0.0.1:55167 - R:localhost/127.0.0.1:52293]' for 'POST' to 'http://localhost:52293/session/3b4928dbf0f90917dd6ca3617cf3f6cb/element'
18:13:30.412 [Forwarding findElement on session 3b4928dbf0f90917dd6ca3617cf3f6cb to remote] DEBUG org.asynchttpclient.netty.request.NettyRequestSender - Using open Channel [id: 0x718f7d3a, L:/127.0.0.1:55167 - R:localhost/127.0.0.1:52293] for POST '/session/3b4928dbf0f90917dd6ca3617cf3f6cb/element'
18:13:30.420 [AsyncHttpClient-1-2] DEBUG org.asynchttpclient.netty.handler.HttpHandler - 

Request DefaultHttpRequest(decodeResult: success, version: HTTP/1.1)
POST /session/3b4928dbf0f90917dd6ca3617cf3f6cb/element HTTP/1.1
User-Agent: selenium/4.1.2 (java windows)
Content-Length: 142
Content-Type: application/json; charset=utf-8
host: localhost:52293
accept: */*

Response DefaultHttpResponse(decodeResult: success, version: HTTP/1.1)
HTTP/1.1 200 OK
Content-Type: application/json; charset=utf-8
cache-control: no-cache
content-length: 88

18:13:30.420 [AsyncHttpClient-1-2] DEBUG org.asynchttpclient.netty.channel.ChannelManager - Adding key: http://localhost:52293 for channel [id: 0x718f7d3a, L:/127.0.0.1:55167 - R:localhost/127.0.0.1:52293]
18:13:30.421 [Forwarding clickElement on session 3b4928dbf0f90917dd6ca3617cf3f6cb to remote] DEBUG org.asynchttpclient.netty.request.NettyRequestSender - Using pooled Channel '[id: 0x718f7d3a, L:/127.0.0.1:55167 - R:localhost/127.0.0.1:52293]' for 'POST' to 'http://localhost:52293/session/3b4928dbf0f90917dd6ca3617cf3f6cb/element/d4eefdd6-fb51-4aba-8c47-d9cbeb4012d2/click'
18:13:30.421 [Forwarding clickElement on session 3b4928dbf0f90917dd6ca3617cf3f6cb to remote] DEBUG org.asynchttpclient.netty.request.NettyRequestSender - Using open Channel [id: 0x718f7d3a, L:/127.0.0.1:55167 - R:localhost/127.0.0.1:52293] for POST '/session/3b4928dbf0f90917dd6ca3617cf3f6cb/element/d4eefdd6-fb51-4aba-8c47-d9cbeb4012d2/click'
18:13:30.462 [AsyncHttpClient-1-2] DEBUG org.asynchttpclient.netty.handler.HttpHandler - 

Request DefaultHttpRequest(decodeResult: success, version: HTTP/1.1)
POST /session/3b4928dbf0f90917dd6ca3617cf3f6cb/element/d4eefdd6-fb51-4aba-8c47-d9cbeb4012d2/click HTTP/1.1
User-Agent: selenium/4.1.2 (java windows)
Content-Length: 50
Content-Type: application/json; charset=utf-8
host: localhost:52293
accept: */*

Response DefaultHttpResponse(decodeResult: success, version: HTTP/1.1)
HTTP/1.1 200 OK
Content-Type: application/json; charset=utf-8
cache-control: no-cache
content-length: 14

18:13:30.462 [AsyncHttpClient-1-2] DEBUG org.asynchttpclient.netty.channel.ChannelManager - Adding key: http://localhost:52293 for channel [id: 0x718f7d3a, L:/127.0.0.1:55167 - R:localhost/127.0.0.1:52293]
  &amp#27;[32mAnd &amp#27;[0m&amp#27;[32mI click submit register button&amp#27;[0m           &amp#27;[90m# starter.stepdefinitions.RegisterStep.iClickSubmitRegisterButton()&amp#27;[0m
18:13:30.466 [Forwarding screenshot on session 3b4928dbf0f90917dd6ca3617cf3f6cb to remote] DEBUG org.asynchttpclient.netty.request.NettyRequestSender - Using pooled Channel '[id: 0x718f7d3a, L:/127.0.0.1:55167 - R:localhost/127.0.0.1:52293]' for 'GET' to 'http://localhost:52293/session/3b4928dbf0f90917dd6ca3617cf3f6cb/screenshot'
18:13:30.466 [Forwarding screenshot on session 3b4928dbf0f90917dd6ca3617cf3f6cb to remote] DEBUG org.asynchttpclient.netty.request.NettyRequestSender - Using open Channel [id: 0x718f7d3a, L:/127.0.0.1:55167 - R:localhost/127.0.0.1:52293] for GET '/session/3b4928dbf0f90917dd6ca3617cf3f6cb/screenshot'
18:13:30.640 [AsyncHttpClient-1-2] DEBUG org.asynchttpclient.netty.handler.HttpHandler - 

Request DefaultFullHttpRequest(decodeResult: success, version: HTTP/1.1, content: EmptyByteBufBE)
GET /session/3b4928dbf0f90917dd6ca3617cf3f6cb/screenshot HTTP/1.1
User-Agent: selenium/4.1.2 (java windows)
Cache-Control: no-cache
Content-Type: application/json; charset=utf-8
host: localhost:52293
accept: */*

Response DefaultHttpResponse(decodeResult: success, version: HTTP/1.1)
HTTP/1.1 200 OK
Content-Type: application/json; charset=utf-8
cache-control: no-cache
content-length: 29720

18:13:30.640 [AsyncHttpClient-1-2] DEBUG org.asynchttpclient.netty.channel.ChannelManager - Adding key: http://localhost:52293 for channel [id: 0x718f7d3a, L:/127.0.0.1:55167 - R:localhost/127.0.0.1:52293]
18:13:30.642 [main] DEBUG net.serenitybdd.core.photography.Darkroom - Send negative for processing for target\site\serenity\637ffd149c8e77d044c8995548f858e1443ece75c5ccd5de35a9bd7bb42f7a9e.png
18:13:30.642 [Darkroom Processing Line] DEBUG net.serenitybdd.core.photography.DarkroomProcessingLine - Processing screenshot image in /var/screenshots/screenshot-8434490000694609645
18:13:30.642 [Darkroom Processing Line] DEBUG net.serenitybdd.core.photography.DarkroomProcessingLine - Saving screenshot to target\site\serenity\637ffd149c8e77d044c8995548f858e1443ece75c5ccd5de35a9bd7bb42f7a9e.png
18:13:30.647 [Forwarding findElement on session 3b4928dbf0f90917dd6ca3617cf3f6cb to remote] DEBUG org.asynchttpclient.netty.request.NettyRequestSender - Using pooled Channel '[id: 0x718f7d3a, L:/127.0.0.1:55167 - R:localhost/127.0.0.1:52293]' for 'POST' to 'http://localhost:52293/session/3b4928dbf0f90917dd6ca3617cf3f6cb/element'
18:13:30.647 [Forwarding findElement on session 3b4928dbf0f90917dd6ca3617cf3f6cb to remote] DEBUG org.asynchttpclient.netty.request.NettyRequestSender - Using open Channel [id: 0x718f7d3a, L:/127.0.0.1:55167 - R:localhost/127.0.0.1:52293] for POST '/session/3b4928dbf0f90917dd6ca3617cf3f6cb/element'
18:13:31.275 [AsyncHttpClient-1-1] DEBUG org.asynchttpclient.netty.channel.DefaultChannelPool - Entry count for : http://localhost:55168 : 1
18:13:32.041 [AsyncHttpClient-1-2] DEBUG org.asynchttpclient.netty.handler.HttpHandler - 

Request DefaultHttpRequest(decodeResult: success, version: HTTP/1.1)
POST /session/3b4928dbf0f90917dd6ca3617cf3f6cb/element HTTP/1.1
User-Agent: selenium/4.1.2 (java windows)
Content-Length: 140
Content-Type: application/json; charset=utf-8
host: localhost:52293
accept: */*

Response DefaultHttpResponse(decodeResult: success, version: HTTP/1.1)
HTTP/1.1 200 OK
Content-Type: application/json; charset=utf-8
cache-control: no-cache
content-length: 88

18:13:32.041 [AsyncHttpClient-1-2] DEBUG org.asynchttpclient.netty.channel.ChannelManager - Adding key: http://localhost:52293 for channel [id: 0x718f7d3a, L:/127.0.0.1:55167 - R:localhost/127.0.0.1:52293]
18:13:32.045 [Forwarding isElementDisplayed on session 3b4928dbf0f90917dd6ca3617cf3f6cb to remote] DEBUG org.asynchttpclient.netty.request.NettyRequestSender - Using pooled Channel '[id: 0x718f7d3a, L:/127.0.0.1:55167 - R:localhost/127.0.0.1:52293]' for 'POST' to 'http://localhost:52293/session/3b4928dbf0f90917dd6ca3617cf3f6cb/execute/sync'
18:13:32.045 [Forwarding isElementDisplayed on session 3b4928dbf0f90917dd6ca3617cf3f6cb to remote] DEBUG org.asynchttpclient.netty.request.NettyRequestSender - Using open Channel [id: 0x718f7d3a, L:/127.0.0.1:55167 - R:localhost/127.0.0.1:52293] for POST '/session/3b4928dbf0f90917dd6ca3617cf3f6cb/execute/sync'
18:13:32.073 [AsyncHttpClient-1-2] DEBUG org.asynchttpclient.netty.handler.HttpHandler - 

Request DefaultHttpRequest(decodeResult: success, version: HTTP/1.1)
POST /session/3b4928dbf0f90917dd6ca3617cf3f6cb/execute/sync HTTP/1.1
User-Agent: selenium/4.1.2 (java windows)
Content-Length: 48780
Content-Type: application/json; charset=utf-8
host: localhost:52293
accept: */*

Response DefaultHttpResponse(decodeResult: success, version: HTTP/1.1)
HTTP/1.1 200 OK
Content-Type: application/json; charset=utf-8
cache-control: no-cache
content-length: 14

18:13:32.073 [AsyncHttpClient-1-2] DEBUG org.asynchttpclient.netty.channel.ChannelManager - Adding key: http://localhost:52293 for channel [id: 0x718f7d3a, L:/127.0.0.1:55167 - R:localhost/127.0.0.1:52293]
  &amp#27;[32mThen &amp#27;[0m&amp#27;[32mI will get the result register &amp#27;[0m&amp#27;[32m&amp#27;[1m"failed"&amp#27;[0m &amp#27;[90m# starter.stepdefinitions.RegisterStep.iWillGetTheResultRegister(java.lang.String)&amp#27;[0m
18:13:32.080 [Forwarding screenshot on session 3b4928dbf0f90917dd6ca3617cf3f6cb to remote] DEBUG org.asynchttpclient.netty.request.NettyRequestSender - Using pooled Channel '[id: 0x718f7d3a, L:/127.0.0.1:55167 - R:localhost/127.0.0.1:52293]' for 'GET' to 'http://localhost:52293/session/3b4928dbf0f90917dd6ca3617cf3f6cb/screenshot'
18:13:32.080 [Forwarding screenshot on session 3b4928dbf0f90917dd6ca3617cf3f6cb to remote] DEBUG org.asynchttpclient.netty.request.NettyRequestSender - Using open Channel [id: 0x718f7d3a, L:/127.0.0.1:55167 - R:localhost/127.0.0.1:52293] for GET '/session/3b4928dbf0f90917dd6ca3617cf3f6cb/screenshot'
18:13:32.227 [AsyncHttpClient-1-2] DEBUG org.asynchttpclient.netty.handler.HttpHandler - 

Request DefaultFullHttpRequest(decodeResult: success, version: HTTP/1.1, content: EmptyByteBufBE)
GET /session/3b4928dbf0f90917dd6ca3617cf3f6cb/screenshot HTTP/1.1
User-Agent: selenium/4.1.2 (java windows)
Cache-Control: no-cache
Content-Type: application/json; charset=utf-8
host: localhost:52293
accept: */*

Response DefaultHttpResponse(decodeResult: success, version: HTTP/1.1)
HTTP/1.1 200 OK
Content-Type: application/json; charset=utf-8
cache-control: no-cache
content-length: 31164

18:13:32.227 [AsyncHttpClient-1-2] DEBUG org.asynchttpclient.netty.channel.ChannelManager - Adding key: http://localhost:52293 for channel [id: 0x718f7d3a, L:/127.0.0.1:55167 - R:localhost/127.0.0.1:52293]
18:13:32.230 [main] DEBUG net.serenitybdd.core.photography.Darkroom - Send negative for processing for target\site\serenity\36440dcac262f175286aafe2a35ce01a951fa56c08af3abefa24b1d44e237c04.png
18:13:32.231 [Darkroom Processing Line] DEBUG net.serenitybdd.core.photography.DarkroomProcessingLine - Processing screenshot image in /var/screenshots/screenshot-18309946238759908488
18:13:32.231 [Darkroom Processing Line] DEBUG net.serenitybdd.core.photography.DarkroomProcessingLine - Saving screenshot to target\site\serenity\36440dcac262f175286aafe2a35ce01a951fa56c08af3abefa24b1d44e237c04.png
18:13:32.240 [AsyncHttpClient-1-4] DEBUG org.asynchttpclient.netty.handler.WebSocketHandler - Channel Closed: [id: 0x799bae11, L:/127.0.0.1:55175 ! R:localhost/127.0.0.1:55168] with attribute NettyResponseFuture{currentRetry=5,
	isDone=1,
	isCancelled=0,
	asyncHandler=org.asynchttpclient.ws.WebSocketUpgradeHandler@76a44609,
	nettyRequest=org.asynchttpclient.netty.request.NettyRequest@7dedee64,
	future=java.util.concurrent.CompletableFuture@7e3d6e0c[Completed normally],
	uri=ws://localhost:55168/devtools/browser/32bd1c4a-6884-48fe-8d45-45e9117048fa,
	keepAlive=true,
	redirectCount=0,
	timeoutsHolder=null,
	inAuth=0,
	touch=1667042008859}
18:13:32.240 [AsyncHttpClient-1-4] DEBUG org.asynchttpclient.netty.channel.ChannelManager - Closing Channel [id: 0x799bae11, L:/127.0.0.1:55175 ! R:localhost/127.0.0.1:55168] 
18:13:32.240 [Driver Command Executor] DEBUG org.asynchttpclient.netty.request.NettyRequestSender - Using pooled Channel '[id: 0x718f7d3a, L:/127.0.0.1:55167 - R:localhost/127.0.0.1:52293]' for 'DELETE' to 'http://localhost:52293/session/3b4928dbf0f90917dd6ca3617cf3f6cb'
18:13:32.240 [Driver Command Executor] DEBUG org.asynchttpclient.netty.request.NettyRequestSender - Using open Channel [id: 0x718f7d3a, L:/127.0.0.1:55167 - R:localhost/127.0.0.1:52293] for DELETE '/session/3b4928dbf0f90917dd6ca3617cf3f6cb'
18:13:32.290 [AsyncHttpClient-1-3] DEBUG org.asynchttpclient.netty.handler.HttpHandler - Unexpected I/O exception on channel [id: 0x4e59a3cd, L:/127.0.0.1:55174 - R:localhost/127.0.0.1:55168]
java.net.SocketException: Connection reset
	at java.base/sun.nio.ch.SocketChannelImpl.throwConnectionReset(SocketChannelImpl.java:345)
	at java.base/sun.nio.ch.SocketChannelImpl.read(SocketChannelImpl.java:376)
	at io.netty.buffer.PooledByteBuf.setBytes(PooledByteBuf.java:258)
	at io.netty.buffer.AbstractByteBuf.writeBytes(AbstractByteBuf.java:1132)
	at io.netty.channel.socket.nio.NioSocketChannel.doReadBytes(NioSocketChannel.java:350)
	at io.netty.channel.nio.AbstractNioByteChannel$NioByteUnsafe.read(AbstractNioByteChannel.java:151)
	at io.netty.channel.nio.NioEventLoop.processSelectedKey(NioEventLoop.java:722)
	at io.netty.channel.nio.NioEventLoop.processSelectedKeysOptimized(NioEventLoop.java:658)
	at io.netty.channel.nio.NioEventLoop.processSelectedKeys(NioEventLoop.java:584)
	at io.netty.channel.nio.NioEventLoop.run(NioEventLoop.java:496)
	at io.netty.util.concurrent.SingleThreadEventExecutor$4.run(SingleThreadEventExecutor.java:986)
	at io.netty.util.internal.ThreadExecutorMap$2.run(ThreadExecutorMap.java:74)
	at io.netty.util.concurrent.FastThreadLocalRunnable.run(FastThreadLocalRunnable.java:30)
	at java.base/java.lang.Thread.run(Thread.java:830)
18:13:32.290 [AsyncHttpClient-1-3] DEBUG org.asynchttpclient.netty.channel.ChannelManager - Closing Channel [id: 0x4e59a3cd, L:/127.0.0.1:55174 - R:localhost/127.0.0.1:55168] 
18:13:32.290 [AsyncHttpClient-1-3] DEBUG org.asynchttpclient.netty.handler.HttpHandler - Channel Closed: [id: 0x4e59a3cd, L:/127.0.0.1:55174 ! R:localhost/127.0.0.1:55168] with attribute DISCARD
18:13:32.303 [AsyncHttpClient-1-2] DEBUG org.asynchttpclient.netty.handler.HttpHandler - 

Request DefaultFullHttpRequest(decodeResult: success, version: HTTP/1.1, content: EmptyByteBufBE)
DELETE /session/3b4928dbf0f90917dd6ca3617cf3f6cb HTTP/1.1
User-Agent: selenium/4.1.2 (java windows)
Content-Type: application/json; charset=utf-8
host: localhost:52293
accept: */*

Response DefaultHttpResponse(decodeResult: success, version: HTTP/1.1)
HTTP/1.1 200 OK
Content-Type: application/json; charset=utf-8
cache-control: no-cache
content-length: 14

18:13:32.303 [AsyncHttpClient-1-2] DEBUG org.asynchttpclient.netty.channel.ChannelManager - Adding key: http://localhost:52293 for channel [id: 0x718f7d3a, L:/127.0.0.1:55167 - R:localhost/127.0.0.1:52293]
18:13:32.360 [AsyncHttpClient-1-2] DEBUG org.asynchttpclient.netty.handler.HttpHandler - Channel Closed: [id: 0x718f7d3a, L:/127.0.0.1:55167 ! R:localhost/127.0.0.1:52293] with attribute DISCARD
18:13:32.375 [AsyncHttpClient-1-1] DEBUG org.asynchttpclient.netty.channel.DefaultChannelPool - Entry count for : http://localhost:52293 : 1
18:13:32.375 [AsyncHttpClient-1-1] DEBUG org.asynchttpclient.netty.channel.DefaultChannelPool - Entry count for : http://localhost:55168 : 1
18:13:32.375 [AsyncHttpClient-1-1] DEBUG org.asynchttpclient.netty.channel.DefaultChannelPool - Adding Candidate expired Channel [id: 0x718f7d3a, L:/127.0.0.1:55167 ! R:localhost/127.0.0.1:52293] isIdleTimeoutExpired=false isRemotelyClosed=true isTtlExpired=false
18:13:32.375 [AsyncHttpClient-1-1] DEBUG org.asynchttpclient.netty.channel.DefaultChannelPool - Closing Idle Channel [id: 0x718f7d3a, L:/127.0.0.1:55167 ! R:localhost/127.0.0.1:52293]
18:13:32.375 [AsyncHttpClient-1-1] DEBUG org.asynchttpclient.netty.channel.DefaultChannelPool - Adding Candidate expired Channel [id: 0x4e59a3cd, L:/127.0.0.1:55174 ! R:localhost/127.0.0.1:55168] isIdleTimeoutExpired=false isRemotelyClosed=true isTtlExpired=false
18:13:32.375 [AsyncHttpClient-1-1] DEBUG org.asynchttpclient.netty.channel.DefaultChannelPool - Closing Idle Channel [id: 0x4e59a3cd, L:/127.0.0.1:55174 ! R:localhost/127.0.0.1:55168]
18:13:32.375 [AsyncHttpClient-1-1] DEBUG org.asynchttpclient.netty.channel.DefaultChannelPool - Closed 2 connections out of 2 in 0 ms
]]></system-out>
    <system-err><![CDATA[Starting ChromeDriver 105.0.5195.52 (412c95e518836d8a7d97250d62b29c2ae6a26a85-refs/branch-heads/5195@{#853}) on port 52293
Only local connections are allowed.
Please see https://chromedriver.chromium.org/security-considerations for suggestions on keeping ChromeDriver safe.
ChromeDriver was started successfully.
[1667042008.818][WARNING]: This version of ChromeDriver has not been tested with Chrome version 106.
Okt 29, 2022 6:13:28 PM org.openqa.selenium.remote.ProtocolHandshake createSession
INFO: Detected dialect: W3C
Okt 29, 2022 6:13:28 PM org.openqa.selenium.devtools.CdpVersionFinder findNearestMatch
WARNING: Unable to find an exact match for CDP version 106, so returning the closest version found: a no-op implementation
Okt 29, 2022 6:13:28 PM org.openqa.selenium.devtools.CdpVersionFinder findNearestMatch
INFO: Unable to find CDP implementation matching 106.
Okt 29, 2022 6:13:28 PM org.openqa.selenium.chromium.ChromiumDriver lambda$new$3
WARNING: Unable to find version of CDP to use for . You may need to include a dependency on a specific version of the CDP using something similar to `org.seleniumhq.selenium:selenium-devtools-v86:4.1.2` where the version ("v86") matches the version of the chromium-based browser you're using and the version number of the artifact is the same as Selenium's.
]]></system-err>
  </testcase>
</testsuite>